<?xml version="1.0" encoding="UTF-8"?>
<coverage generated="1511429131506" clover="3.2.0">
  <project timestamp="1511429131506" name="All files">
    <metrics statements="308" coveredstatements="224" conditionals="90" coveredconditionals="39" methods="134" coveredmethods="96" elements="532" coveredelements="359" complexity="0" loc="308" ncloc="308" packages="14" files="41" classes="41">
      <package name="actions">
        <metrics statements="68" coveredstatements="43" conditionals="12" coveredconditionals="6" methods="42" coveredmethods="26"/>
        <file name="actionTypes.js" path="/Users/andeladeveloper/repositories/PostIt/client/src/actions/actionTypes.js">
          <metrics statements="12" coveredstatements="12" conditionals="0" coveredconditionals="0" methods="0" coveredmethods="0"/>
          <line num="1" count="22" type="stmt"/>
          <line num="2" count="22" type="stmt"/>
          <line num="3" count="22" type="stmt"/>
          <line num="4" count="22" type="stmt"/>
          <line num="5" count="22" type="stmt"/>
          <line num="6" count="22" type="stmt"/>
          <line num="7" count="22" type="stmt"/>
          <line num="8" count="22" type="stmt"/>
          <line num="9" count="22" type="stmt"/>
          <line num="10" count="22" type="stmt"/>
          <line num="11" count="22" type="stmt"/>
          <line num="12" count="22" type="stmt"/>
        </file>
        <file name="groupAction.js" path="/Users/andeladeveloper/repositories/PostIt/client/src/actions/groupAction.js">
          <metrics statements="16" coveredstatements="10" conditionals="2" coveredconditionals="1" methods="12" coveredmethods="9"/>
          <line num="15" count="3" type="stmt"/>
          <line num="31" count="2" type="stmt"/>
          <line num="32" count="2" type="stmt"/>
          <line num="34" count="2" type="stmt"/>
          <line num="36" count="0" type="stmt"/>
          <line num="51" count="1" type="stmt"/>
          <line num="52" count="1" type="stmt"/>
          <line num="54" count="1" type="stmt"/>
          <line num="55" count="1" type="stmt"/>
          <line num="56" count="0" type="stmt"/>
          <line num="59" count="1" type="cond" truecount="1" falsecount="1"/>
          <line num="60" count="0" type="stmt"/>
          <line num="74" count="1" type="stmt"/>
          <line num="88" count="0" type="stmt"/>
          <line num="89" count="0" type="stmt"/>
          <line num="90" count="0" type="stmt"/>
        </file>
        <file name="messageAction.js" path="/Users/andeladeveloper/repositories/PostIt/client/src/actions/messageAction.js">
          <metrics statements="10" coveredstatements="8" conditionals="0" coveredconditionals="0" methods="10" coveredmethods="8"/>
          <line num="13" count="1" type="stmt"/>
          <line num="27" count="3" type="stmt"/>
          <line num="41" count="2" type="stmt"/>
          <line num="42" count="2" type="stmt"/>
          <line num="44" count="2" type="stmt"/>
          <line num="46" count="0" type="stmt"/>
          <line num="59" count="1" type="stmt"/>
          <line num="60" count="1" type="stmt"/>
          <line num="62" count="1" type="stmt"/>
          <line num="64" count="0" type="stmt"/>
        </file>
        <file name="resetPasswordAction.js" path="/Users/andeladeveloper/repositories/PostIt/client/src/actions/resetPasswordAction.js">
          <metrics statements="15" coveredstatements="0" conditionals="4" coveredconditionals="0" methods="10" coveredmethods="0"/>
          <line num="14" count="0" type="stmt"/>
          <line num="29" count="0" type="stmt"/>
          <line num="30" count="0" type="stmt"/>
          <line num="33" count="0" type="stmt"/>
          <line num="34" count="0" type="stmt"/>
          <line num="37" count="0" type="cond" truecount="0" falsecount="2"/>
          <line num="38" count="0" type="stmt"/>
          <line num="50" count="0" type="stmt"/>
          <line num="66" count="0" type="stmt"/>
          <line num="67" count="0" type="stmt"/>
          <line num="70" count="0" type="stmt"/>
          <line num="71" count="0" type="stmt"/>
          <line num="72" count="0" type="stmt"/>
          <line num="75" count="0" type="cond" truecount="0" falsecount="2"/>
          <line num="76" count="0" type="stmt"/>
        </file>
        <file name="searchAction.js" path="/Users/andeladeveloper/repositories/PostIt/client/src/actions/searchAction.js">
          <metrics statements="7" coveredstatements="6" conditionals="4" coveredconditionals="4" methods="5" coveredmethods="4"/>
          <line num="11" count="2" type="stmt"/>
          <line num="27" count="1" type="cond" truecount="2" falsecount="0"/>
          <line num="28" count="1" type="cond" truecount="2" falsecount="0"/>
          <line num="29" count="1" type="stmt"/>
          <line num="30" count="1" type="stmt"/>
          <line num="32" count="1" type="stmt"/>
          <line num="34" count="0" type="stmt"/>
        </file>
        <file name="userAction.js" path="/Users/andeladeveloper/repositories/PostIt/client/src/actions/userAction.js">
          <metrics statements="8" coveredstatements="7" conditionals="2" coveredconditionals="1" methods="5" coveredmethods="5"/>
          <line num="11" count="2" type="stmt"/>
          <line num="26" count="1" type="stmt"/>
          <line num="27" count="1" type="stmt"/>
          <line num="29" count="1" type="stmt"/>
          <line num="30" count="1" type="stmt"/>
          <line num="31" count="1" type="stmt"/>
          <line num="34" count="1" type="cond" truecount="1" falsecount="1"/>
          <line num="35" count="0" type="stmt"/>
        </file>
      </package>
      <package name="actions.auth">
        <metrics statements="25" coveredstatements="18" conditionals="2" coveredconditionals="0" methods="13" coveredmethods="9"/>
        <file name="signinAction.js" path="/Users/andeladeveloper/repositories/PostIt/client/src/actions/auth/signinAction.js">
          <metrics statements="15" coveredstatements="9" conditionals="2" coveredconditionals="0" methods="8" coveredmethods="5"/>
          <line num="15" count="2" type="stmt"/>
          <line num="28" count="2" type="stmt"/>
          <line num="42" count="1" type="stmt"/>
          <line num="43" count="1" type="stmt"/>
          <line num="45" count="1" type="stmt"/>
          <line num="46" count="1" type="stmt"/>
          <line num="47" count="1" type="stmt"/>
          <line num="48" count="1" type="stmt"/>
          <line num="49" count="1" type="stmt"/>
          <line num="52" count="0" type="cond" truecount="0" falsecount="2"/>
          <line num="53" count="0" type="stmt"/>
          <line num="65" count="0" type="stmt"/>
          <line num="66" count="0" type="stmt"/>
          <line num="67" count="0" type="stmt"/>
          <line num="68" count="0" type="stmt"/>
        </file>
        <file name="signupAction.js" path="/Users/andeladeveloper/repositories/PostIt/client/src/actions/auth/signupAction.js">
          <metrics statements="10" coveredstatements="9" conditionals="0" coveredconditionals="0" methods="5" coveredmethods="4"/>
          <line num="16" count="2" type="stmt"/>
          <line num="30" count="1" type="stmt"/>
          <line num="31" count="1" type="stmt"/>
          <line num="33" count="1" type="stmt"/>
          <line num="34" count="1" type="stmt"/>
          <line num="35" count="1" type="stmt"/>
          <line num="36" count="1" type="stmt"/>
          <line num="37" count="1" type="stmt"/>
          <line num="38" count="1" type="stmt"/>
          <line num="40" count="0" type="stmt"/>
        </file>
      </package>
      <package name="components">
        <metrics statements="7" coveredstatements="7" conditionals="0" coveredconditionals="0" methods="5" coveredmethods="5"/>
        <file name="AccountPage.jsx" path="/Users/andeladeveloper/repositories/PostIt/client/src/components/AccountPage.jsx">
          <metrics statements="2" coveredstatements="2" conditionals="0" coveredconditionals="0" methods="2" coveredmethods="2"/>
          <line num="17" count="1" type="stmt"/>
          <line num="26" count="1" type="stmt"/>
        </file>
        <file name="Footer.jsx" path="/Users/andeladeveloper/repositories/PostIt/client/src/components/Footer.jsx">
          <metrics statements="2" coveredstatements="2" conditionals="0" coveredconditionals="0" methods="1" coveredmethods="1"/>
          <line num="5" count="2" type="stmt"/>
          <line num="6" count="1" type="stmt"/>
        </file>
        <file name="IndexPage.jsx" path="/Users/andeladeveloper/repositories/PostIt/client/src/components/IndexPage.jsx">
          <metrics statements="3" coveredstatements="3" conditionals="0" coveredconditionals="0" methods="2" coveredmethods="2"/>
          <line num="19" count="1" type="stmt"/>
          <line num="20" count="1" type="stmt"/>
          <line num="28" count="1" type="stmt"/>
        </file>
      </package>
      <package name="components.Common">
        <metrics statements="4" coveredstatements="4" conditionals="0" coveredconditionals="0" methods="1" coveredmethods="1"/>
        <file name="InputField.jsx" path="/Users/andeladeveloper/repositories/PostIt/client/src/components/Common/InputField.jsx">
          <metrics statements="4" coveredstatements="4" conditionals="0" coveredconditionals="0" methods="1" coveredmethods="1"/>
          <line num="12" count="9" type="stmt"/>
          <line num="15" count="40" type="stmt"/>
          <line num="30" count="9" type="stmt"/>
          <line num="43" count="9" type="stmt"/>
        </file>
      </package>
      <package name="components.Dashboard">
        <metrics statements="22" coveredstatements="22" conditionals="4" coveredconditionals="4" methods="10" coveredmethods="8"/>
        <file name="Dashboard.jsx" path="/Users/andeladeveloper/repositories/PostIt/client/src/components/Dashboard/Dashboard.jsx">
          <metrics statements="2" coveredstatements="2" conditionals="4" coveredconditionals="4" methods="2" coveredmethods="1"/>
          <line num="18" count="2" type="stmt"/>
          <line num="37" count="1" type="stmt"/>
        </file>
        <file name="Sidebar.jsx" path="/Users/andeladeveloper/repositories/PostIt/client/src/components/Dashboard/Sidebar.jsx">
          <metrics statements="20" coveredstatements="20" conditionals="0" coveredconditionals="0" methods="8" coveredmethods="7"/>
          <line num="27" count="1" type="stmt"/>
          <line num="28" count="1" type="stmt"/>
          <line num="33" count="1" type="stmt"/>
          <line num="34" count="1" type="stmt"/>
          <line num="35" count="1" type="stmt"/>
          <line num="36" count="1" type="stmt"/>
          <line num="47" count="1" type="stmt"/>
          <line num="48" count="1" type="stmt"/>
          <line num="49" count="1" type="stmt"/>
          <line num="64" count="1" type="stmt"/>
          <line num="65" count="1" type="stmt"/>
          <line num="66" count="1" type="stmt"/>
          <line num="85" count="1" type="stmt"/>
          <line num="86" count="1" type="stmt"/>
          <line num="101" count="1" type="stmt"/>
          <line num="118" count="1" type="stmt"/>
          <line num="119" count="1" type="stmt"/>
          <line num="129" count="3" type="stmt"/>
          <line num="144" count="2" type="stmt"/>
          <line num="148" count="2" type="stmt"/>
        </file>
      </package>
      <package name="components.Dashboard.Group">
        <metrics statements="9" coveredstatements="9" conditionals="4" coveredconditionals="3" methods="5" coveredmethods="5"/>
        <file name="Group.jsx" path="/Users/andeladeveloper/repositories/PostIt/client/src/components/Dashboard/Group/Group.jsx">
          <metrics statements="4" coveredstatements="4" conditionals="2" coveredconditionals="2" methods="2" coveredmethods="2"/>
          <line num="13" count="2" type="stmt"/>
          <line num="14" count="3" type="stmt"/>
          <line num="29" count="3" type="cond" truecount="2" falsecount="0"/>
          <line num="99" count="2" type="stmt"/>
        </file>
        <file name="GroupDescription.jsx" path="/Users/andeladeveloper/repositories/PostIt/client/src/components/Dashboard/Group/GroupDescription.jsx">
          <metrics statements="2" coveredstatements="2" conditionals="0" coveredconditionals="0" methods="1" coveredmethods="1"/>
          <line num="3" count="3" type="stmt"/>
          <line num="4" count="1" type="stmt"/>
        </file>
        <file name="GroupList.jsx" path="/Users/andeladeveloper/repositories/PostIt/client/src/components/Dashboard/Group/GroupList.jsx">
          <metrics statements="3" coveredstatements="3" conditionals="2" coveredconditionals="1" methods="2" coveredmethods="2"/>
          <line num="12" count="3" type="stmt"/>
          <line num="13" count="4" type="stmt"/>
          <line num="21" count="1" type="stmt"/>
        </file>
      </package>
      <package name="components.Dashboard.Message">
        <metrics statements="19" coveredstatements="19" conditionals="2" coveredconditionals="2" methods="9" coveredmethods="8"/>
        <file name="MessageBoard.jsx" path="/Users/andeladeveloper/repositories/PostIt/client/src/components/Dashboard/Message/MessageBoard.jsx">
          <metrics statements="3" coveredstatements="3" conditionals="2" coveredconditionals="2" methods="2" coveredmethods="2"/>
          <line num="10" count="2" type="stmt"/>
          <line num="11" count="5" type="stmt"/>
          <line num="17" count="10" type="stmt"/>
        </file>
        <file name="PostMessage.jsx" path="/Users/andeladeveloper/repositories/PostIt/client/src/components/Dashboard/Message/PostMessage.jsx">
          <metrics statements="3" coveredstatements="3" conditionals="0" coveredconditionals="0" methods="1" coveredmethods="1"/>
          <line num="12" count="2" type="stmt"/>
          <line num="13" count="5" type="stmt"/>
          <line num="67" count="2" type="stmt"/>
        </file>
        <file name="PostMessageContainer.jsx" path="/Users/andeladeveloper/repositories/PostIt/client/src/components/Dashboard/Message/PostMessageContainer.jsx">
          <metrics statements="13" coveredstatements="13" conditionals="0" coveredconditionals="0" methods="6" coveredmethods="5"/>
          <line num="24" count="1" type="stmt"/>
          <line num="25" count="1" type="stmt"/>
          <line num="29" count="1" type="stmt"/>
          <line num="30" count="1" type="stmt"/>
          <line num="31" count="1" type="stmt"/>
          <line num="46" count="1" type="stmt"/>
          <line num="62" count="1" type="stmt"/>
          <line num="79" count="1" type="stmt"/>
          <line num="80" count="1" type="stmt"/>
          <line num="81" count="1" type="stmt"/>
          <line num="82" count="1" type="stmt"/>
          <line num="95" count="5" type="stmt"/>
          <line num="108" count="2" type="stmt"/>
        </file>
      </package>
      <package name="components.Dashboard.Users">
        <metrics statements="23" coveredstatements="13" conditionals="4" coveredconditionals="1" methods="11" coveredmethods="4"/>
        <file name="AddUsers.jsx" path="/Users/andeladeveloper/repositories/PostIt/client/src/components/Dashboard/Users/AddUsers.jsx">
          <metrics statements="3" coveredstatements="2" conditionals="2" coveredconditionals="1" methods="2" coveredmethods="1"/>
          <line num="11" count="3" type="stmt"/>
          <line num="12" count="2" type="stmt"/>
          <line num="31" count="0" type="cond" truecount="1" falsecount="1"/>
        </file>
        <file name="AddUsersContainer.jsx" path="/Users/andeladeveloper/repositories/PostIt/client/src/components/Dashboard/Users/AddUsersContainer.jsx">
          <metrics statements="20" coveredstatements="11" conditionals="2" coveredconditionals="0" methods="9" coveredmethods="3"/>
          <line num="24" count="1" type="stmt"/>
          <line num="25" count="1" type="stmt"/>
          <line num="30" count="1" type="stmt"/>
          <line num="31" count="1" type="stmt"/>
          <line num="32" count="1" type="stmt"/>
          <line num="33" count="1" type="stmt"/>
          <line num="49" count="0" type="stmt"/>
          <line num="50" count="0" type="cond" truecount="0" falsecount="2"/>
          <line num="51" count="0" type="stmt"/>
          <line num="66" count="0" type="stmt"/>
          <line num="68" count="0" type="stmt"/>
          <line num="83" count="1" type="stmt"/>
          <line num="86" count="1" type="stmt"/>
          <line num="87" count="1" type="stmt"/>
          <line num="102" count="0" type="stmt"/>
          <line num="103" count="0" type="stmt"/>
          <line num="104" count="0" type="stmt"/>
          <line num="107" count="0" type="stmt"/>
          <line num="118" count="1" type="stmt"/>
          <line num="130" count="2" type="stmt"/>
        </file>
      </package>
      <package name="components.Header">
        <metrics statements="7" coveredstatements="7" conditionals="6" coveredconditionals="6" methods="5" coveredmethods="3"/>
        <file name="AuthNavBar.jsx" path="/Users/andeladeveloper/repositories/PostIt/client/src/components/Header/AuthNavBar.jsx">
          <metrics statements="2" coveredstatements="2" conditionals="2" coveredconditionals="2" methods="2" coveredmethods="1"/>
          <line num="18" count="1" type="stmt"/>
          <line num="45" count="2" type="stmt"/>
        </file>
        <file name="NavBar.jsx" path="/Users/andeladeveloper/repositories/PostIt/client/src/components/Header/NavBar.jsx">
          <metrics statements="2" coveredstatements="2" conditionals="0" coveredconditionals="0" methods="1" coveredmethods="1"/>
          <line num="12" count="2" type="stmt"/>
          <line num="13" count="1" type="stmt"/>
        </file>
        <file name="index.jsx" path="/Users/andeladeveloper/repositories/PostIt/client/src/components/Header/index.jsx">
          <metrics statements="3" coveredstatements="3" conditionals="4" coveredconditionals="4" methods="2" coveredmethods="1"/>
          <line num="17" count="1" type="stmt"/>
          <line num="18" count="2" type="stmt"/>
          <line num="27" count="1" type="stmt"/>
        </file>
      </package>
      <package name="components.ResetPassword">
        <metrics statements="23" coveredstatements="23" conditionals="0" coveredconditionals="0" methods="10" coveredmethods="10"/>
        <file name="ForgotPassword.jsx" path="/Users/andeladeveloper/repositories/PostIt/client/src/components/ResetPassword/ForgotPassword.jsx">
          <metrics statements="2" coveredstatements="2" conditionals="0" coveredconditionals="0" methods="1" coveredmethods="1"/>
          <line num="11" count="1" type="stmt"/>
          <line num="12" count="4" type="stmt"/>
        </file>
        <file name="ForgotPasswordContainer.jsx" path="/Users/andeladeveloper/repositories/PostIt/client/src/components/ResetPassword/ForgotPasswordContainer.jsx">
          <metrics statements="10" coveredstatements="10" conditionals="0" coveredconditionals="0" methods="4" coveredmethods="4"/>
          <line num="24" count="1" type="stmt"/>
          <line num="25" count="1" type="stmt"/>
          <line num="29" count="1" type="stmt"/>
          <line num="30" count="1" type="stmt"/>
          <line num="45" count="1" type="stmt"/>
          <line num="46" count="1" type="stmt"/>
          <line num="47" count="1" type="stmt"/>
          <line num="64" count="1" type="stmt"/>
          <line num="65" count="1" type="stmt"/>
          <line num="77" count="4" type="stmt"/>
        </file>
        <file name="ResetPassword.jsx" path="/Users/andeladeveloper/repositories/PostIt/client/src/components/ResetPassword/ResetPassword.jsx">
          <metrics statements="2" coveredstatements="2" conditionals="0" coveredconditionals="0" methods="1" coveredmethods="1"/>
          <line num="11" count="1" type="stmt"/>
          <line num="12" count="3" type="stmt"/>
        </file>
        <file name="ResetPasswordContainer.jsx" path="/Users/andeladeveloper/repositories/PostIt/client/src/components/ResetPassword/ResetPasswordContainer.jsx">
          <metrics statements="9" coveredstatements="9" conditionals="0" coveredconditionals="0" methods="4" coveredmethods="4"/>
          <line num="24" count="1" type="stmt"/>
          <line num="25" count="1" type="stmt"/>
          <line num="30" count="1" type="stmt"/>
          <line num="31" count="1" type="stmt"/>
          <line num="46" count="1" type="stmt"/>
          <line num="62" count="1" type="stmt"/>
          <line num="63" count="1" type="stmt"/>
          <line num="64" count="1" type="stmt"/>
          <line num="72" count="3" type="stmt"/>
        </file>
      </package>
      <package name="components.Signin">
        <metrics statements="30" coveredstatements="15" conditionals="10" coveredconditionals="0" methods="7" coveredmethods="5"/>
        <file name="Signin.jsx" path="/Users/andeladeveloper/repositories/PostIt/client/src/components/Signin/Signin.jsx">
          <metrics statements="3" coveredstatements="3" conditionals="0" coveredconditionals="0" methods="1" coveredmethods="1"/>
          <line num="13" count="2" type="stmt"/>
          <line num="14" count="3" type="stmt"/>
          <line num="69" count="2" type="stmt"/>
        </file>
        <file name="SigninContainer.jsx" path="/Users/andeladeveloper/repositories/PostIt/client/src/components/Signin/SigninContainer.jsx">
          <metrics statements="27" coveredstatements="12" conditionals="10" coveredconditionals="0" methods="6" coveredmethods="4"/>
          <line num="23" count="1" type="stmt"/>
          <line num="24" count="1" type="stmt"/>
          <line num="29" count="1" type="stmt"/>
          <line num="30" count="1" type="stmt"/>
          <line num="31" count="1" type="stmt"/>
          <line num="32" count="1" type="stmt"/>
          <line num="44" count="0" type="stmt"/>
          <line num="45" count="0" type="cond" truecount="0" falsecount="3"/>
          <line num="47" count="0" type="stmt"/>
          <line num="50" count="0" type="stmt"/>
          <line num="52" count="0" type="stmt"/>
          <line num="55" count="0" type="stmt"/>
          <line num="68" count="0" type="stmt"/>
          <line num="69" count="0" type="stmt"/>
          <line num="70" count="0" type="cond" truecount="0" falsecount="3"/>
          <line num="72" count="0" type="cond" truecount="0" falsecount="2"/>
          <line num="73" count="0" type="stmt"/>
          <line num="77" count="0" type="stmt"/>
          <line num="79" count="0" type="cond" truecount="0" falsecount="2"/>
          <line num="80" count="0" type="stmt"/>
          <line num="84" count="0" type="stmt"/>
          <line num="100" count="1" type="stmt"/>
          <line num="101" count="1" type="stmt"/>
          <line num="117" count="1" type="stmt"/>
          <line num="118" count="1" type="stmt"/>
          <line num="126" count="3" type="stmt"/>
          <line num="138" count="2" type="stmt"/>
        </file>
      </package>
      <package name="components.Signup">
        <metrics statements="27" coveredstatements="14" conditionals="10" coveredconditionals="0" methods="7" coveredmethods="5"/>
        <file name="Signup.jsx" path="/Users/andeladeveloper/repositories/PostIt/client/src/components/Signup/Signup.jsx">
          <metrics statements="3" coveredstatements="3" conditionals="0" coveredconditionals="0" methods="1" coveredmethods="1"/>
          <line num="12" count="2" type="stmt"/>
          <line num="13" count="3" type="stmt"/>
          <line num="96" count="2" type="stmt"/>
        </file>
        <file name="SignupContainer.jsx" path="/Users/andeladeveloper/repositories/PostIt/client/src/components/Signup/SignupContainer.jsx">
          <metrics statements="24" coveredstatements="11" conditionals="10" coveredconditionals="0" methods="6" coveredmethods="4"/>
          <line num="24" count="1" type="stmt"/>
          <line num="25" count="1" type="stmt"/>
          <line num="34" count="1" type="stmt"/>
          <line num="35" count="1" type="stmt"/>
          <line num="36" count="1" type="stmt"/>
          <line num="37" count="1" type="stmt"/>
          <line num="48" count="0" type="stmt"/>
          <line num="61" count="0" type="stmt"/>
          <line num="62" count="0" type="stmt"/>
          <line num="63" count="0" type="stmt"/>
          <line num="64" count="0" type="stmt"/>
          <line num="65" count="0" type="stmt"/>
          <line num="67" count="0" type="cond" truecount="0" falsecount="4"/>
          <line num="68" count="0" type="stmt"/>
          <line num="71" count="0" type="cond" truecount="0" falsecount="4"/>
          <line num="72" count="0" type="stmt"/>
          <line num="75" count="0" type="cond" truecount="0" falsecount="2"/>
          <line num="76" count="0" type="stmt"/>
          <line num="79" count="0" type="stmt"/>
          <line num="94" count="1" type="stmt"/>
          <line num="108" count="1" type="stmt"/>
          <line num="109" count="1" type="stmt"/>
          <line num="117" count="3" type="stmt"/>
          <line num="129" count="2" type="stmt"/>
        </file>
      </package>
      <package name="reducers">
        <metrics statements="41" coveredstatements="28" conditionals="34" coveredconditionals="16" methods="8" coveredmethods="6"/>
        <file name="authReducer.js" path="/Users/andeladeveloper/repositories/PostIt/client/src/reducers/authReducer.js">
          <metrics statements="5" coveredstatements="5" conditionals="5" coveredconditionals="3" methods="1" coveredmethods="1"/>
          <line num="3" count="1" type="stmt"/>
          <line num="16" count="3" type="cond" truecount="3" falsecount="0"/>
          <line num="18" count="1" type="stmt"/>
          <line num="23" count="1" type="stmt"/>
          <line num="28" count="1" type="stmt"/>
        </file>
        <file name="groupReducer.js" path="/Users/andeladeveloper/repositories/PostIt/client/src/reducers/groupReducer.js">
          <metrics statements="5" coveredstatements="5" conditionals="5" coveredconditionals="3" methods="1" coveredmethods="1"/>
          <line num="3" count="1" type="stmt"/>
          <line num="15" count="3" type="cond" truecount="3" falsecount="0"/>
          <line num="17" count="1" type="stmt"/>
          <line num="20" count="1" type="stmt"/>
          <line num="23" count="1" type="stmt"/>
        </file>
        <file name="messageReducer.js" path="/Users/andeladeveloper/repositories/PostIt/client/src/reducers/messageReducer.js">
          <metrics statements="5" coveredstatements="5" conditionals="5" coveredconditionals="3" methods="1" coveredmethods="1"/>
          <line num="3" count="1" type="stmt"/>
          <line num="16" count="3" type="cond" truecount="3" falsecount="0"/>
          <line num="18" count="1" type="stmt"/>
          <line num="20" count="1" type="stmt"/>
          <line num="22" count="1" type="stmt"/>
        </file>
        <file name="resetPasswordReducer.js" path="/Users/andeladeveloper/repositories/PostIt/client/src/reducers/resetPasswordReducer.js">
          <metrics statements="5" coveredstatements="5" conditionals="5" coveredconditionals="3" methods="1" coveredmethods="1"/>
          <line num="3" count="1" type="stmt"/>
          <line num="18" count="3" type="cond" truecount="3" falsecount="0"/>
          <line num="20" count="1" type="stmt"/>
          <line num="25" count="1" type="stmt"/>
          <line num="29" count="1" type="stmt"/>
        </file>
        <file name="rootReducer.js" path="/Users/andeladeveloper/repositories/PostIt/client/src/reducers/rootReducer.js">
          <metrics statements="13" coveredstatements="0" conditionals="6" coveredconditionals="0" methods="2" coveredmethods="0"/>
          <line num="1" count="0" type="stmt"/>
          <line num="2" count="0" type="stmt"/>
          <line num="3" count="0" type="stmt"/>
          <line num="4" count="0" type="stmt"/>
          <line num="5" count="0" type="stmt"/>
          <line num="6" count="0" type="stmt"/>
          <line num="7" count="0" type="cond" truecount="0" falsecount="4"/>
          <line num="9" count="0" type="stmt"/>
          <line num="18" count="0" type="stmt"/>
          <line num="19" count="0" type="cond" truecount="0" falsecount="2"/>
          <line num="20" count="0" type="stmt"/>
          <line num="22" count="0" type="stmt"/>
          <line num="23" count="0" type="stmt"/>
        </file>
        <file name="searchReducer.js" path="/Users/andeladeveloper/repositories/PostIt/client/src/reducers/searchReducer.js">
          <metrics statements="4" coveredstatements="4" conditionals="4" coveredconditionals="2" methods="1" coveredmethods="1"/>
          <line num="3" count="1" type="stmt"/>
          <line num="15" count="2" type="cond" truecount="2" falsecount="0"/>
          <line num="17" count="1" type="stmt"/>
          <line num="19" count="1" type="stmt"/>
        </file>
        <file name="userReducer.js" path="/Users/andeladeveloper/repositories/PostIt/client/src/reducers/userReducer.js">
          <metrics statements="4" coveredstatements="4" conditionals="4" coveredconditionals="2" methods="1" coveredmethods="1"/>
          <line num="3" count="1" type="stmt"/>
          <line num="16" count="2" type="cond" truecount="2" falsecount="0"/>
          <line num="18" count="1" type="stmt"/>
          <line num="20" count="1" type="stmt"/>
        </file>
      </package>
      <package name="utils">
        <metrics statements="3" coveredstatements="2" conditionals="2" coveredconditionals="1" methods="1" coveredmethods="1"/>
        <file name="setAuthorizationToken.js" path="/Users/andeladeveloper/repositories/PostIt/client/src/utils/setAuthorizationToken.js">
          <metrics statements="3" coveredstatements="2" conditionals="2" coveredconditionals="1" methods="1" coveredmethods="1"/>
          <line num="10" count="2" type="cond" truecount="1" falsecount="1"/>
          <line num="11" count="2" type="stmt"/>
          <line num="13" count="0" type="stmt"/>
        </file>
      </package>
    </metrics>
  </project>
</coverage>
