{"C:\\Users\\Mba\\version-control\\postit\\index.js":{"path":"C:\\Users\\Mba\\version-control\\postit\\index.js","s":{"1":1,"2":1,"3":1,"4":1,"5":1,"6":1,"7":1,"8":1,"9":1},"b":{},"f":{},"fnMap":{},"statementMap":{"1":{"start":{"line":2,"column":0},"end":{"line":2,"column":35}},"2":{"start":{"line":3,"column":0},"end":{"line":3,"column":42}},"3":{"start":{"line":4,"column":0},"end":{"line":4,"column":33}},"4":{"start":{"line":7,"column":0},"end":{"line":7,"column":22}},"5":{"start":{"line":10,"column":0},"end":{"line":10,"column":23}},"6":{"start":{"line":13,"column":0},"end":{"line":13,"column":27}},"7":{"start":{"line":14,"column":0},"end":{"line":14,"column":52}},"8":{"start":{"line":17,"column":0},"end":{"line":17,"column":32}},"9":{"start":{"line":24,"column":0},"end":{"line":24,"column":21}}},"branchMap":{}},"C:\\Users\\Mba\\version-control\\postit\\server\\routes\\index.js":{"path":"C:\\Users\\Mba\\version-control\\postit\\server\\routes\\index.js","s":{"1":1,"2":1,"3":1,"4":1,"5":1,"6":1,"7":1,"8":1,"9":1,"10":1,"11":1,"12":1,"13":1,"14":1,"15":1,"16":1,"17":1},"b":{},"f":{},"fnMap":{},"statementMap":{"1":{"start":{"line":1,"column":0},"end":{"line":1,"column":54}},"2":{"start":{"line":2,"column":0},"end":{"line":2,"column":56}},"3":{"start":{"line":3,"column":0},"end":{"line":3,"column":64}},"4":{"start":{"line":4,"column":0},"end":{"line":4,"column":60}},"5":{"start":{"line":5,"column":0},"end":{"line":5,"column":59}},"6":{"start":{"line":7,"column":0},"end":{"line":34,"column":2}},"7":{"start":{"line":8,"column":2},"end":{"line":10,"column":6}},"8":{"start":{"line":8,"column":29},"end":{"line":10,"column":4}},"9":{"start":{"line":12,"column":2},"end":{"line":14,"column":6}},"10":{"start":{"line":12,"column":32},"end":{"line":14,"column":4}},"11":{"start":{"line":17,"column":2},"end":{"line":17,"column":44}},"12":{"start":{"line":20,"column":2},"end":{"line":20,"column":44}},"13":{"start":{"line":22,"column":2},"end":{"line":22,"column":39}},"14":{"start":{"line":24,"column":2},"end":{"line":24,"column":39}},"15":{"start":{"line":27,"column":2},"end":{"line":27,"column":58}},"16":{"start":{"line":30,"column":2},"end":{"line":30,"column":59}},"17":{"start":{"line":33,"column":2},"end":{"line":33,"column":61}}},"branchMap":{}},"C:\\Users\\Mba\\version-control\\postit\\server\\controllers\\userController.js":{"path":"C:\\Users\\Mba\\version-control\\postit\\server\\controllers\\userController.js","s":{"1":1,"2":1,"3":1,"4":1,"5":1,"6":1,"7":0,"8":0,"9":0,"10":0,"11":0,"12":0,"13":0,"14":0,"15":0,"16":0,"17":0,"18":0,"19":0,"20":0,"21":0,"22":0,"23":0,"24":0,"25":0,"26":0,"27":0,"28":0,"29":0,"30":0,"31":0,"32":0},"b":{"1":[1,0],"2":[0,0],"3":[0,0],"4":[0,0],"5":[0,0],"6":[0,0]},"f":{"1":1,"2":0},"fnMap":{"1":{"name":"(anonymous_1)","line":6,"loc":{"start":{"line":6,"column":8},"end":{"line":6,"column":19}}},"2":{"name":"(anonymous_2)","line":51,"loc":{"start":{"line":51,"column":8},"end":{"line":51,"column":19}}}},"statementMap":{"1":{"start":{"line":1,"column":0},"end":{"line":1,"column":39}},"2":{"start":{"line":2,"column":0},"end":{"line":2,"column":36}},"3":{"start":{"line":3,"column":0},"end":{"line":3,"column":40}},"4":{"start":{"line":5,"column":0},"end":{"line":74,"column":2}},"5":{"start":{"line":7,"column":4},"end":{"line":13,"column":5}},"6":{"start":{"line":8,"column":6},"end":{"line":8,"column":46}},"7":{"start":{"line":9,"column":11},"end":{"line":13,"column":5}},"8":{"start":{"line":10,"column":6},"end":{"line":10,"column":43}},"9":{"start":{"line":11,"column":11},"end":{"line":13,"column":5}},"10":{"start":{"line":12,"column":6},"end":{"line":12,"column":46}},"11":{"start":{"line":14,"column":4},"end":{"line":48,"column":49}},"12":{"start":{"line":22,"column":6},"end":{"line":22,"column":25}},"13":{"start":{"line":23,"column":6},"end":{"line":23,"column":37}},"14":{"start":{"line":24,"column":6},"end":{"line":24,"column":31}},"15":{"start":{"line":25,"column":6},"end":{"line":25,"column":39}},"16":{"start":{"line":26,"column":6},"end":{"line":26,"column":37}},"17":{"start":{"line":27,"column":6},"end":{"line":27,"column":39}},"18":{"start":{"line":28,"column":6},"end":{"line":39,"column":7}},"19":{"start":{"line":29,"column":8},"end":{"line":37,"column":10}},"20":{"start":{"line":38,"column":8},"end":{"line":38,"column":42}},"21":{"start":{"line":40,"column":6},"end":{"line":45,"column":8}},"22":{"start":{"line":46,"column":6},"end":{"line":46,"column":40}},"23":{"start":{"line":48,"column":20},"end":{"line":48,"column":47}},"24":{"start":{"line":53,"column":4},"end":{"line":72,"column":32}},"25":{"start":{"line":55,"column":5},"end":{"line":57,"column":6}},"26":{"start":{"line":56,"column":7},"end":{"line":56,"column":43}},"27":{"start":{"line":59,"column":5},"end":{"line":59,"column":82}},"28":{"start":{"line":60,"column":5},"end":{"line":62,"column":6}},"29":{"start":{"line":61,"column":7},"end":{"line":61,"column":47}},"30":{"start":{"line":63,"column":5},"end":{"line":65,"column":8}},"31":{"start":{"line":66,"column":5},"end":{"line":70,"column":8}},"32":{"start":{"line":72,"column":17},"end":{"line":72,"column":30}}},"branchMap":{"1":{"line":7,"type":"if","locations":[{"start":{"line":7,"column":4},"end":{"line":7,"column":4}},{"start":{"line":7,"column":4},"end":{"line":7,"column":4}}]},"2":{"line":9,"type":"if","locations":[{"start":{"line":9,"column":11},"end":{"line":9,"column":11}},{"start":{"line":9,"column":11},"end":{"line":9,"column":11}}]},"3":{"line":11,"type":"if","locations":[{"start":{"line":11,"column":11},"end":{"line":11,"column":11}},{"start":{"line":11,"column":11},"end":{"line":11,"column":11}}]},"4":{"line":28,"type":"if","locations":[{"start":{"line":28,"column":6},"end":{"line":28,"column":6}},{"start":{"line":28,"column":6},"end":{"line":28,"column":6}}]},"5":{"line":55,"type":"if","locations":[{"start":{"line":55,"column":5},"end":{"line":55,"column":5}},{"start":{"line":55,"column":5},"end":{"line":55,"column":5}}]},"6":{"line":60,"type":"if","locations":[{"start":{"line":60,"column":5},"end":{"line":60,"column":5}},{"start":{"line":60,"column":5},"end":{"line":60,"column":5}}]}}},"C:\\Users\\Mba\\version-control\\postit\\server\\models\\index.js":{"path":"C:\\Users\\Mba\\version-control\\postit\\server\\models\\index.js","s":{"1":1,"2":1,"3":1,"4":1,"5":1,"6":1,"7":1,"8":1,"9":1,"10":0,"11":1,"12":1,"13":8,"14":7,"15":7,"16":1,"17":7,"18":0,"19":1,"20":1,"21":1},"b":{"1":[1,1],"2":[0,1],"3":[8,8,7],"4":[0,7]},"f":{},"fnMap":{},"statementMap":{"1":{"start":{"line":1,"column":0},"end":{"line":1,"column":25}},"2":{"start":{"line":2,"column":0},"end":{"line":2,"column":29}},"3":{"start":{"line":3,"column":0},"end":{"line":3,"column":39}},"4":{"start":{"line":5,"column":0},"end":{"line":5,"column":48}},"5":{"start":{"line":6,"column":0},"end":{"line":6,"column":50}},"6":{"start":{"line":7,"column":0},"end":{"line":7,"column":55}},"7":{"start":{"line":9,"column":0},"end":{"line":9,"column":14}},"8":{"start":{"line":10,"column":0},"end":{"line":10,"column":14}},"9":{"start":{"line":11,"column":0},"end":{"line":15,"column":1}},"10":{"start":{"line":12,"column":2},"end":{"line":12,"column":66}},"11":{"start":{"line":14,"column":2},"end":{"line":14,"column":87}},"12":{"start":{"line":17,"column":0},"end":{"line":23,"column":5}},"13":{"start":{"line":19,"column":18},"end":{"line":19,"column":96}},"14":{"start":{"line":21,"column":4},"end":{"line":21,"column":63}},"15":{"start":{"line":22,"column":4},"end":{"line":22,"column":27}},"16":{"start":{"line":25,"column":0},"end":{"line":29,"column":3}},"17":{"start":{"line":26,"column":2},"end":{"line":28,"column":3}},"18":{"start":{"line":27,"column":4},"end":{"line":27,"column":32}},"19":{"start":{"line":31,"column":0},"end":{"line":31,"column":25}},"20":{"start":{"line":32,"column":0},"end":{"line":32,"column":25}},"21":{"start":{"line":34,"column":0},"end":{"line":34,"column":20}}},"branchMap":{"1":{"line":6,"type":"binary-expr","locations":[{"start":{"line":6,"column":12},"end":{"line":6,"column":32}},{"start":{"line":6,"column":36},"end":{"line":6,"column":49}}]},"2":{"line":11,"type":"if","locations":[{"start":{"line":11,"column":0},"end":{"line":11,"column":0}},{"start":{"line":11,"column":0},"end":{"line":11,"column":0}}]},"3":{"line":19,"type":"binary-expr","locations":[{"start":{"line":19,"column":19},"end":{"line":19,"column":42}},{"start":{"line":19,"column":48},"end":{"line":19,"column":65}},{"start":{"line":19,"column":71},"end":{"line":19,"column":95}}]},"4":{"line":26,"type":"if","locations":[{"start":{"line":26,"column":2},"end":{"line":26,"column":2}},{"start":{"line":26,"column":2},"end":{"line":26,"column":2}}]}}},"C:\\Users\\Mba\\version-control\\postit\\server\\models\\deletedgroup.js":{"path":"C:\\Users\\Mba\\version-control\\postit\\server\\models\\deletedgroup.js","s":{"1":1,"2":1,"3":0,"4":1},"b":{},"f":{},"fnMap":{},"statementMap":{"1":{"start":{"line":1,"column":0},"end":{"line":17,"column":2}},"2":{"start":{"line":2,"column":2},"end":{"line":15,"column":5}},"3":{"start":{"line":10,"column":8},"end":{"line":12,"column":11}},"4":{"start":{"line":16,"column":2},"end":{"line":16,"column":22}}},"branchMap":{}},"C:\\Users\\Mba\\version-control\\postit\\server\\models\\deletedmessage.js":{"path":"C:\\Users\\Mba\\version-control\\postit\\server\\models\\deletedmessage.js","s":{"1":1,"2":1,"3":0,"4":1},"b":{},"f":{},"fnMap":{},"statementMap":{"1":{"start":{"line":1,"column":0},"end":{"line":17,"column":2}},"2":{"start":{"line":2,"column":2},"end":{"line":15,"column":5}},"3":{"start":{"line":10,"column":8},"end":{"line":12,"column":11}},"4":{"start":{"line":16,"column":2},"end":{"line":16,"column":24}}},"branchMap":{}},"C:\\Users\\Mba\\version-control\\postit\\server\\models\\group.js":{"path":"C:\\Users\\Mba\\version-control\\postit\\server\\models\\group.js","s":{"1":1,"2":1,"3":0,"4":0,"5":0,"6":1},"b":{},"f":{},"fnMap":{},"statementMap":{"1":{"start":{"line":1,"column":0},"end":{"line":29,"column":2}},"2":{"start":{"line":2,"column":2},"end":{"line":27,"column":5}},"3":{"start":{"line":16,"column":8},"end":{"line":18,"column":11}},"4":{"start":{"line":19,"column":8},"end":{"line":21,"column":11}},"5":{"start":{"line":22,"column":8},"end":{"line":24,"column":11}},"6":{"start":{"line":28,"column":2},"end":{"line":28,"column":15}}},"branchMap":{}},"C:\\Users\\Mba\\version-control\\postit\\server\\models\\message.js":{"path":"C:\\Users\\Mba\\version-control\\postit\\server\\models\\message.js","s":{"1":1,"2":1,"3":0,"4":0,"5":0,"6":0,"7":1},"b":{},"f":{},"fnMap":{},"statementMap":{"1":{"start":{"line":1,"column":0},"end":{"line":34,"column":2}},"2":{"start":{"line":2,"column":2},"end":{"line":32,"column":5}},"3":{"start":{"line":18,"column":8},"end":{"line":20,"column":11}},"4":{"start":{"line":21,"column":8},"end":{"line":23,"column":11}},"5":{"start":{"line":24,"column":8},"end":{"line":26,"column":11}},"6":{"start":{"line":27,"column":8},"end":{"line":29,"column":11}},"7":{"start":{"line":33,"column":2},"end":{"line":33,"column":17}}},"branchMap":{}},"C:\\Users\\Mba\\version-control\\postit\\server\\models\\readmessage.js":{"path":"C:\\Users\\Mba\\version-control\\postit\\server\\models\\readmessage.js","s":{"1":1,"2":1,"3":0,"4":1},"b":{},"f":{},"fnMap":{},"statementMap":{"1":{"start":{"line":1,"column":0},"end":{"line":17,"column":2}},"2":{"start":{"line":2,"column":2},"end":{"line":15,"column":5}},"3":{"start":{"line":10,"column":8},"end":{"line":12,"column":11}},"4":{"start":{"line":16,"column":2},"end":{"line":16,"column":21}}},"branchMap":{}},"C:\\Users\\Mba\\version-control\\postit\\server\\models\\user.js":{"path":"C:\\Users\\Mba\\version-control\\postit\\server\\models\\user.js","s":{"1":1,"2":1,"3":1,"4":0,"5":0,"6":0,"7":0,"8":1},"b":{},"f":{},"fnMap":{},"statementMap":{"1":{"start":{"line":1,"column":0},"end":{"line":1,"column":40}},"2":{"start":{"line":3,"column":0},"end":{"line":59,"column":2}},"3":{"start":{"line":4,"column":2},"end":{"line":57,"column":5}},"4":{"start":{"line":43,"column":8},"end":{"line":45,"column":11}},"5":{"start":{"line":46,"column":8},"end":{"line":48,"column":11}},"6":{"start":{"line":53,"column":8},"end":{"line":53,"column":44}},"7":{"start":{"line":54,"column":8},"end":{"line":54,"column":61}},"8":{"start":{"line":58,"column":2},"end":{"line":58,"column":14}}},"branchMap":{}},"C:\\Users\\Mba\\version-control\\postit\\server\\models\\usergroup.js":{"path":"C:\\Users\\Mba\\version-control\\postit\\server\\models\\usergroup.js","s":{"1":1,"2":1,"3":0,"4":0,"5":1},"b":{},"f":{},"fnMap":{},"statementMap":{"1":{"start":{"line":1,"column":0},"end":{"line":24,"column":2}},"2":{"start":{"line":2,"column":2},"end":{"line":22,"column":5}},"3":{"start":{"line":14,"column":8},"end":{"line":16,"column":11}},"4":{"start":{"line":17,"column":8},"end":{"line":19,"column":11}},"5":{"start":{"line":23,"column":2},"end":{"line":23,"column":19}}},"branchMap":{}},"C:\\Users\\Mba\\version-control\\postit\\server\\controllers\\groupController.js":{"path":"C:\\Users\\Mba\\version-control\\postit\\server\\controllers\\groupController.js","s":{"1":1,"2":1,"3":0,"4":0,"5":0,"6":0,"7":0,"8":0,"9":0,"10":0,"11":0,"12":0,"13":0},"b":{"1":[0,0],"2":[0,0]},"f":{"1":0},"fnMap":{"1":{"name":"(anonymous_1)","line":5,"loc":{"start":{"line":5,"column":8},"end":{"line":5,"column":19}}}},"statementMap":{"1":{"start":{"line":1,"column":0},"end":{"line":1,"column":41}},"2":{"start":{"line":3,"column":0},"end":{"line":31,"column":2}},"3":{"start":{"line":6,"column":4},"end":{"line":8,"column":5}},"4":{"start":{"line":7,"column":6},"end":{"line":7,"column":49}},"5":{"start":{"line":9,"column":4},"end":{"line":29,"column":49}},"6":{"start":{"line":13,"column":6},"end":{"line":13,"column":26}},"7":{"start":{"line":14,"column":6},"end":{"line":14,"column":40}},"8":{"start":{"line":15,"column":6},"end":{"line":15,"column":40}},"9":{"start":{"line":16,"column":6},"end":{"line":26,"column":7}},"10":{"start":{"line":17,"column":8},"end":{"line":24,"column":10}},"11":{"start":{"line":25,"column":8},"end":{"line":25,"column":42}},"12":{"start":{"line":27,"column":6},"end":{"line":27,"column":41}},"13":{"start":{"line":29,"column":20},"end":{"line":29,"column":47}}},"branchMap":{"1":{"line":6,"type":"if","locations":[{"start":{"line":6,"column":4},"end":{"line":6,"column":4}},{"start":{"line":6,"column":4},"end":{"line":6,"column":4}}]},"2":{"line":16,"type":"if","locations":[{"start":{"line":16,"column":6},"end":{"line":16,"column":6}},{"start":{"line":16,"column":6},"end":{"line":16,"column":6}}]}}},"C:\\Users\\Mba\\version-control\\postit\\server\\controllers\\usergroupController.js":{"path":"C:\\Users\\Mba\\version-control\\postit\\server\\controllers\\usergroupController.js","s":{"1":1,"2":1,"3":0,"4":0,"5":0,"6":0,"7":0},"b":{"1":[0,0]},"f":{"1":0},"fnMap":{"1":{"name":"(anonymous_1)","line":5,"loc":{"start":{"line":5,"column":8},"end":{"line":5,"column":19}}}},"statementMap":{"1":{"start":{"line":1,"column":0},"end":{"line":1,"column":49}},"2":{"start":{"line":3,"column":0},"end":{"line":18,"column":2}},"3":{"start":{"line":6,"column":4},"end":{"line":16,"column":49}},"4":{"start":{"line":11,"column":6},"end":{"line":13,"column":7}},"5":{"start":{"line":12,"column":8},"end":{"line":12,"column":47}},"6":{"start":{"line":14,"column":6},"end":{"line":14,"column":45}},"7":{"start":{"line":16,"column":20},"end":{"line":16,"column":47}}},"branchMap":{"1":{"line":11,"type":"if","locations":[{"start":{"line":11,"column":6},"end":{"line":11,"column":6}},{"start":{"line":11,"column":6},"end":{"line":11,"column":6}}]}}},"C:\\Users\\Mba\\version-control\\postit\\server\\controllers\\messageController.js":{"path":"C:\\Users\\Mba\\version-control\\postit\\server\\controllers\\messageController.js","s":{"1":1,"2":1,"3":0,"4":0,"5":0,"6":0,"7":0,"8":0,"9":0,"10":0,"11":0,"12":0},"b":{"1":[0,0],"2":[0,0],"3":[0,0]},"f":{"1":0,"2":0},"fnMap":{"1":{"name":"(anonymous_1)","line":6,"loc":{"start":{"line":6,"column":8},"end":{"line":6,"column":19}}},"2":{"name":"(anonymous_2)","line":25,"loc":{"start":{"line":25,"column":10},"end":{"line":25,"column":21}}}},"statementMap":{"1":{"start":{"line":2,"column":0},"end":{"line":2,"column":45}},"2":{"start":{"line":4,"column":0},"end":{"line":36,"column":2}},"3":{"start":{"line":7,"column":4},"end":{"line":9,"column":5}},"4":{"start":{"line":8,"column":6},"end":{"line":8,"column":49}},"5":{"start":{"line":10,"column":4},"end":{"line":21,"column":49}},"6":{"start":{"line":16,"column":6},"end":{"line":18,"column":7}},"7":{"start":{"line":17,"column":8},"end":{"line":17,"column":45}},"8":{"start":{"line":19,"column":6},"end":{"line":19,"column":43}},"9":{"start":{"line":21,"column":20},"end":{"line":21,"column":47}},"10":{"start":{"line":26,"column":4},"end":{"line":33,"column":49}},"11":{"start":{"line":31,"column":6},"end":{"line":31,"column":24}},"12":{"start":{"line":33,"column":20},"end":{"line":33,"column":47}}},"branchMap":{"1":{"line":7,"type":"if","locations":[{"start":{"line":7,"column":4},"end":{"line":7,"column":4}},{"start":{"line":7,"column":4},"end":{"line":7,"column":4}}]},"2":{"line":7,"type":"binary-expr","locations":[{"start":{"line":7,"column":8},"end":{"line":7,"column":25}},{"start":{"line":7,"column":29},"end":{"line":7,"column":46}}]},"3":{"line":16,"type":"if","locations":[{"start":{"line":16,"column":6},"end":{"line":16,"column":6}},{"start":{"line":16,"column":6},"end":{"line":16,"column":6}}]}}},"C:\\Users\\Mba\\version-control\\postit\\server\\middleware\\authenticate.js":{"path":"C:\\Users\\Mba\\version-control\\postit\\server\\middleware\\authenticate.js","s":{"1":1,"2":1,"3":1,"4":1,"5":0,"6":0,"7":0,"8":0,"9":0,"10":1},"b":{"1":[1,1,1],"2":[0,1],"3":[0,0]},"f":{"1":1},"fnMap":{"1":{"name":"(anonymous_1)","line":5,"loc":{"start":{"line":5,"column":16},"end":{"line":5,"column":33}}}},"statementMap":{"1":{"start":{"line":1,"column":0},"end":{"line":1,"column":36}},"2":{"start":{"line":3,"column":0},"end":{"line":24,"column":2}},"3":{"start":{"line":6,"column":4},"end":{"line":6,"column":85}},"4":{"start":{"line":7,"column":4},"end":{"line":22,"column":5}},"5":{"start":{"line":9,"column":6},"end":{"line":15,"column":9}},"6":{"start":{"line":10,"column":8},"end":{"line":12,"column":9}},"7":{"start":{"line":11,"column":10},"end":{"line":11,"column":43}},"8":{"start":{"line":13,"column":8},"end":{"line":13,"column":30}},"9":{"start":{"line":14,"column":8},"end":{"line":14,"column":15}},"10":{"start":{"line":18,"column":6},"end":{"line":21,"column":9}}},"branchMap":{"1":{"line":6,"type":"binary-expr","locations":[{"start":{"line":6,"column":18},"end":{"line":6,"column":47}},{"start":{"line":6,"column":51},"end":{"line":6,"column":65}},{"start":{"line":6,"column":69},"end":{"line":6,"column":84}}]},"2":{"line":7,"type":"if","locations":[{"start":{"line":7,"column":4},"end":{"line":7,"column":4}},{"start":{"line":7,"column":4},"end":{"line":7,"column":4}}]},"3":{"line":10,"type":"if","locations":[{"start":{"line":10,"column":8},"end":{"line":10,"column":8}},{"start":{"line":10,"column":8},"end":{"line":10,"column":8}}]}}}}