{"/Users/andeladeveloper/repositories/PostIt/index.js":{"path":"/Users/andeladeveloper/repositories/PostIt/index.js","s":{"1":1,"2":1,"3":1,"4":1,"5":1,"6":1,"7":1,"8":1,"9":1,"10":1,"11":1,"12":1,"13":1,"14":1,"15":1,"16":1,"17":1,"18":1,"19":1,"20":1,"21":1,"22":1,"23":1,"24":1,"25":11,"26":1,"27":1,"28":1,"29":0,"30":0,"31":0,"32":1,"33":1,"34":1,"35":1,"36":1,"37":1,"38":0,"39":1,"40":1,"41":1,"42":0,"43":1,"44":1},"b":{"1":[2,9],"2":[11,11],"3":[0,1],"4":[1,1]},"f":{"1":11,"2":0,"3":0},"fnMap":{"1":{"name":"_interopRequireDefault","line":0,"loc":{"start":{"line":0,"column":0},"end":{"line":0,"column":0}},"skip":true},"2":{"name":"(anonymous_2)","line":35,"loc":{"start":{"line":35,"column":13},"end":{"line":null,"column":null}}},"3":{"name":"(anonymous_3)","line":42,"loc":{"start":{"line":42,"column":13},"end":{"line":null,"column":null}}}},"statementMap":{"1":{"start":{"line":0,"column":0},"end":{"line":0,"column":0},"skip":true},"2":{"start":{"line":1,"column":0},"end":{"line":null,"column":null}},"3":{"start":{"line":0,"column":0},"end":{"line":0,"column":0},"skip":true},"4":{"start":{"line":2,"column":0},"end":{"line":null,"column":null}},"5":{"start":{"line":0,"column":0},"end":{"line":0,"column":0},"skip":true},"6":{"start":{"line":3,"column":0},"end":{"line":null,"column":null}},"7":{"start":{"line":0,"column":0},"end":{"line":0,"column":0},"skip":true},"8":{"start":{"line":4,"column":0},"end":{"line":null,"column":null}},"9":{"start":{"line":0,"column":0},"end":{"line":0,"column":0},"skip":true},"10":{"start":{"line":5,"column":0},"end":{"line":null,"column":null}},"11":{"start":{"line":0,"column":0},"end":{"line":0,"column":0},"skip":true},"12":{"start":{"line":6,"column":0},"end":{"line":null,"column":null}},"13":{"start":{"line":0,"column":0},"end":{"line":0,"column":0},"skip":true},"14":{"start":{"line":7,"column":0},"end":{"line":null,"column":null}},"15":{"start":{"line":0,"column":0},"end":{"line":0,"column":0},"skip":true},"16":{"start":{"line":8,"column":0},"end":{"line":null,"column":null}},"17":{"start":{"line":0,"column":0},"end":{"line":0,"column":0},"skip":true},"18":{"start":{"line":10,"column":0},"end":{"line":null,"column":null}},"19":{"start":{"line":0,"column":0},"end":{"line":0,"column":0},"skip":true},"20":{"start":{"line":11,"column":0},"end":{"line":null,"column":null}},"21":{"start":{"line":0,"column":0},"end":{"line":0,"column":0},"skip":true},"22":{"start":{"line":12,"column":0},"end":{"line":null,"column":null}},"23":{"start":{"line":0,"column":0},"end":{"line":0,"column":0},"skip":true},"24":{"start":{"line":0,"column":0},"end":{"line":0,"column":0},"skip":true},"25":{"start":{"line":0,"column":0},"end":{"line":0,"column":0},"skip":true},"26":{"start":{"line":14,"column":0},"end":{"line":null,"column":null}},"27":{"start":{"line":16,"column":0},"end":{"line":null,"column":null}},"28":{"start":{"line":19,"column":0},"end":{"line":null,"column":null}},"29":{"start":{"line":20,"column":8},"end":{"line":null,"column":null}},"30":{"start":{"line":21,"column":6},"end":{"line":null,"column":null}},"31":{"start":{"line":22,"column":6},"end":{"line":null,"column":null}},"32":{"start":{"line":26,"column":6},"end":{"line":null,"column":null}},"33":{"start":{"line":28,"column":0},"end":{"line":null,"column":null}},"34":{"start":{"line":29,"column":0},"end":{"line":null,"column":null}},"35":{"start":{"line":30,"column":0},"end":{"line":null,"column":null}},"36":{"start":{"line":31,"column":0},"end":{"line":null,"column":null}},"37":{"start":{"line":35,"column":0},"end":{"line":null,"column":null}},"38":{"start":{"line":35,"column":27},"end":{"line":null,"column":null}},"39":{"start":{"line":39,"column":0},"end":{"line":null,"column":null}},"40":{"start":{"line":40,"column":0},"end":{"line":null,"column":null}},"41":{"start":{"line":42,"column":0},"end":{"line":null,"column":null}},"42":{"start":{"line":42,"column":27},"end":{"line":null,"column":null}},"43":{"start":{"line":45,"column":0},"end":{"line":null,"column":null}},"44":{"start":{"line":47,"column":15},"end":{"line":null,"column":null}}},"branchMap":{"1":{"line":0,"type":"cond-expr","locations":[{"start":{"line":0,"column":0},"end":{"line":0,"column":0},"skip":true},{"start":{"line":0,"column":0},"end":{"line":0,"column":0},"skip":true}]},"2":{"line":0,"type":"binary-expr","locations":[{"start":{"line":0,"column":0},"end":{"line":0,"column":0},"skip":true},{"start":{"line":0,"column":0},"end":{"line":0,"column":0},"skip":true}]},"3":{"line":19,"type":"if","locations":[{"start":{"line":19,"column":0},"end":{"line":19,"column":0}},{"start":{"line":19,"column":0},"end":{"line":19,"column":0}}]},"4":{"line":45,"type":"binary-expr","locations":[{"start":{"line":45,"column":11},"end":{"line":45,"column":11}},{"start":{"line":45,"column":31},"end":{"line":45,"column":0}}]}}},"/Users/andeladeveloper/repositories/PostIt/server/routes/users.js":{"path":"/Users/andeladeveloper/repositories/PostIt/server/routes/users.js","s":{"1":1,"2":1,"3":1,"4":1,"5":1,"6":1,"7":1,"8":1,"9":1,"10":1,"11":1,"12":1,"13":1,"14":1,"15":6,"16":1,"17":1,"18":1,"19":1,"20":1,"21":1,"22":1,"23":1,"24":1,"25":1},"b":{"1":[5,1],"2":[6,6]},"f":{"1":6},"fnMap":{"1":{"name":"_interopRequireDefault","line":0,"loc":{"start":{"line":0,"column":0},"end":{"line":0,"column":0}},"skip":true}},"statementMap":{"1":{"start":{"line":0,"column":0},"end":{"line":0,"column":0},"skip":true},"2":{"start":{"line":1,"column":0},"end":{"line":null,"column":null}},"3":{"start":{"line":0,"column":0},"end":{"line":0,"column":0},"skip":true},"4":{"start":{"line":2,"column":0},"end":{"line":null,"column":null}},"5":{"start":{"line":0,"column":0},"end":{"line":0,"column":0},"skip":true},"6":{"start":{"line":3,"column":0},"end":{"line":null,"column":null}},"7":{"start":{"line":0,"column":0},"end":{"line":0,"column":0},"skip":true},"8":{"start":{"line":4,"column":0},"end":{"line":null,"column":null}},"9":{"start":{"line":0,"column":0},"end":{"line":0,"column":0},"skip":true},"10":{"start":{"line":5,"column":0},"end":{"line":null,"column":null}},"11":{"start":{"line":0,"column":0},"end":{"line":0,"column":0},"skip":true},"12":{"start":{"line":6,"column":0},"end":{"line":null,"column":null}},"13":{"start":{"line":0,"column":0},"end":{"line":0,"column":0},"skip":true},"14":{"start":{"line":0,"column":0},"end":{"line":0,"column":0},"skip":true},"15":{"start":{"line":0,"column":0},"end":{"line":0,"column":0},"skip":true},"16":{"start":{"line":8,"column":0},"end":{"line":null,"column":null}},"17":{"start":{"line":10,"column":0},"end":{"line":null,"column":null}},"18":{"start":{"line":13,"column":0},"end":{"line":null,"column":null}},"19":{"start":{"line":16,"column":0},"end":{"line":null,"column":null}},"20":{"start":{"line":19,"column":0},"end":{"line":null,"column":null}},"21":{"start":{"line":22,"column":0},"end":{"line":null,"column":null}},"22":{"start":{"line":23,"column":0},"end":{"line":null,"column":null}},"23":{"start":{"line":26,"column":0},"end":{"line":null,"column":null}},"24":{"start":{"line":27,"column":0},"end":{"line":null,"column":null}},"25":{"start":{"line":30,"column":15},"end":{"line":null,"column":null}}},"branchMap":{"1":{"line":0,"type":"cond-expr","locations":[{"start":{"line":0,"column":0},"end":{"line":0,"column":0},"skip":true},{"start":{"line":0,"column":0},"end":{"line":0,"column":0},"skip":true}]},"2":{"line":0,"type":"binary-expr","locations":[{"start":{"line":0,"column":0},"end":{"line":0,"column":0},"skip":true},{"start":{"line":0,"column":0},"end":{"line":0,"column":0},"skip":true}]}}},"/Users/andeladeveloper/repositories/PostIt/server/controllers/UserController.js":{"path":"/Users/andeladeveloper/repositories/PostIt/server/controllers/UserController.js","s":{"1":1,"2":1,"3":1,"4":1,"5":4,"6":4,"7":4,"8":4,"9":4,"10":4,"11":1,"12":1,"13":0,"14":1,"15":1,"16":1,"17":1,"18":1,"19":1,"20":1,"21":1,"22":1,"23":2,"24":1,"25":0,"26":0,"27":1,"28":1,"29":0,"30":1,"31":3,"32":3,"33":3,"34":3,"35":3,"36":3,"37":0,"38":10,"39":4,"40":6,"41":6,"42":1,"43":5,"44":5,"45":1,"46":4,"47":4,"48":0,"49":3,"50":0,"51":3,"52":3,"53":2,"54":1,"55":1,"56":0,"57":1,"58":1,"59":1,"60":0,"61":0,"62":0,"63":2,"64":1,"65":1,"66":1,"67":1,"68":1,"69":0,"70":1,"71":1},"b":{"1":[4,4],"2":[4,0],"3":[0,1],"4":[1,0],"5":[0,2],"6":[2,2],"7":[0,0],"8":[3,0],"9":[4,6],"10":[10,9,8,7],"11":[1,5],"12":[1,4],"13":[0,3],"14":[2,1],"15":[0,1],"16":[1,0],"17":[1,1],"18":[1,1],"19":[1,1]},"f":{"1":1,"2":1,"3":1,"4":2,"5":0,"6":1,"7":0,"8":3,"9":3,"10":0,"11":10,"12":6,"13":0,"14":3,"15":3,"16":1,"17":1,"18":0,"19":0,"20":2,"21":1,"22":0},"fnMap":{"1":{"name":"(anonymous_1)","line":0,"loc":{"start":{"line":0,"column":0},"end":{"line":0,"column":0}},"skip":true},"2":{"name":"defineProperties","line":0,"loc":{"start":{"line":0,"column":0},"end":{"line":0,"column":0}},"skip":true},"3":{"name":"(anonymous_3)","line":0,"loc":{"start":{"line":0,"column":0},"end":{"line":0,"column":0}},"skip":true},"4":{"name":"_interopRequireDefault","line":0,"loc":{"start":{"line":0,"column":0},"end":{"line":0,"column":0}},"skip":true},"5":{"name":"_classCallCheck","line":0,"loc":{"start":{"line":0,"column":0},"end":{"line":0,"column":0}},"skip":true},"6":{"name":"(anonymous_6)","line":0,"loc":{"start":{"line":0,"column":0},"end":{"line":0,"column":0}},"skip":true},"7":{"name":"UserClass","line":0,"loc":{"start":{"line":0,"column":0},"end":{"line":0,"column":0}},"skip":true},"8":{"name":"signUp","line":23,"loc":{"start":{"line":23,"column":16},"end":{"line":23,"column":26}}},"9":{"name":"(anonymous_9)","line":31,"loc":{"start":{"line":31,"column":12},"end":{"line":31,"column":29}}},"10":{"name":"(anonymous_10)","line":56,"loc":{"start":{"line":56,"column":13},"end":{"line":null,"column":null}}},"11":{"name":"signIn","line":71,"loc":{"start":{"line":71,"column":16},"end":{"line":71,"column":26}}},"12":{"name":"(anonymous_12)","line":84,"loc":{"start":{"line":84,"column":12},"end":{"line":84,"column":27}}},"13":{"name":"(anonymous_13)","line":109,"loc":{"start":{"line":109,"column":13},"end":{"line":null,"column":null}}},"14":{"name":"addUsers","line":122,"loc":{"start":{"line":122,"column":18},"end":{"line":122,"column":28}}},"15":{"name":"(anonymous_15)","line":132,"loc":{"start":{"line":132,"column":12},"end":{"line":132,"column":28}}},"16":{"name":"(anonymous_16)","line":142,"loc":{"start":{"line":142,"column":14},"end":{"line":142,"column":29}}},"17":{"name":"(anonymous_17)","line":148,"loc":{"start":{"line":148,"column":43},"end":{"line":148,"column":58}}},"18":{"name":"(anonymous_18)","line":159,"loc":{"start":{"line":159,"column":13},"end":{"line":null,"column":null}}},"19":{"name":"(anonymous_19)","line":163,"loc":{"start":{"line":163,"column":11},"end":{"line":null,"column":null}}},"20":{"name":"fetchUsers","line":178,"loc":{"start":{"line":178,"column":20},"end":{"line":178,"column":30}}},"21":{"name":"(anonymous_21)","line":198,"loc":{"start":{"line":198,"column":12},"end":{"line":198,"column":31}}},"22":{"name":"(anonymous_22)","line":201,"loc":{"start":{"line":201,"column":13},"end":{"line":null,"column":null}}}},"statementMap":{"1":{"start":{"line":0,"column":0},"end":{"line":0,"column":0},"skip":true},"2":{"start":{"line":0,"column":0},"end":{"line":0,"column":0},"skip":true},"3":{"start":{"line":0,"column":0},"end":{"line":0,"column":0},"skip":true},"4":{"start":{"line":0,"column":0},"end":{"line":0,"column":0},"skip":true},"5":{"start":{"line":0,"column":0},"end":{"line":0,"column":0},"skip":true},"6":{"start":{"line":0,"column":0},"end":{"line":0,"column":0},"skip":true},"7":{"start":{"line":0,"column":0},"end":{"line":0,"column":0},"skip":true},"8":{"start":{"line":0,"column":0},"end":{"line":0,"column":0},"skip":true},"9":{"start":{"line":0,"column":0},"end":{"line":0,"column":0},"skip":true},"10":{"start":{"line":0,"column":0},"end":{"line":0,"column":0},"skip":true},"11":{"start":{"line":0,"column":0},"end":{"line":0,"column":0},"skip":true},"12":{"start":{"line":0,"column":0},"end":{"line":0,"column":0},"skip":true},"13":{"start":{"line":0,"column":0},"end":{"line":0,"column":0},"skip":true},"14":{"start":{"line":0,"column":0},"end":{"line":0,"column":0},"skip":true},"15":{"start":{"line":0,"column":0},"end":{"line":0,"column":0},"skip":true},"16":{"start":{"line":0,"column":0},"end":{"line":0,"column":0},"skip":true},"17":{"start":{"line":1,"column":0},"end":{"line":null,"column":null}},"18":{"start":{"line":0,"column":0},"end":{"line":0,"column":0},"skip":true},"19":{"start":{"line":2,"column":0},"end":{"line":null,"column":null}},"20":{"start":{"line":0,"column":0},"end":{"line":0,"column":0},"skip":true},"21":{"start":{"line":3,"column":0},"end":{"line":null,"column":null}},"22":{"start":{"line":0,"column":0},"end":{"line":0,"column":0},"skip":true},"23":{"start":{"line":0,"column":0},"end":{"line":0,"column":0},"skip":true},"24":{"start":{"line":0,"column":0},"end":{"line":0,"column":0},"skip":true},"25":{"start":{"line":0,"column":0},"end":{"line":0,"column":0},"skip":true},"26":{"start":{"line":0,"column":0},"end":{"line":0,"column":0},"skip":true},"27":{"start":{"line":10,"column":6},"end":{"line":null,"column":null}},"28":{"start":{"line":0,"column":0},"end":{"line":0,"column":0},"skip":true},"29":{"start":{"line":0,"column":0},"end":{"line":0,"column":0},"skip":true},"30":{"start":{"line":0,"column":0},"end":{"line":0,"column":0},"skip":true},"31":{"start":{"line":25,"column":7},"end":{"line":null,"column":null}},"32":{"start":{"line":32,"column":12},"end":{"line":null,"column":null}},"33":{"start":{"line":33,"column":18},"end":{"line":null,"column":null}},"34":{"start":{"line":37,"column":16},"end":{"line":null,"column":null}},"35":{"start":{"line":45,"column":16},"end":{"line":null,"column":null}},"36":{"start":{"line":53,"column":17},"end":{"line":null,"column":null}},"37":{"start":{"line":56,"column":22},"end":{"line":null,"column":null}},"38":{"start":{"line":72,"column":8},"end":{"line":null,"column":null}},"39":{"start":{"line":74,"column":13},"end":{"line":null,"column":null}},"40":{"start":{"line":79,"column":7},"end":{"line":null,"column":null}},"41":{"start":{"line":85,"column":12},"end":{"line":null,"column":null}},"42":{"start":{"line":86,"column":17},"end":{"line":null,"column":null}},"43":{"start":{"line":90,"column":14},"end":{"line":null,"column":null}},"44":{"start":{"line":91,"column":12},"end":{"line":null,"column":null}},"45":{"start":{"line":92,"column":17},"end":{"line":null,"column":null}},"46":{"start":{"line":96,"column":14},"end":{"line":null,"column":null}},"47":{"start":{"line":104,"column":15},"end":{"line":null,"column":null}},"48":{"start":{"line":109,"column":22},"end":{"line":null,"column":null}},"49":{"start":{"line":123,"column":8},"end":{"line":null,"column":null}},"50":{"start":{"line":124,"column":13},"end":{"line":null,"column":null}},"51":{"start":{"line":128,"column":10},"end":{"line":null,"column":null}},"52":{"start":{"line":133,"column":10},"end":{"line":null,"column":null}},"53":{"start":{"line":134,"column":15},"end":{"line":null,"column":null}},"54":{"start":{"line":138,"column":11},"end":{"line":null,"column":null}},"55":{"start":{"line":143,"column":12},"end":{"line":null,"column":null}},"56":{"start":{"line":144,"column":17},"end":{"line":null,"column":null}},"57":{"start":{"line":148,"column":19},"end":{"line":null,"column":null}},"58":{"start":{"line":149,"column":14},"end":{"line":null,"column":null}},"59":{"start":{"line":150,"column":19},"end":{"line":null,"column":null}},"60":{"start":{"line":154,"column":17},"end":{"line":null,"column":null}},"61":{"start":{"line":159,"column":22},"end":{"line":null,"column":null}},"62":{"start":{"line":163,"column":20},"end":{"line":null,"column":null}},"63":{"start":{"line":179,"column":8},"end":{"line":null,"column":null}},"64":{"start":{"line":180,"column":13},"end":{"line":null,"column":null}},"65":{"start":{"line":183,"column":10},"end":{"line":null,"column":null}},"66":{"start":{"line":184,"column":10},"end":{"line":null,"column":null}},"67":{"start":{"line":185,"column":9},"end":{"line":null,"column":null}},"68":{"start":{"line":199,"column":12},"end":{"line":null,"column":null}},"69":{"start":{"line":201,"column":22},"end":{"line":null,"column":null}},"70":{"start":{"line":0,"column":0},"end":{"line":0,"column":0},"skip":true},"71":{"start":{"line":204,"column":15},"end":{"line":null,"column":null}}},"branchMap":{"1":{"line":0,"type":"binary-expr","locations":[{"start":{"line":0,"column":0},"end":{"line":0,"column":0},"skip":true},{"start":{"line":0,"column":0},"end":{"line":0,"column":0},"skip":true}]},"2":{"line":0,"type":"if","locations":[{"start":{"line":0,"column":0},"end":{"line":0,"column":0},"skip":true},{"start":{"line":0,"column":0},"end":{"line":0,"column":0},"skip":true}]},"3":{"line":0,"type":"if","locations":[{"start":{"line":0,"column":0},"end":{"line":0,"column":0},"skip":true},{"start":{"line":0,"column":0},"end":{"line":0,"column":0},"skip":true}]},"4":{"line":0,"type":"if","locations":[{"start":{"line":0,"column":0},"end":{"line":0,"column":0},"skip":true},{"start":{"line":0,"column":0},"end":{"line":0,"column":0},"skip":true}]},"5":{"line":0,"type":"cond-expr","locations":[{"start":{"line":0,"column":0},"end":{"line":0,"column":0},"skip":true},{"start":{"line":0,"column":0},"end":{"line":0,"column":0},"skip":true}]},"6":{"line":0,"type":"binary-expr","locations":[{"start":{"line":0,"column":0},"end":{"line":0,"column":0},"skip":true},{"start":{"line":0,"column":0},"end":{"line":0,"column":0},"skip":true}]},"7":{"line":0,"type":"if","locations":[{"start":{"line":0,"column":0},"end":{"line":0,"column":0},"skip":true},{"start":{"line":0,"column":0},"end":{"line":0,"column":0},"skip":true}]},"8":{"line":32,"type":"if","locations":[{"start":{"line":32,"column":12},"end":{"line":32,"column":12}},{"start":{"line":32,"column":12},"end":{"line":32,"column":12}}]},"9":{"line":72,"type":"if","locations":[{"start":{"line":72,"column":8},"end":{"line":72,"column":8}},{"start":{"line":72,"column":8},"end":{"line":72,"column":8}}]},"10":{"line":72,"type":"binary-expr","locations":[{"start":{"line":72,"column":8},"end":{"line":72,"column":8}},{"start":{"line":72,"column":30},"end":{"line":72,"column":8}},{"start":{"line":73,"column":9},"end":{"line":72,"column":8}},{"start":{"line":73,"column":31},"end":{"line":72,"column":4}}]},"11":{"line":85,"type":"if","locations":[{"start":{"line":85,"column":12},"end":{"line":85,"column":12}},{"start":{"line":85,"column":12},"end":{"line":85,"column":12}}]},"12":{"line":91,"type":"if","locations":[{"start":{"line":91,"column":12},"end":{"line":91,"column":12}},{"start":{"line":91,"column":12},"end":{"line":91,"column":12}}]},"13":{"line":123,"type":"if","locations":[{"start":{"line":123,"column":8},"end":{"line":123,"column":8}},{"start":{"line":123,"column":8},"end":{"line":123,"column":8}}]},"14":{"line":133,"type":"if","locations":[{"start":{"line":133,"column":10},"end":{"line":133,"column":10}},{"start":{"line":133,"column":10},"end":{"line":133,"column":10}}]},"15":{"line":143,"type":"if","locations":[{"start":{"line":143,"column":12},"end":{"line":143,"column":12}},{"start":{"line":143,"column":12},"end":{"line":143,"column":12}}]},"16":{"line":149,"type":"if","locations":[{"start":{"line":149,"column":14},"end":{"line":149,"column":14}},{"start":{"line":149,"column":14},"end":{"line":149,"column":14}}]},"17":{"line":179,"type":"if","locations":[{"start":{"line":179,"column":8},"end":{"line":179,"column":8}},{"start":{"line":179,"column":8},"end":{"line":179,"column":8}}]},"18":{"line":183,"type":"binary-expr","locations":[{"start":{"line":183,"column":18},"end":{"line":183,"column":51}},{"start":{"line":183,"column":51},"end":{"line":183,"column":4}}]},"19":{"line":184,"type":"binary-expr","locations":[{"start":{"line":184,"column":19},"end":{"line":184,"column":53}},{"start":{"line":184,"column":53},"end":{"line":184,"column":4}}]}}},"/Users/andeladeveloper/repositories/PostIt/server/models/index.js":{"path":"/Users/andeladeveloper/repositories/PostIt/server/models/index.js","s":{"1":1,"2":1,"3":1,"4":1,"5":1,"6":1,"7":1,"8":1,"9":1,"10":1,"11":1,"12":5,"13":1,"14":1,"15":1,"16":1,"17":1,"18":1,"19":1,"20":0,"21":1,"22":1,"23":6,"24":4,"25":4,"26":1,"27":4,"28":3,"29":1,"30":1,"31":1},"b":{"1":[0,5],"2":[5,5],"3":[1,0],"4":[0,1],"5":[6,5,4],"6":[3,1]},"f":{"1":5,"2":6,"3":4,"4":4},"fnMap":{"1":{"name":"_interopRequireDefault","line":0,"loc":{"start":{"line":0,"column":0},"end":{"line":0,"column":0}},"skip":true},"2":{"name":"(anonymous_2)","line":27,"loc":{"start":{"line":27,"column":10},"end":{"line":null,"column":null}}},"3":{"name":"(anonymous_3)","line":31,"loc":{"start":{"line":31,"column":11},"end":{"line":31,"column":21}}},"4":{"name":"(anonymous_4)","line":36,"loc":{"start":{"line":36,"column":24},"end":{"line":36,"column":39}}}},"statementMap":{"1":{"start":{"line":1,"column":0},"end":{"line":null,"column":null}},"2":{"start":{"line":0,"column":0},"end":{"line":0,"column":0},"skip":true},"3":{"start":{"line":2,"column":0},"end":{"line":null,"column":null}},"4":{"start":{"line":0,"column":0},"end":{"line":0,"column":0},"skip":true},"5":{"start":{"line":3,"column":0},"end":{"line":null,"column":null}},"6":{"start":{"line":0,"column":0},"end":{"line":0,"column":0},"skip":true},"7":{"start":{"line":4,"column":0},"end":{"line":null,"column":null}},"8":{"start":{"line":0,"column":0},"end":{"line":0,"column":0},"skip":true},"9":{"start":{"line":6,"column":0},"end":{"line":null,"column":null}},"10":{"start":{"line":0,"column":0},"end":{"line":0,"column":0},"skip":true},"11":{"start":{"line":0,"column":0},"end":{"line":0,"column":0},"skip":true},"12":{"start":{"line":0,"column":0},"end":{"line":0,"column":0},"skip":true},"13":{"start":{"line":8,"column":0},"end":{"line":null,"column":null}},"14":{"start":{"line":10,"column":0},"end":{"line":null,"column":null}},"15":{"start":{"line":11,"column":0},"end":{"line":null,"column":null}},"16":{"start":{"line":12,"column":0},"end":{"line":null,"column":null}},"17":{"start":{"line":13,"column":0},"end":{"line":null,"column":null}},"18":{"start":{"line":15,"column":0},"end":{"line":null,"column":null}},"19":{"start":{"line":17,"column":0},"end":{"line":null,"column":null}},"20":{"start":{"line":18,"column":14},"end":{"line":null,"column":null}},"21":{"start":{"line":21,"column":14},"end":{"line":null,"column":null}},"22":{"start":{"line":25,"column":0},"end":{"line":null,"column":null}},"23":{"start":{"line":28,"column":5},"end":{"line":null,"column":null}},"24":{"start":{"line":32,"column":10},"end":{"line":null,"column":null}},"25":{"start":{"line":33,"column":7},"end":{"line":null,"column":null}},"26":{"start":{"line":36,"column":0},"end":{"line":null,"column":null}},"27":{"start":{"line":37,"column":6},"end":{"line":null,"column":null}},"28":{"start":{"line":38,"column":7},"end":{"line":null,"column":null}},"29":{"start":{"line":42,"column":0},"end":{"line":null,"column":null}},"30":{"start":{"line":43,"column":0},"end":{"line":null,"column":null}},"31":{"start":{"line":45,"column":0},"end":{"line":null,"column":null}}},"branchMap":{"1":{"line":0,"type":"cond-expr","locations":[{"start":{"line":0,"column":0},"end":{"line":0,"column":0},"skip":true},{"start":{"line":0,"column":0},"end":{"line":0,"column":0},"skip":true}]},"2":{"line":0,"type":"binary-expr","locations":[{"start":{"line":0,"column":0},"end":{"line":0,"column":0},"skip":true},{"start":{"line":0,"column":0},"end":{"line":0,"column":0},"skip":true}]},"3":{"line":11,"type":"binary-expr","locations":[{"start":{"line":11,"column":12},"end":{"line":11,"column":12}},{"start":{"line":11,"column":36},"end":{"line":11,"column":0}}]},"4":{"line":17,"type":"if","locations":[{"start":{"line":17,"column":0},"end":{"line":17,"column":0}},{"start":{"line":17,"column":0},"end":{"line":17,"column":0}}]},"5":{"line":28,"type":"binary-expr","locations":[{"start":{"line":28,"column":5},"end":{"line":28,"column":4}},{"start":{"line":29,"column":5},"end":{"line":28,"column":4}},{"start":{"line":30,"column":5},"end":{"line":27,"column":10}}]},"6":{"line":37,"type":"if","locations":[{"start":{"line":37,"column":6},"end":{"line":37,"column":6}},{"start":{"line":37,"column":6},"end":{"line":37,"column":6}}]}}},"/Users/andeladeveloper/repositories/PostIt/server/models/group.js":{"path":"/Users/andeladeveloper/repositories/PostIt/server/models/group.js","s":{"1":1,"2":1,"3":1,"4":1,"5":1},"b":{},"f":{"1":1,"2":1},"fnMap":{"1":{"name":"(anonymous_1)","line":1,"loc":{"start":{"line":1,"column":17},"end":{"line":1,"column":43}}},"2":{"name":"associate","line":16,"loc":{"start":{"line":16,"column":17},"end":{"line":16,"column":29}}}},"statementMap":{"1":{"start":{"line":1,"column":0},"end":{"line":null,"column":null}},"2":{"start":{"line":2,"column":8},"end":{"line":null,"column":null}},"3":{"start":{"line":17,"column":14},"end":{"line":null,"column":null}},"4":{"start":{"line":20,"column":14},"end":{"line":null,"column":null}},"5":{"start":{"line":28,"column":9},"end":{"line":null,"column":null}}},"branchMap":{}},"/Users/andeladeveloper/repositories/PostIt/server/models/message.js":{"path":"/Users/andeladeveloper/repositories/PostIt/server/models/message.js","s":{"1":1,"2":1,"3":1,"4":1,"5":1},"b":{},"f":{"1":1,"2":1},"fnMap":{"1":{"name":"(anonymous_1)","line":1,"loc":{"start":{"line":1,"column":17},"end":{"line":1,"column":43}}},"2":{"name":"associate","line":19,"loc":{"start":{"line":19,"column":17},"end":{"line":19,"column":29}}}},"statementMap":{"1":{"start":{"line":1,"column":0},"end":{"line":null,"column":null}},"2":{"start":{"line":2,"column":8},"end":{"line":null,"column":null}},"3":{"start":{"line":20,"column":16},"end":{"line":null,"column":null}},"4":{"start":{"line":24,"column":16},"end":{"line":null,"column":null}},"5":{"start":{"line":31,"column":9},"end":{"line":null,"column":null}}},"branchMap":{}},"/Users/andeladeveloper/repositories/PostIt/server/models/user.js":{"path":"/Users/andeladeveloper/repositories/PostIt/server/models/user.js","s":{"1":1,"2":1,"3":1,"4":1,"5":1,"6":1,"7":1,"8":1,"9":1,"10":1,"11":4,"12":4,"13":1},"b":{"1":[0,1],"2":[1,1]},"f":{"1":1,"2":1,"3":1,"4":4},"fnMap":{"1":{"name":"_interopRequireDefault","line":0,"loc":{"start":{"line":0,"column":0},"end":{"line":0,"column":0}},"skip":true},"2":{"name":"(anonymous_2)","line":3,"loc":{"start":{"line":3,"column":17},"end":{"line":3,"column":43}}},"3":{"name":"associate","line":25,"loc":{"start":{"line":25,"column":17},"end":{"line":25,"column":29}}},"4":{"name":"(anonymous_4)","line":43,"loc":{"start":{"line":43,"column":20},"end":{"line":43,"column":30}}}},"statementMap":{"1":{"start":{"line":1,"column":0},"end":{"line":null,"column":null}},"2":{"start":{"line":0,"column":0},"end":{"line":0,"column":0},"skip":true},"3":{"start":{"line":0,"column":0},"end":{"line":0,"column":0},"skip":true},"4":{"start":{"line":0,"column":0},"end":{"line":0,"column":0},"skip":true},"5":{"start":{"line":3,"column":0},"end":{"line":null,"column":null}},"6":{"start":{"line":4,"column":8},"end":{"line":null,"column":null}},"7":{"start":{"line":26,"column":13},"end":{"line":null,"column":null}},"8":{"start":{"line":29,"column":13},"end":{"line":null,"column":null}},"9":{"start":{"line":33,"column":13},"end":{"line":null,"column":null}},"10":{"start":{"line":43,"column":7},"end":{"line":null,"column":null}},"11":{"start":{"line":44,"column":10},"end":{"line":null,"column":null}},"12":{"start":{"line":45,"column":9},"end":{"line":null,"column":null}},"13":{"start":{"line":48,"column":9},"end":{"line":null,"column":null}}},"branchMap":{"1":{"line":0,"type":"cond-expr","locations":[{"start":{"line":0,"column":0},"end":{"line":0,"column":0},"skip":true},{"start":{"line":0,"column":0},"end":{"line":0,"column":0},"skip":true}]},"2":{"line":0,"type":"binary-expr","locations":[{"start":{"line":0,"column":0},"end":{"line":0,"column":0},"skip":true},{"start":{"line":0,"column":0},"end":{"line":0,"column":0},"skip":true}]}}},"/Users/andeladeveloper/repositories/PostIt/server/models/usergroup.js":{"path":"/Users/andeladeveloper/repositories/PostIt/server/models/usergroup.js","s":{"1":1,"2":1,"3":1},"b":{},"f":{"1":1},"fnMap":{"1":{"name":"(anonymous_1)","line":1,"loc":{"start":{"line":1,"column":17},"end":{"line":1,"column":32}}}},"statementMap":{"1":{"start":{"line":1,"column":0},"end":{"line":null,"column":null}},"2":{"start":{"line":2,"column":8},"end":{"line":null,"column":null}},"3":{"start":{"line":7,"column":9},"end":{"line":null,"column":null}}},"branchMap":{}},"/Users/andeladeveloper/repositories/PostIt/server/controllers/UserGroupController.js":{"path":"/Users/andeladeveloper/repositories/PostIt/server/controllers/UserGroupController.js","s":{"1":1,"2":1,"3":1,"4":1,"5":1,"6":1,"7":1,"8":1,"9":1,"10":1,"11":1,"12":1,"13":0,"14":1,"15":1,"16":1,"17":1,"18":1,"19":0,"20":0,"21":1,"22":1,"23":0,"24":1,"25":2,"26":2,"27":1,"28":1,"29":1,"30":0,"31":1,"32":1},"b":{"1":[1,1],"2":[1,0],"3":[0,1],"4":[1,0],"5":[0,0],"6":[1,1]},"f":{"1":1,"2":1,"3":1,"4":0,"5":1,"6":0,"7":2,"8":1,"9":0},"fnMap":{"1":{"name":"(anonymous_1)","line":0,"loc":{"start":{"line":0,"column":0},"end":{"line":0,"column":0}},"skip":true},"2":{"name":"defineProperties","line":0,"loc":{"start":{"line":0,"column":0},"end":{"line":0,"column":0}},"skip":true},"3":{"name":"(anonymous_3)","line":0,"loc":{"start":{"line":0,"column":0},"end":{"line":0,"column":0}},"skip":true},"4":{"name":"_classCallCheck","line":0,"loc":{"start":{"line":0,"column":0},"end":{"line":0,"column":0}},"skip":true},"5":{"name":"(anonymous_5)","line":0,"loc":{"start":{"line":0,"column":0},"end":{"line":0,"column":0}},"skip":true},"6":{"name":"UserGroupClass","line":0,"loc":{"start":{"line":0,"column":0},"end":{"line":0,"column":0}},"skip":true},"7":{"name":"retrieveGroups","line":20,"loc":{"start":{"line":20,"column":24},"end":{"line":20,"column":34}}},"8":{"name":"(anonymous_8)","line":37,"loc":{"start":{"line":37,"column":12},"end":{"line":37,"column":24}}},"9":{"name":"(anonymous_9)","line":40,"loc":{"start":{"line":40,"column":11},"end":{"line":null,"column":null}}}},"statementMap":{"1":{"start":{"line":0,"column":0},"end":{"line":0,"column":0},"skip":true},"2":{"start":{"line":0,"column":0},"end":{"line":0,"column":0},"skip":true},"3":{"start":{"line":0,"column":0},"end":{"line":0,"column":0},"skip":true},"4":{"start":{"line":0,"column":0},"end":{"line":0,"column":0},"skip":true},"5":{"start":{"line":0,"column":0},"end":{"line":0,"column":0},"skip":true},"6":{"start":{"line":0,"column":0},"end":{"line":0,"column":0},"skip":true},"7":{"start":{"line":0,"column":0},"end":{"line":0,"column":0},"skip":true},"8":{"start":{"line":0,"column":0},"end":{"line":0,"column":0},"skip":true},"9":{"start":{"line":0,"column":0},"end":{"line":0,"column":0},"skip":true},"10":{"start":{"line":0,"column":0},"end":{"line":0,"column":0},"skip":true},"11":{"start":{"line":0,"column":0},"end":{"line":0,"column":0},"skip":true},"12":{"start":{"line":0,"column":0},"end":{"line":0,"column":0},"skip":true},"13":{"start":{"line":0,"column":0},"end":{"line":0,"column":0},"skip":true},"14":{"start":{"line":0,"column":0},"end":{"line":0,"column":0},"skip":true},"15":{"start":{"line":0,"column":0},"end":{"line":0,"column":0},"skip":true},"16":{"start":{"line":0,"column":0},"end":{"line":0,"column":0},"skip":true},"17":{"start":{"line":1,"column":0},"end":{"line":null,"column":null}},"18":{"start":{"line":0,"column":0},"end":{"line":0,"column":0},"skip":true},"19":{"start":{"line":0,"column":0},"end":{"line":0,"column":0},"skip":true},"20":{"start":{"line":0,"column":0},"end":{"line":0,"column":0},"skip":true},"21":{"start":{"line":8,"column":6},"end":{"line":null,"column":null}},"22":{"start":{"line":0,"column":0},"end":{"line":0,"column":0},"skip":true},"23":{"start":{"line":0,"column":0},"end":{"line":0,"column":0},"skip":true},"24":{"start":{"line":0,"column":0},"end":{"line":0,"column":0},"skip":true},"25":{"start":{"line":21,"column":10},"end":{"line":null,"column":null}},"26":{"start":{"line":22,"column":8},"end":{"line":null,"column":null}},"27":{"start":{"line":23,"column":13},"end":{"line":null,"column":null}},"28":{"start":{"line":28,"column":9},"end":{"line":null,"column":null}},"29":{"start":{"line":38,"column":10},"end":{"line":null,"column":null}},"30":{"start":{"line":40,"column":20},"end":{"line":null,"column":null}},"31":{"start":{"line":0,"column":0},"end":{"line":0,"column":0},"skip":true},"32":{"start":{"line":43,"column":15},"end":{"line":null,"column":null}}},"branchMap":{"1":{"line":0,"type":"binary-expr","locations":[{"start":{"line":0,"column":0},"end":{"line":0,"column":0},"skip":true},{"start":{"line":0,"column":0},"end":{"line":0,"column":0},"skip":true}]},"2":{"line":0,"type":"if","locations":[{"start":{"line":0,"column":0},"end":{"line":0,"column":0},"skip":true},{"start":{"line":0,"column":0},"end":{"line":0,"column":0},"skip":true}]},"3":{"line":0,"type":"if","locations":[{"start":{"line":0,"column":0},"end":{"line":0,"column":0},"skip":true},{"start":{"line":0,"column":0},"end":{"line":0,"column":0},"skip":true}]},"4":{"line":0,"type":"if","locations":[{"start":{"line":0,"column":0},"end":{"line":0,"column":0},"skip":true},{"start":{"line":0,"column":0},"end":{"line":0,"column":0},"skip":true}]},"5":{"line":0,"type":"if","locations":[{"start":{"line":0,"column":0},"end":{"line":0,"column":0},"skip":true},{"start":{"line":0,"column":0},"end":{"line":0,"column":0},"skip":true}]},"6":{"line":22,"type":"if","locations":[{"start":{"line":22,"column":8},"end":{"line":22,"column":8}},{"start":{"line":22,"column":8},"end":{"line":22,"column":8}}]}}},"/Users/andeladeveloper/repositories/PostIt/server/controllers/ResetPasswordController.js":{"path":"/Users/andeladeveloper/repositories/PostIt/server/controllers/ResetPasswordController.js","s":{"1":1,"2":1,"3":1,"4":1,"5":2,"6":2,"7":2,"8":2,"9":2,"10":2,"11":1,"12":1,"13":0,"14":1,"15":1,"16":1,"17":1,"18":1,"19":1,"20":1,"21":1,"22":1,"23":1,"24":1,"25":3,"26":1,"27":0,"28":0,"29":1,"30":1,"31":0,"32":1,"33":4,"34":2,"35":2,"36":2,"37":1,"38":1,"39":1,"40":1,"41":1,"42":1,"43":0,"44":0,"45":0,"46":0,"47":3,"48":3,"49":2,"50":2,"51":0,"52":2,"53":2,"54":2,"55":2,"56":0,"57":1,"58":1,"59":1},"b":{"1":[2,2],"2":[2,0],"3":[0,1],"4":[1,0],"5":[0,3],"6":[3,3],"7":[0,0],"8":[2,2],"9":[4,3],"10":[1,1],"11":[0,0],"12":[2,1],"13":[0,2]},"f":{"1":1,"2":1,"3":1,"4":3,"5":0,"6":1,"7":0,"8":4,"9":2,"10":0,"11":0,"12":3,"13":2,"14":2,"15":0},"fnMap":{"1":{"name":"(anonymous_1)","line":0,"loc":{"start":{"line":0,"column":0},"end":{"line":0,"column":0}},"skip":true},"2":{"name":"defineProperties","line":0,"loc":{"start":{"line":0,"column":0},"end":{"line":0,"column":0}},"skip":true},"3":{"name":"(anonymous_3)","line":0,"loc":{"start":{"line":0,"column":0},"end":{"line":0,"column":0}},"skip":true},"4":{"name":"_interopRequireDefault","line":0,"loc":{"start":{"line":0,"column":0},"end":{"line":0,"column":0}},"skip":true},"5":{"name":"_classCallCheck","line":0,"loc":{"start":{"line":0,"column":0},"end":{"line":0,"column":0}},"skip":true},"6":{"name":"(anonymous_6)","line":0,"loc":{"start":{"line":0,"column":0},"end":{"line":0,"column":0}},"skip":true},"7":{"name":"ResetPassword","line":0,"loc":{"start":{"line":0,"column":0},"end":{"line":0,"column":0}},"skip":true},"8":{"name":"forgotPassword","line":22,"loc":{"start":{"line":22,"column":24},"end":{"line":22,"column":34}}},"9":{"name":"(anonymous_9)","line":33,"loc":{"start":{"line":33,"column":10},"end":{"line":33,"column":25}}},"10":{"name":"(anonymous_10)","line":63,"loc":{"start":{"line":63,"column":40},"end":{"line":63,"column":51}}},"11":{"name":"(anonymous_11)","line":74,"loc":{"start":{"line":74,"column":11},"end":{"line":null,"column":null}}},"12":{"name":"resetPassword","line":88,"loc":{"start":{"line":88,"column":23},"end":{"line":88,"column":33}}},"13":{"name":"(anonymous_13)","line":91,"loc":{"start":{"line":91,"column":48},"end":{"line":91,"column":66}}},"14":{"name":"(anonymous_14)","line":103,"loc":{"start":{"line":103,"column":14},"end":{"line":null,"column":null}}},"15":{"name":"(anonymous_15)","line":104,"loc":{"start":{"line":104,"column":15},"end":{"line":null,"column":null}}}},"statementMap":{"1":{"start":{"line":0,"column":0},"end":{"line":0,"column":0},"skip":true},"2":{"start":{"line":0,"column":0},"end":{"line":0,"column":0},"skip":true},"3":{"start":{"line":0,"column":0},"end":{"line":0,"column":0},"skip":true},"4":{"start":{"line":0,"column":0},"end":{"line":0,"column":0},"skip":true},"5":{"start":{"line":0,"column":0},"end":{"line":0,"column":0},"skip":true},"6":{"start":{"line":0,"column":0},"end":{"line":0,"column":0},"skip":true},"7":{"start":{"line":0,"column":0},"end":{"line":0,"column":0},"skip":true},"8":{"start":{"line":0,"column":0},"end":{"line":0,"column":0},"skip":true},"9":{"start":{"line":0,"column":0},"end":{"line":0,"column":0},"skip":true},"10":{"start":{"line":0,"column":0},"end":{"line":0,"column":0},"skip":true},"11":{"start":{"line":0,"column":0},"end":{"line":0,"column":0},"skip":true},"12":{"start":{"line":0,"column":0},"end":{"line":0,"column":0},"skip":true},"13":{"start":{"line":0,"column":0},"end":{"line":0,"column":0},"skip":true},"14":{"start":{"line":0,"column":0},"end":{"line":0,"column":0},"skip":true},"15":{"start":{"line":0,"column":0},"end":{"line":0,"column":0},"skip":true},"16":{"start":{"line":0,"column":0},"end":{"line":0,"column":0},"skip":true},"17":{"start":{"line":1,"column":0},"end":{"line":null,"column":null}},"18":{"start":{"line":0,"column":0},"end":{"line":0,"column":0},"skip":true},"19":{"start":{"line":2,"column":0},"end":{"line":null,"column":null}},"20":{"start":{"line":0,"column":0},"end":{"line":0,"column":0},"skip":true},"21":{"start":{"line":3,"column":0},"end":{"line":null,"column":null}},"22":{"start":{"line":0,"column":0},"end":{"line":0,"column":0},"skip":true},"23":{"start":{"line":4,"column":0},"end":{"line":null,"column":null}},"24":{"start":{"line":0,"column":0},"end":{"line":0,"column":0},"skip":true},"25":{"start":{"line":0,"column":0},"end":{"line":0,"column":0},"skip":true},"26":{"start":{"line":0,"column":0},"end":{"line":0,"column":0},"skip":true},"27":{"start":{"line":0,"column":0},"end":{"line":0,"column":0},"skip":true},"28":{"start":{"line":0,"column":0},"end":{"line":0,"column":0},"skip":true},"29":{"start":{"line":10,"column":6},"end":{"line":null,"column":null}},"30":{"start":{"line":0,"column":0},"end":{"line":0,"column":0},"skip":true},"31":{"start":{"line":0,"column":0},"end":{"line":0,"column":0},"skip":true},"32":{"start":{"line":0,"column":0},"end":{"line":0,"column":0},"skip":true},"33":{"start":{"line":23,"column":8},"end":{"line":null,"column":null}},"34":{"start":{"line":24,"column":13},"end":{"line":null,"column":null}},"35":{"start":{"line":28,"column":9},"end":{"line":null,"column":null}},"36":{"start":{"line":34,"column":10},"end":{"line":null,"column":null}},"37":{"start":{"line":35,"column":15},"end":{"line":null,"column":null}},"38":{"start":{"line":39,"column":12},"end":{"line":null,"column":null}},"39":{"start":{"line":40,"column":12},"end":{"line":null,"column":null}},"40":{"start":{"line":43,"column":12},"end":{"line":null,"column":null}},"41":{"start":{"line":51,"column":12},"end":{"line":null,"column":null}},"42":{"start":{"line":63,"column":18},"end":{"line":null,"column":null}},"43":{"start":{"line":64,"column":12},"end":{"line":null,"column":null}},"44":{"start":{"line":65,"column":17},"end":{"line":null,"column":null}},"45":{"start":{"line":69,"column":15},"end":{"line":null,"column":null}},"46":{"start":{"line":74,"column":20},"end":{"line":null,"column":null}},"47":{"start":{"line":89,"column":10},"end":{"line":null,"column":null}},"48":{"start":{"line":90,"column":8},"end":{"line":null,"column":null}},"49":{"start":{"line":91,"column":10},"end":{"line":null,"column":null}},"50":{"start":{"line":92,"column":12},"end":{"line":null,"column":null}},"51":{"start":{"line":93,"column":17},"end":{"line":null,"column":null}},"52":{"start":{"line":97,"column":14},"end":{"line":null,"column":null}},"53":{"start":{"line":98,"column":14},"end":{"line":null,"column":null}},"54":{"start":{"line":100,"column":13},"end":{"line":null,"column":null}},"55":{"start":{"line":103,"column":20},"end":{"line":null,"column":null}},"56":{"start":{"line":104,"column":22},"end":{"line":null,"column":null}},"57":{"start":{"line":107,"column":13},"end":{"line":null,"column":null}},"58":{"start":{"line":0,"column":0},"end":{"line":0,"column":0},"skip":true},"59":{"start":{"line":114,"column":15},"end":{"line":null,"column":null}}},"branchMap":{"1":{"line":0,"type":"binary-expr","locations":[{"start":{"line":0,"column":0},"end":{"line":0,"column":0},"skip":true},{"start":{"line":0,"column":0},"end":{"line":0,"column":0},"skip":true}]},"2":{"line":0,"type":"if","locations":[{"start":{"line":0,"column":0},"end":{"line":0,"column":0},"skip":true},{"start":{"line":0,"column":0},"end":{"line":0,"column":0},"skip":true}]},"3":{"line":0,"type":"if","locations":[{"start":{"line":0,"column":0},"end":{"line":0,"column":0},"skip":true},{"start":{"line":0,"column":0},"end":{"line":0,"column":0},"skip":true}]},"4":{"line":0,"type":"if","locations":[{"start":{"line":0,"column":0},"end":{"line":0,"column":0},"skip":true},{"start":{"line":0,"column":0},"end":{"line":0,"column":0},"skip":true}]},"5":{"line":0,"type":"cond-expr","locations":[{"start":{"line":0,"column":0},"end":{"line":0,"column":0},"skip":true},{"start":{"line":0,"column":0},"end":{"line":0,"column":0},"skip":true}]},"6":{"line":0,"type":"binary-expr","locations":[{"start":{"line":0,"column":0},"end":{"line":0,"column":0},"skip":true},{"start":{"line":0,"column":0},"end":{"line":0,"column":0},"skip":true}]},"7":{"line":0,"type":"if","locations":[{"start":{"line":0,"column":0},"end":{"line":0,"column":0},"skip":true},{"start":{"line":0,"column":0},"end":{"line":0,"column":0},"skip":true}]},"8":{"line":23,"type":"if","locations":[{"start":{"line":23,"column":8},"end":{"line":23,"column":8}},{"start":{"line":23,"column":8},"end":{"line":23,"column":8}}]},"9":{"line":23,"type":"binary-expr","locations":[{"start":{"line":23,"column":8},"end":{"line":23,"column":8}},{"start":{"line":23,"column":27},"end":{"line":23,"column":4}}]},"10":{"line":34,"type":"if","locations":[{"start":{"line":34,"column":10},"end":{"line":34,"column":10}},{"start":{"line":34,"column":10},"end":{"line":34,"column":10}}]},"11":{"line":64,"type":"if","locations":[{"start":{"line":64,"column":12},"end":{"line":64,"column":12}},{"start":{"line":64,"column":12},"end":{"line":64,"column":12}}]},"12":{"line":90,"type":"if","locations":[{"start":{"line":90,"column":8},"end":{"line":90,"column":8}},{"start":{"line":90,"column":8},"end":{"line":90,"column":8}}]},"13":{"line":92,"type":"if","locations":[{"start":{"line":92,"column":12},"end":{"line":92,"column":12}},{"start":{"line":92,"column":12},"end":{"line":92,"column":12}}]}}},"/Users/andeladeveloper/repositories/PostIt/server/middleware/authenticate.js":{"path":"/Users/andeladeveloper/repositories/PostIt/server/middleware/authenticate.js","s":{"1":1,"2":1,"3":1,"4":1,"5":1,"6":1,"7":1,"8":1,"9":1,"10":1,"11":1,"12":1,"13":0,"14":1,"15":1,"16":1,"17":1,"18":1,"19":1,"20":1,"21":1,"22":2,"23":1,"24":0,"25":0,"26":1,"27":1,"28":1,"29":1,"30":0,"31":1,"32":24,"33":24,"34":16,"35":16,"36":0,"37":16,"38":16,"39":8,"40":1,"41":1},"b":{"1":[1,1],"2":[1,0],"3":[0,1],"4":[1,0],"5":[0,2],"6":[2,2],"7":[0,0],"8":[24,24],"9":[16,8],"10":[0,16]},"f":{"1":1,"2":1,"3":1,"4":2,"5":0,"6":1,"7":0,"8":24,"9":16},"fnMap":{"1":{"name":"(anonymous_1)","line":0,"loc":{"start":{"line":0,"column":0},"end":{"line":0,"column":0}},"skip":true},"2":{"name":"defineProperties","line":0,"loc":{"start":{"line":0,"column":0},"end":{"line":0,"column":0}},"skip":true},"3":{"name":"(anonymous_3)","line":0,"loc":{"start":{"line":0,"column":0},"end":{"line":0,"column":0}},"skip":true},"4":{"name":"_interopRequireDefault","line":0,"loc":{"start":{"line":0,"column":0},"end":{"line":0,"column":0}},"skip":true},"5":{"name":"_classCallCheck","line":0,"loc":{"start":{"line":0,"column":0},"end":{"line":0,"column":0}},"skip":true},"6":{"name":"(anonymous_6)","line":0,"loc":{"start":{"line":0,"column":0},"end":{"line":0,"column":0}},"skip":true},"7":{"name":"authenticate","line":0,"loc":{"start":{"line":0,"column":0},"end":{"line":0,"column":0}},"skip":true},"8":{"name":"isLoggedIn","line":22,"loc":{"start":{"line":22,"column":20},"end":{"line":22,"column":36}}},"9":{"name":"(anonymous_9)","line":26,"loc":{"start":{"line":26,"column":29},"end":{"line":26,"column":49}}}},"statementMap":{"1":{"start":{"line":0,"column":0},"end":{"line":0,"column":0},"skip":true},"2":{"start":{"line":0,"column":0},"end":{"line":0,"column":0},"skip":true},"3":{"start":{"line":0,"column":0},"end":{"line":0,"column":0},"skip":true},"4":{"start":{"line":0,"column":0},"end":{"line":0,"column":0},"skip":true},"5":{"start":{"line":0,"column":0},"end":{"line":0,"column":0},"skip":true},"6":{"start":{"line":0,"column":0},"end":{"line":0,"column":0},"skip":true},"7":{"start":{"line":0,"column":0},"end":{"line":0,"column":0},"skip":true},"8":{"start":{"line":0,"column":0},"end":{"line":0,"column":0},"skip":true},"9":{"start":{"line":0,"column":0},"end":{"line":0,"column":0},"skip":true},"10":{"start":{"line":0,"column":0},"end":{"line":0,"column":0},"skip":true},"11":{"start":{"line":0,"column":0},"end":{"line":0,"column":0},"skip":true},"12":{"start":{"line":0,"column":0},"end":{"line":0,"column":0},"skip":true},"13":{"start":{"line":0,"column":0},"end":{"line":0,"column":0},"skip":true},"14":{"start":{"line":0,"column":0},"end":{"line":0,"column":0},"skip":true},"15":{"start":{"line":0,"column":0},"end":{"line":0,"column":0},"skip":true},"16":{"start":{"line":0,"column":0},"end":{"line":0,"column":0},"skip":true},"17":{"start":{"line":1,"column":0},"end":{"line":null,"column":null}},"18":{"start":{"line":0,"column":0},"end":{"line":0,"column":0},"skip":true},"19":{"start":{"line":2,"column":0},"end":{"line":null,"column":null}},"20":{"start":{"line":0,"column":0},"end":{"line":0,"column":0},"skip":true},"21":{"start":{"line":0,"column":0},"end":{"line":0,"column":0},"skip":true},"22":{"start":{"line":0,"column":0},"end":{"line":0,"column":0},"skip":true},"23":{"start":{"line":0,"column":0},"end":{"line":0,"column":0},"skip":true},"24":{"start":{"line":0,"column":0},"end":{"line":0,"column":0},"skip":true},"25":{"start":{"line":0,"column":0},"end":{"line":0,"column":0},"skip":true},"26":{"start":{"line":4,"column":0},"end":{"line":null,"column":null}},"27":{"start":{"line":6,"column":0},"end":{"line":null,"column":null}},"28":{"start":{"line":13,"column":6},"end":{"line":null,"column":null}},"29":{"start":{"line":0,"column":0},"end":{"line":0,"column":0},"skip":true},"30":{"start":{"line":0,"column":0},"end":{"line":0,"column":0},"skip":true},"31":{"start":{"line":0,"column":0},"end":{"line":0,"column":0},"skip":true},"32":{"start":{"line":23,"column":10},"end":{"line":null,"column":null}},"33":{"start":{"line":25,"column":8},"end":{"line":null,"column":null}},"34":{"start":{"line":26,"column":10},"end":{"line":null,"column":null}},"35":{"start":{"line":27,"column":12},"end":{"line":null,"column":null}},"36":{"start":{"line":28,"column":14},"end":{"line":null,"column":null}},"37":{"start":{"line":35,"column":14},"end":{"line":null,"column":null}},"38":{"start":{"line":0,"column":0},"end":{"line":0,"column":0},"skip":true},"39":{"start":{"line":40,"column":13},"end":{"line":null,"column":null}},"40":{"start":{"line":0,"column":0},"end":{"line":0,"column":0},"skip":true},"41":{"start":{"line":48,"column":15},"end":{"line":null,"column":null}}},"branchMap":{"1":{"line":0,"type":"binary-expr","locations":[{"start":{"line":0,"column":0},"end":{"line":0,"column":0},"skip":true},{"start":{"line":0,"column":0},"end":{"line":0,"column":0},"skip":true}]},"2":{"line":0,"type":"if","locations":[{"start":{"line":0,"column":0},"end":{"line":0,"column":0},"skip":true},{"start":{"line":0,"column":0},"end":{"line":0,"column":0},"skip":true}]},"3":{"line":0,"type":"if","locations":[{"start":{"line":0,"column":0},"end":{"line":0,"column":0},"skip":true},{"start":{"line":0,"column":0},"end":{"line":0,"column":0},"skip":true}]},"4":{"line":0,"type":"if","locations":[{"start":{"line":0,"column":0},"end":{"line":0,"column":0},"skip":true},{"start":{"line":0,"column":0},"end":{"line":0,"column":0},"skip":true}]},"5":{"line":0,"type":"cond-expr","locations":[{"start":{"line":0,"column":0},"end":{"line":0,"column":0},"skip":true},{"start":{"line":0,"column":0},"end":{"line":0,"column":0},"skip":true}]},"6":{"line":0,"type":"binary-expr","locations":[{"start":{"line":0,"column":0},"end":{"line":0,"column":0},"skip":true},{"start":{"line":0,"column":0},"end":{"line":0,"column":0},"skip":true}]},"7":{"line":0,"type":"if","locations":[{"start":{"line":0,"column":0},"end":{"line":0,"column":0},"skip":true},{"start":{"line":0,"column":0},"end":{"line":0,"column":0},"skip":true}]},"8":{"line":23,"type":"binary-expr","locations":[{"start":{"line":23,"column":18},"end":{"line":23,"column":18}},{"start":{"line":24,"column":6},"end":{"line":23,"column":4}}]},"9":{"line":25,"type":"if","locations":[{"start":{"line":25,"column":8},"end":{"line":25,"column":8}},{"start":{"line":25,"column":8},"end":{"line":25,"column":8}}]},"10":{"line":27,"type":"if","locations":[{"start":{"line":27,"column":12},"end":{"line":27,"column":12}},{"start":{"line":27,"column":12},"end":{"line":27,"column":12}}]}}},"/Users/andeladeveloper/repositories/PostIt/server/middleware/validation.js":{"path":"/Users/andeladeveloper/repositories/PostIt/server/middleware/validation.js","s":{"1":1,"2":1,"3":1,"4":1,"5":1,"6":1,"7":1,"8":2,"9":1,"10":1,"11":1,"12":3,"13":3,"14":3,"15":3,"16":3,"17":2,"18":2,"19":0,"20":2,"21":3,"22":1,"23":16,"24":16,"25":16,"26":5,"27":5,"28":2,"29":3,"30":16,"31":11,"32":0,"33":0,"34":0,"35":0,"36":0,"37":0,"38":0,"39":0,"40":0,"41":0,"42":0,"43":0,"44":0,"45":0,"46":8,"47":4,"48":4,"49":1,"50":3,"51":1},"b":{"1":[0,2],"2":[2,2],"3":[0,2],"4":[2,3],"5":[0,0],"6":[0,0],"7":[0,0],"8":[4,4],"9":[8,7,6,5],"10":[1,3]},"f":{"1":2,"2":3,"3":2,"4":2,"5":1,"6":16,"7":5,"8":5,"9":11,"10":0,"11":0,"12":0,"13":0,"14":0,"15":0,"16":8},"fnMap":{"1":{"name":"_interopRequireDefault","line":0,"loc":{"start":{"line":0,"column":0},"end":{"line":0,"column":0}},"skip":true},"2":{"name":"validateGroup","line":16,"loc":{"start":{"line":16,"column":16},"end":{"line":16,"column":32}}},"3":{"name":"(anonymous_3)","line":25,"loc":{"start":{"line":25,"column":22},"end":{"line":25,"column":28}}},"4":{"name":"(anonymous_4)","line":30,"loc":{"start":{"line":30,"column":14},"end":{"line":30,"column":31}}},"5":{"name":"(anonymous_5)","line":37,"loc":{"start":{"line":37,"column":21},"end":{"line":null,"column":null}}},"6":{"name":"validateUser","line":41,"loc":{"start":{"line":41,"column":15},"end":{"line":41,"column":31}}},"7":{"name":"(anonymous_7)","line":48,"loc":{"start":{"line":48,"column":22},"end":{"line":48,"column":28}}},"8":{"name":"(anonymous_8)","line":58,"loc":{"start":{"line":58,"column":14},"end":{"line":58,"column":30}}},"9":{"name":"(anonymous_9)","line":67,"loc":{"start":{"line":67,"column":21},"end":{"line":null,"column":null}}},"10":{"name":"validateUserGroup","line":72,"loc":{"start":{"line":72,"column":20},"end":{"line":72,"column":36}}},"11":{"name":"(anonymous_11)","line":77,"loc":{"start":{"line":77,"column":22},"end":{"line":77,"column":28}}},"12":{"name":"(anonymous_12)","line":79,"loc":{"start":{"line":79,"column":14},"end":{"line":79,"column":29}}},"13":{"name":"(anonymous_13)","line":82,"loc":{"start":{"line":82,"column":20},"end":{"line":82,"column":31}}},"14":{"name":"(anonymous_14)","line":91,"loc":{"start":{"line":91,"column":26},"end":{"line":91,"column":42}}},"15":{"name":"(anonymous_15)","line":102,"loc":{"start":{"line":102,"column":21},"end":{"line":null,"column":null}}},"16":{"name":"validateResetPassword","line":106,"loc":{"start":{"line":106,"column":24},"end":{"line":106,"column":40}}}},"statementMap":{"1":{"start":{"line":0,"column":0},"end":{"line":0,"column":0},"skip":true},"2":{"start":{"line":1,"column":0},"end":{"line":null,"column":null}},"3":{"start":{"line":0,"column":0},"end":{"line":0,"column":0},"skip":true},"4":{"start":{"line":2,"column":0},"end":{"line":null,"column":null}},"5":{"start":{"line":3,"column":0},"end":{"line":null,"column":null}},"6":{"start":{"line":0,"column":0},"end":{"line":0,"column":0},"skip":true},"7":{"start":{"line":0,"column":0},"end":{"line":0,"column":0},"skip":true},"8":{"start":{"line":0,"column":0},"end":{"line":0,"column":0},"skip":true},"9":{"start":{"line":5,"column":0},"end":{"line":null,"column":null}},"10":{"start":{"line":9,"column":0},"end":{"line":null,"column":null}},"11":{"start":{"line":14,"column":0},"end":{"line":null,"column":null}},"12":{"start":{"line":17,"column":10},"end":{"line":null,"column":null}},"13":{"start":{"line":21,"column":8},"end":{"line":null,"column":null}},"14":{"start":{"line":22,"column":11},"end":{"line":null,"column":null}},"15":{"start":{"line":23,"column":18},"end":{"line":null,"column":null}},"16":{"start":{"line":25,"column":15},"end":{"line":null,"column":null}},"17":{"start":{"line":26,"column":12},"end":{"line":null,"column":null}},"18":{"start":{"line":31,"column":12},"end":{"line":null,"column":null}},"19":{"start":{"line":32,"column":17},"end":{"line":null,"column":null}},"20":{"start":{"line":0,"column":0},"end":{"line":0,"column":0},"skip":true},"21":{"start":{"line":37,"column":15},"end":{"line":null,"column":null}},"22":{"start":{"line":37,"column":27},"end":{"line":null,"column":null}},"23":{"start":{"line":42,"column":10},"end":{"line":null,"column":null}},"24":{"start":{"line":46,"column":8},"end":{"line":null,"column":null}},"25":{"start":{"line":48,"column":15},"end":{"line":null,"column":null}},"26":{"start":{"line":49,"column":11},"end":{"line":null,"column":null}},"27":{"start":{"line":59,"column":12},"end":{"line":null,"column":null}},"28":{"start":{"line":60,"column":17},"end":{"line":null,"column":null}},"29":{"start":{"line":0,"column":0},"end":{"line":0,"column":0},"skip":true},"30":{"start":{"line":67,"column":15},"end":{"line":null,"column":null}},"31":{"start":{"line":67,"column":27},"end":{"line":null,"column":null}},"32":{"start":{"line":73,"column":10},"end":{"line":null,"column":null}},"33":{"start":{"line":74,"column":10},"end":{"line":null,"column":null}},"34":{"start":{"line":75,"column":10},"end":{"line":null,"column":null}},"35":{"start":{"line":77,"column":15},"end":{"line":null,"column":null}},"36":{"start":{"line":78,"column":11},"end":{"line":null,"column":null}},"37":{"start":{"line":80,"column":14},"end":{"line":null,"column":null}},"38":{"start":{"line":81,"column":18},"end":{"line":null,"column":null}},"39":{"start":{"line":83,"column":20},"end":{"line":null,"column":null}},"40":{"start":{"line":85,"column":21},"end":{"line":null,"column":null}},"41":{"start":{"line":92,"column":26},"end":{"line":null,"column":null}},"42":{"start":{"line":93,"column":31},"end":{"line":null,"column":null}},"43":{"start":{"line":0,"column":0},"end":{"line":0,"column":0},"skip":true},"44":{"start":{"line":102,"column":15},"end":{"line":null,"column":null}},"45":{"start":{"line":102,"column":27},"end":{"line":null,"column":null}},"46":{"start":{"line":107,"column":8},"end":{"line":null,"column":null}},"47":{"start":{"line":109,"column":13},"end":{"line":null,"column":null}},"48":{"start":{"line":113,"column":8},"end":{"line":null,"column":null}},"49":{"start":{"line":114,"column":13},"end":{"line":null,"column":null}},"50":{"start":{"line":0,"column":0},"end":{"line":0,"column":0},"skip":true},"51":{"start":{"line":122,"column":15},"end":{"line":null,"column":null}}},"branchMap":{"1":{"line":0,"type":"cond-expr","locations":[{"start":{"line":0,"column":0},"end":{"line":0,"column":0},"skip":true},{"start":{"line":0,"column":0},"end":{"line":0,"column":0},"skip":true}]},"2":{"line":0,"type":"binary-expr","locations":[{"start":{"line":0,"column":0},"end":{"line":0,"column":0},"skip":true},{"start":{"line":0,"column":0},"end":{"line":0,"column":0},"skip":true}]},"3":{"line":31,"type":"if","locations":[{"start":{"line":31,"column":12},"end":{"line":31,"column":12}},{"start":{"line":31,"column":12},"end":{"line":31,"column":12}}]},"4":{"line":59,"type":"if","locations":[{"start":{"line":59,"column":12},"end":{"line":59,"column":12}},{"start":{"line":59,"column":12},"end":{"line":59,"column":12}}]},"5":{"line":80,"type":"if","locations":[{"start":{"line":80,"column":14},"end":{"line":80,"column":14}},{"start":{"line":80,"column":14},"end":{"line":80,"column":14}}]},"6":{"line":83,"type":"if","locations":[{"start":{"line":83,"column":20},"end":{"line":83,"column":20}},{"start":{"line":83,"column":20},"end":{"line":83,"column":20}}]},"7":{"line":92,"type":"if","locations":[{"start":{"line":92,"column":26},"end":{"line":92,"column":26}},{"start":{"line":92,"column":26},"end":{"line":92,"column":26}}]},"8":{"line":107,"type":"if","locations":[{"start":{"line":107,"column":8},"end":{"line":107,"column":8}},{"start":{"line":107,"column":8},"end":{"line":107,"column":8}}]},"9":{"line":107,"type":"binary-expr","locations":[{"start":{"line":107,"column":8},"end":{"line":107,"column":8}},{"start":{"line":107,"column":30},"end":{"line":107,"column":8}},{"start":{"line":108,"column":6},"end":{"line":107,"column":8}},{"start":{"line":108,"column":35},"end":{"line":107,"column":4}}]},"10":{"line":113,"type":"if","locations":[{"start":{"line":113,"column":8},"end":{"line":113,"column":8}},{"start":{"line":113,"column":8},"end":{"line":113,"column":8}}]}}},"/Users/andeladeveloper/repositories/PostIt/server/validation/index.js":{"path":"/Users/andeladeveloper/repositories/PostIt/server/validation/index.js","s":{"1":1,"2":1},"b":{},"f":{},"fnMap":{},"statementMap":{"1":{"start":{"line":1,"column":0},"end":{"line":null,"column":null}},"2":{"start":{"line":8,"column":0},"end":{"line":null,"column":null}}},"branchMap":{}},"/Users/andeladeveloper/repositories/PostIt/server/routes/groups.js":{"path":"/Users/andeladeveloper/repositories/PostIt/server/routes/groups.js","s":{"1":1,"2":1,"3":1,"4":1,"5":1,"6":1,"7":1,"8":1,"9":1,"10":1,"11":1,"12":1,"13":1,"14":1,"15":6,"16":1,"17":1,"18":1,"19":1,"20":1,"21":1,"22":1},"b":{"1":[5,1],"2":[6,6]},"f":{"1":6},"fnMap":{"1":{"name":"_interopRequireDefault","line":0,"loc":{"start":{"line":0,"column":0},"end":{"line":0,"column":0}},"skip":true}},"statementMap":{"1":{"start":{"line":0,"column":0},"end":{"line":0,"column":0},"skip":true},"2":{"start":{"line":1,"column":0},"end":{"line":null,"column":null}},"3":{"start":{"line":0,"column":0},"end":{"line":0,"column":0},"skip":true},"4":{"start":{"line":2,"column":0},"end":{"line":null,"column":null}},"5":{"start":{"line":0,"column":0},"end":{"line":0,"column":0},"skip":true},"6":{"start":{"line":3,"column":0},"end":{"line":null,"column":null}},"7":{"start":{"line":0,"column":0},"end":{"line":0,"column":0},"skip":true},"8":{"start":{"line":4,"column":0},"end":{"line":null,"column":null}},"9":{"start":{"line":0,"column":0},"end":{"line":0,"column":0},"skip":true},"10":{"start":{"line":5,"column":0},"end":{"line":null,"column":null}},"11":{"start":{"line":0,"column":0},"end":{"line":0,"column":0},"skip":true},"12":{"start":{"line":6,"column":0},"end":{"line":null,"column":null}},"13":{"start":{"line":0,"column":0},"end":{"line":0,"column":0},"skip":true},"14":{"start":{"line":0,"column":0},"end":{"line":0,"column":0},"skip":true},"15":{"start":{"line":0,"column":0},"end":{"line":0,"column":0},"skip":true},"16":{"start":{"line":8,"column":0},"end":{"line":null,"column":null}},"17":{"start":{"line":10,"column":0},"end":{"line":null,"column":null}},"18":{"start":{"line":12,"column":0},"end":{"line":null,"column":null}},"19":{"start":{"line":15,"column":0},"end":{"line":null,"column":null}},"20":{"start":{"line":18,"column":0},"end":{"line":null,"column":null}},"21":{"start":{"line":21,"column":0},"end":{"line":null,"column":null}},"22":{"start":{"line":24,"column":15},"end":{"line":null,"column":null}}},"branchMap":{"1":{"line":0,"type":"cond-expr","locations":[{"start":{"line":0,"column":0},"end":{"line":0,"column":0},"skip":true},{"start":{"line":0,"column":0},"end":{"line":0,"column":0},"skip":true}]},"2":{"line":0,"type":"binary-expr","locations":[{"start":{"line":0,"column":0},"end":{"line":0,"column":0},"skip":true},{"start":{"line":0,"column":0},"end":{"line":0,"column":0},"skip":true}]}}},"/Users/andeladeveloper/repositories/PostIt/server/controllers/GroupController.js":{"path":"/Users/andeladeveloper/repositories/PostIt/server/controllers/GroupController.js","s":{"1":1,"2":1,"3":1,"4":1,"5":1,"6":1,"7":1,"8":1,"9":1,"10":1,"11":1,"12":1,"13":0,"14":1,"15":1,"16":1,"17":1,"18":1,"19":0,"20":0,"21":1,"22":1,"23":0,"24":1,"25":2,"26":2,"27":2,"28":2,"29":2,"30":2,"31":2,"32":0,"33":1,"34":1},"b":{"1":[1,1],"2":[1,0],"3":[0,1],"4":[1,0],"5":[0,0],"6":[2,0]},"f":{"1":1,"2":1,"3":1,"4":0,"5":1,"6":0,"7":2,"8":2,"9":0},"fnMap":{"1":{"name":"(anonymous_1)","line":0,"loc":{"start":{"line":0,"column":0},"end":{"line":0,"column":0}},"skip":true},"2":{"name":"defineProperties","line":0,"loc":{"start":{"line":0,"column":0},"end":{"line":0,"column":0}},"skip":true},"3":{"name":"(anonymous_3)","line":0,"loc":{"start":{"line":0,"column":0},"end":{"line":0,"column":0}},"skip":true},"4":{"name":"_classCallCheck","line":0,"loc":{"start":{"line":0,"column":0},"end":{"line":0,"column":0}},"skip":true},"5":{"name":"(anonymous_5)","line":0,"loc":{"start":{"line":0,"column":0},"end":{"line":0,"column":0}},"skip":true},"6":{"name":"GroupClass","line":0,"loc":{"start":{"line":0,"column":0},"end":{"line":0,"column":0}},"skip":true},"7":{"name":"create","line":21,"loc":{"start":{"line":21,"column":16},"end":{"line":21,"column":26}}},"8":{"name":"(anonymous_8)","line":29,"loc":{"start":{"line":29,"column":12},"end":{"line":29,"column":30}}},"9":{"name":"(anonymous_9)","line":46,"loc":{"start":{"line":46,"column":13},"end":{"line":46,"column":24}}}},"statementMap":{"1":{"start":{"line":0,"column":0},"end":{"line":0,"column":0},"skip":true},"2":{"start":{"line":0,"column":0},"end":{"line":0,"column":0},"skip":true},"3":{"start":{"line":0,"column":0},"end":{"line":0,"column":0},"skip":true},"4":{"start":{"line":0,"column":0},"end":{"line":0,"column":0},"skip":true},"5":{"start":{"line":0,"column":0},"end":{"line":0,"column":0},"skip":true},"6":{"start":{"line":0,"column":0},"end":{"line":0,"column":0},"skip":true},"7":{"start":{"line":0,"column":0},"end":{"line":0,"column":0},"skip":true},"8":{"start":{"line":0,"column":0},"end":{"line":0,"column":0},"skip":true},"9":{"start":{"line":0,"column":0},"end":{"line":0,"column":0},"skip":true},"10":{"start":{"line":0,"column":0},"end":{"line":0,"column":0},"skip":true},"11":{"start":{"line":0,"column":0},"end":{"line":0,"column":0},"skip":true},"12":{"start":{"line":0,"column":0},"end":{"line":0,"column":0},"skip":true},"13":{"start":{"line":0,"column":0},"end":{"line":0,"column":0},"skip":true},"14":{"start":{"line":0,"column":0},"end":{"line":0,"column":0},"skip":true},"15":{"start":{"line":0,"column":0},"end":{"line":0,"column":0},"skip":true},"16":{"start":{"line":0,"column":0},"end":{"line":0,"column":0},"skip":true},"17":{"start":{"line":1,"column":0},"end":{"line":null,"column":null}},"18":{"start":{"line":0,"column":0},"end":{"line":0,"column":0},"skip":true},"19":{"start":{"line":0,"column":0},"end":{"line":0,"column":0},"skip":true},"20":{"start":{"line":0,"column":0},"end":{"line":0,"column":0},"skip":true},"21":{"start":{"line":8,"column":6},"end":{"line":null,"column":null}},"22":{"start":{"line":0,"column":0},"end":{"line":0,"column":0},"skip":true},"23":{"start":{"line":0,"column":0},"end":{"line":0,"column":0},"skip":true},"24":{"start":{"line":0,"column":0},"end":{"line":0,"column":0},"skip":true},"25":{"start":{"line":22,"column":10},"end":{"line":null,"column":null}},"26":{"start":{"line":24,"column":7},"end":{"line":null,"column":null}},"27":{"start":{"line":30,"column":21},"end":{"line":null,"column":null}},"28":{"start":{"line":31,"column":12},"end":{"line":null,"column":null}},"29":{"start":{"line":32,"column":18},"end":{"line":null,"column":null}},"30":{"start":{"line":36,"column":16},"end":{"line":null,"column":null}},"31":{"start":{"line":43,"column":17},"end":{"line":null,"column":null}},"32":{"start":{"line":47,"column":12},"end":{"line":null,"column":null}},"33":{"start":{"line":0,"column":0},"end":{"line":0,"column":0},"skip":true},"34":{"start":{"line":52,"column":15},"end":{"line":null,"column":null}}},"branchMap":{"1":{"line":0,"type":"binary-expr","locations":[{"start":{"line":0,"column":0},"end":{"line":0,"column":0},"skip":true},{"start":{"line":0,"column":0},"end":{"line":0,"column":0},"skip":true}]},"2":{"line":0,"type":"if","locations":[{"start":{"line":0,"column":0},"end":{"line":0,"column":0},"skip":true},{"start":{"line":0,"column":0},"end":{"line":0,"column":0},"skip":true}]},"3":{"line":0,"type":"if","locations":[{"start":{"line":0,"column":0},"end":{"line":0,"column":0},"skip":true},{"start":{"line":0,"column":0},"end":{"line":0,"column":0},"skip":true}]},"4":{"line":0,"type":"if","locations":[{"start":{"line":0,"column":0},"end":{"line":0,"column":0},"skip":true},{"start":{"line":0,"column":0},"end":{"line":0,"column":0},"skip":true}]},"5":{"line":0,"type":"if","locations":[{"start":{"line":0,"column":0},"end":{"line":0,"column":0},"skip":true},{"start":{"line":0,"column":0},"end":{"line":0,"column":0},"skip":true}]},"6":{"line":31,"type":"if","locations":[{"start":{"line":31,"column":12},"end":{"line":31,"column":12}},{"start":{"line":31,"column":12},"end":{"line":31,"column":12}}]}}},"/Users/andeladeveloper/repositories/PostIt/server/controllers/MessageController.js":{"path":"/Users/andeladeveloper/repositories/PostIt/server/controllers/MessageController.js","s":{"1":1,"2":1,"3":1,"4":1,"5":2,"6":2,"7":2,"8":2,"9":2,"10":2,"11":1,"12":1,"13":0,"14":1,"15":1,"16":1,"17":1,"18":1,"19":1,"20":1,"21":1,"22":1,"23":0,"24":0,"25":1,"26":1,"27":0,"28":1,"29":3,"30":2,"31":1,"32":1,"33":1,"34":1,"35":1,"36":1,"37":1,"38":0,"39":1,"40":0,"41":1,"42":1,"43":0,"44":1,"45":1},"b":{"1":[2,2],"2":[2,0],"3":[0,1],"4":[1,0],"5":[1,0],"6":[1,1],"7":[0,0],"8":[2,1],"9":[3,2],"10":[1,0],"11":[1,0],"12":[0,1]},"f":{"1":1,"2":1,"3":1,"4":1,"5":0,"6":1,"7":0,"8":3,"9":1,"10":1,"11":1,"12":1,"13":0,"14":1,"15":1,"16":0},"fnMap":{"1":{"name":"(anonymous_1)","line":0,"loc":{"start":{"line":0,"column":0},"end":{"line":0,"column":0}},"skip":true},"2":{"name":"defineProperties","line":0,"loc":{"start":{"line":0,"column":0},"end":{"line":0,"column":0}},"skip":true},"3":{"name":"(anonymous_3)","line":0,"loc":{"start":{"line":0,"column":0},"end":{"line":0,"column":0}},"skip":true},"4":{"name":"_interopRequireDefault","line":0,"loc":{"start":{"line":0,"column":0},"end":{"line":0,"column":0}},"skip":true},"5":{"name":"_classCallCheck","line":0,"loc":{"start":{"line":0,"column":0},"end":{"line":0,"column":0}},"skip":true},"6":{"name":"(anonymous_6)","line":0,"loc":{"start":{"line":0,"column":0},"end":{"line":0,"column":0}},"skip":true},"7":{"name":"MessageClass","line":0,"loc":{"start":{"line":0,"column":0},"end":{"line":0,"column":0}},"skip":true},"8":{"name":"create","line":21,"loc":{"start":{"line":21,"column":16},"end":{"line":21,"column":26}}},"9":{"name":"(anonymous_9)","line":30,"loc":{"start":{"line":30,"column":12},"end":{"line":30,"column":32}}},"10":{"name":"(anonymous_10)","line":33,"loc":{"start":{"line":33,"column":16},"end":{"line":33,"column":27}}},"11":{"name":"(anonymous_11)","line":34,"loc":{"start":{"line":34,"column":34},"end":{"line":34,"column":45}}},"12":{"name":"(anonymous_12)","line":35,"loc":{"start":{"line":35,"column":28},"end":{"line":35,"column":38}}},"13":{"name":"(anonymous_13)","line":46,"loc":{"start":{"line":46,"column":13},"end":{"line":null,"column":null}}},"14":{"name":"retrieve","line":62,"loc":{"start":{"line":62,"column":18},"end":{"line":62,"column":28}}},"15":{"name":"(anonymous_15)","line":78,"loc":{"start":{"line":78,"column":12},"end":{"line":78,"column":34}}},"16":{"name":"(anonymous_16)","line":80,"loc":{"start":{"line":80,"column":13},"end":{"line":null,"column":null}}}},"statementMap":{"1":{"start":{"line":0,"column":0},"end":{"line":0,"column":0},"skip":true},"2":{"start":{"line":0,"column":0},"end":{"line":0,"column":0},"skip":true},"3":{"start":{"line":0,"column":0},"end":{"line":0,"column":0},"skip":true},"4":{"start":{"line":0,"column":0},"end":{"line":0,"column":0},"skip":true},"5":{"start":{"line":0,"column":0},"end":{"line":0,"column":0},"skip":true},"6":{"start":{"line":0,"column":0},"end":{"line":0,"column":0},"skip":true},"7":{"start":{"line":0,"column":0},"end":{"line":0,"column":0},"skip":true},"8":{"start":{"line":0,"column":0},"end":{"line":0,"column":0},"skip":true},"9":{"start":{"line":0,"column":0},"end":{"line":0,"column":0},"skip":true},"10":{"start":{"line":0,"column":0},"end":{"line":0,"column":0},"skip":true},"11":{"start":{"line":0,"column":0},"end":{"line":0,"column":0},"skip":true},"12":{"start":{"line":0,"column":0},"end":{"line":0,"column":0},"skip":true},"13":{"start":{"line":0,"column":0},"end":{"line":0,"column":0},"skip":true},"14":{"start":{"line":0,"column":0},"end":{"line":0,"column":0},"skip":true},"15":{"start":{"line":0,"column":0},"end":{"line":0,"column":0},"skip":true},"16":{"start":{"line":0,"column":0},"end":{"line":0,"column":0},"skip":true},"17":{"start":{"line":1,"column":0},"end":{"line":null,"column":null}},"18":{"start":{"line":0,"column":0},"end":{"line":0,"column":0},"skip":true},"19":{"start":{"line":2,"column":0},"end":{"line":null,"column":null}},"20":{"start":{"line":0,"column":0},"end":{"line":0,"column":0},"skip":true},"21":{"start":{"line":0,"column":0},"end":{"line":0,"column":0},"skip":true},"22":{"start":{"line":0,"column":0},"end":{"line":0,"column":0},"skip":true},"23":{"start":{"line":0,"column":0},"end":{"line":0,"column":0},"skip":true},"24":{"start":{"line":0,"column":0},"end":{"line":0,"column":0},"skip":true},"25":{"start":{"line":8,"column":6},"end":{"line":null,"column":null}},"26":{"start":{"line":0,"column":0},"end":{"line":0,"column":0},"skip":true},"27":{"start":{"line":0,"column":0},"end":{"line":0,"column":0},"skip":true},"28":{"start":{"line":0,"column":0},"end":{"line":0,"column":0},"skip":true},"29":{"start":{"line":22,"column":8},"end":{"line":null,"column":null}},"30":{"start":{"line":23,"column":13},"end":{"line":null,"column":null}},"31":{"start":{"line":27,"column":40},"end":{"line":null,"column":null}},"32":{"start":{"line":29,"column":7},"end":{"line":null,"column":null}},"33":{"start":{"line":31,"column":12},"end":{"line":null,"column":null}},"34":{"start":{"line":32,"column":16},"end":{"line":null,"column":null}},"35":{"start":{"line":34,"column":18},"end":{"line":null,"column":null}},"36":{"start":{"line":35,"column":20},"end":{"line":null,"column":null}},"37":{"start":{"line":36,"column":20},"end":{"line":null,"column":null}},"38":{"start":{"line":37,"column":35},"end":{"line":null,"column":null}},"39":{"start":{"line":43,"column":15},"end":{"line":null,"column":null}},"40":{"start":{"line":46,"column":19},"end":{"line":null,"column":null}},"41":{"start":{"line":63,"column":12},"end":{"line":null,"column":null}},"42":{"start":{"line":79,"column":10},"end":{"line":null,"column":null}},"43":{"start":{"line":80,"column":22},"end":{"line":null,"column":null}},"44":{"start":{"line":0,"column":0},"end":{"line":0,"column":0},"skip":true},"45":{"start":{"line":83,"column":15},"end":{"line":null,"column":null}}},"branchMap":{"1":{"line":0,"type":"binary-expr","locations":[{"start":{"line":0,"column":0},"end":{"line":0,"column":0},"skip":true},{"start":{"line":0,"column":0},"end":{"line":0,"column":0},"skip":true}]},"2":{"line":0,"type":"if","locations":[{"start":{"line":0,"column":0},"end":{"line":0,"column":0},"skip":true},{"start":{"line":0,"column":0},"end":{"line":0,"column":0},"skip":true}]},"3":{"line":0,"type":"if","locations":[{"start":{"line":0,"column":0},"end":{"line":0,"column":0},"skip":true},{"start":{"line":0,"column":0},"end":{"line":0,"column":0},"skip":true}]},"4":{"line":0,"type":"if","locations":[{"start":{"line":0,"column":0},"end":{"line":0,"column":0},"skip":true},{"start":{"line":0,"column":0},"end":{"line":0,"column":0},"skip":true}]},"5":{"line":0,"type":"cond-expr","locations":[{"start":{"line":0,"column":0},"end":{"line":0,"column":0},"skip":true},{"start":{"line":0,"column":0},"end":{"line":0,"column":0},"skip":true}]},"6":{"line":0,"type":"binary-expr","locations":[{"start":{"line":0,"column":0},"end":{"line":0,"column":0},"skip":true},{"start":{"line":0,"column":0},"end":{"line":0,"column":0},"skip":true}]},"7":{"line":0,"type":"if","locations":[{"start":{"line":0,"column":0},"end":{"line":0,"column":0},"skip":true},{"start":{"line":0,"column":0},"end":{"line":0,"column":0},"skip":true}]},"8":{"line":22,"type":"if","locations":[{"start":{"line":22,"column":8},"end":{"line":22,"column":8}},{"start":{"line":22,"column":8},"end":{"line":22,"column":8}}]},"9":{"line":22,"type":"binary-expr","locations":[{"start":{"line":22,"column":8},"end":{"line":22,"column":8}},{"start":{"line":22,"column":29},"end":{"line":22,"column":4}}]},"10":{"line":31,"type":"if","locations":[{"start":{"line":31,"column":12},"end":{"line":31,"column":12}},{"start":{"line":31,"column":12},"end":{"line":31,"column":12}}]},"11":{"line":31,"type":"binary-expr","locations":[{"start":{"line":31,"column":12},"end":{"line":31,"column":12}},{"start":{"line":31,"column":54},"end":{"line":31,"column":8}}]},"12":{"line":36,"type":"if","locations":[{"start":{"line":36,"column":20},"end":{"line":36,"column":20}},{"start":{"line":36,"column":20},"end":{"line":36,"column":20}}]}}},"/Users/andeladeveloper/repositories/PostIt/server/middleware/notification.js":{"path":"/Users/andeladeveloper/repositories/PostIt/server/middleware/notification.js","s":{"1":1,"2":1,"3":1,"4":1,"5":1,"6":1,"7":0,"8":0,"9":0,"10":1},"b":{"1":[0,1],"2":[1,1]},"f":{"1":1,"2":0},"fnMap":{"1":{"name":"_interopRequireDefault","line":0,"loc":{"start":{"line":0,"column":0},"end":{"line":0,"column":0}},"skip":true},"2":{"name":"sendNotification","line":4,"loc":{"start":{"line":4,"column":25},"end":{"line":4,"column":50}}}},"statementMap":{"1":{"start":{"line":0,"column":0},"end":{"line":0,"column":0},"skip":true},"2":{"start":{"line":1,"column":0},"end":{"line":null,"column":null}},"3":{"start":{"line":0,"column":0},"end":{"line":0,"column":0},"skip":true},"4":{"start":{"line":0,"column":0},"end":{"line":0,"column":0},"skip":true},"5":{"start":{"line":0,"column":0},"end":{"line":0,"column":0},"skip":true},"6":{"start":{"line":4,"column":0},"end":{"line":null,"column":null}},"7":{"start":{"line":5,"column":8},"end":{"line":null,"column":null}},"8":{"start":{"line":13,"column":8},"end":{"line":null,"column":null}},"9":{"start":{"line":23,"column":14},"end":{"line":null,"column":null}},"10":{"start":{"line":26,"column":15},"end":{"line":null,"column":null}}},"branchMap":{"1":{"line":0,"type":"cond-expr","locations":[{"start":{"line":0,"column":0},"end":{"line":0,"column":0},"skip":true},{"start":{"line":0,"column":0},"end":{"line":0,"column":0},"skip":true}]},"2":{"line":0,"type":"binary-expr","locations":[{"start":{"line":0,"column":0},"end":{"line":0,"column":0},"skip":true},{"start":{"line":0,"column":0},"end":{"line":0,"column":0},"skip":true}]}}},"/Users/andeladeveloper/repositories/PostIt/webpack.config.js":{"path":"/Users/andeladeveloper/repositories/PostIt/webpack.config.js","s":{"1":1,"2":1,"3":1,"4":1,"5":1,"6":1,"7":1,"8":1,"9":1},"b":{"1":[1,0],"2":[0,1]},"f":{},"fnMap":{},"statementMap":{"1":{"start":{"line":1,"column":0},"end":{"line":null,"column":null}},"2":{"start":{"line":2,"column":0},"end":{"line":null,"column":null}},"3":{"start":{"line":3,"column":0},"end":{"line":null,"column":null}},"4":{"start":{"line":4,"column":0},"end":{"line":null,"column":null}},"5":{"start":{"line":6,"column":0},"end":{"line":null,"column":null}},"6":{"start":{"line":12,"column":0},"end":{"line":null,"column":null}},"7":{"start":{"line":15,"column":0},"end":{"line":null,"column":null}},"8":{"start":{"line":17,"column":0},"end":{"line":null,"column":null}},"9":{"start":{"line":19,"column":0},"end":{"line":null,"column":null}}},"branchMap":{"1":{"line":17,"type":"binary-expr","locations":[{"start":{"line":17,"column":23},"end":{"line":17,"column":23}},{"start":{"line":17,"column":47},"end":{"line":17,"column":0}}]},"2":{"line":29,"type":"cond-expr","locations":[{"start":{"line":29,"column":51},"end":{"line":29,"column":11}},{"start":{"line":29,"column":63},"end":{"line":19,"column":17}}]}}}}