{"/Users/andeladeveloper/repositories/PostIt/client/src/actions/actionTypes.js": {"path":"/Users/andeladeveloper/repositories/PostIt/client/src/actions/actionTypes.js","statementMap":{"0":{"start":{"line":1,"column":31},"end":{"line":1,"column":48}},"1":{"start":{"line":2,"column":35},"end":{"line":2,"column":56}},"2":{"start":{"line":3,"column":39},"end":{"line":3,"column":64}},"3":{"start":{"line":4,"column":33},"end":{"line":4,"column":52}},"4":{"start":{"line":5,"column":41},"end":{"line":5,"column":68}},"5":{"start":{"line":6,"column":39},"end":{"line":6,"column":64}},"6":{"start":{"line":7,"column":39},"end":{"line":7,"column":64}},"7":{"start":{"line":8,"column":36},"end":{"line":8,"column":58}},"8":{"start":{"line":9,"column":43},"end":{"line":9,"column":72}},"9":{"start":{"line":10,"column":34},"end":{"line":10,"column":54}},"10":{"start":{"line":11,"column":44},"end":{"line":11,"column":74}},"11":{"start":{"line":12,"column":38},"end":{"line":12,"column":62}}},"fnMap":{},"branchMap":{},"s":{"0":22,"1":22,"2":22,"3":22,"4":22,"5":22,"6":22,"7":22,"8":22,"9":22,"10":22,"11":22},"f":{},"b":{},"_coverageSchema":"332fd63041d2c1bcb487cc26dd0d5f7d97098a6c","hash":"1cd07bf9ae74a9c3177e1f73d9c1bbc2512cf2dd"}
,"/Users/andeladeveloper/repositories/PostIt/client/src/actions/groupAction.js": {"path":"/Users/andeladeveloper/repositories/PostIt/client/src/actions/groupAction.js","statementMap":{"0":{"start":{"line":15,"column":2},"end":{"line":18,"column":4}},"1":{"start":{"line":31,"column":2},"end":{"line":36,"column":43}},"2":{"start":{"line":32,"column":4},"end":{"line":36,"column":42}},"3":{"start":{"line":34,"column":8},"end":{"line":34,"column":69}},"4":{"start":{"line":36,"column":22},"end":{"line":36,"column":41}},"5":{"start":{"line":51,"column":2},"end":{"line":63,"column":4}},"6":{"start":{"line":52,"column":4},"end":{"line":62,"column":9}},"7":{"start":{"line":54,"column":8},"end":{"line":54,"column":41}},"8":{"start":{"line":55,"column":8},"end":{"line":55,"column":46}},"9":{"start":{"line":56,"column":8},"end":{"line":56,"column":36}},"10":{"start":{"line":59,"column":8},"end":{"line":61,"column":9}},"11":{"start":{"line":60,"column":10},"end":{"line":60,"column":51}},"12":{"start":{"line":74,"column":2},"end":{"line":77,"column":4}},"13":{"start":{"line":88,"column":2},"end":{"line":91,"column":4}},"14":{"start":{"line":89,"column":4},"end":{"line":89,"column":37}},"15":{"start":{"line":90,"column":4},"end":{"line":90,"column":41}}},"fnMap":{"0":{"name":"retrieveGroupsSuccess","decl":{"start":{"line":14,"column":16},"end":{"line":14,"column":37}},"loc":{"start":{"line":14,"column":46},"end":{"line":19,"column":1}},"line":14},"1":{"name":"retrieveGroups","decl":{"start":{"line":30,"column":16},"end":{"line":30,"column":30}},"loc":{"start":{"line":30,"column":39},"end":{"line":37,"column":1}},"line":30},"2":{"name":"(anonymous_2)","decl":{"start":{"line":31,"column":9},"end":{"line":31,"column":10}},"loc":{"start":{"line":32,"column":4},"end":{"line":36,"column":42}},"line":32},"3":{"name":"(anonymous_3)","decl":{"start":{"line":33,"column":12},"end":{"line":33,"column":13}},"loc":{"start":{"line":33,"column":26},"end":{"line":35,"column":7}},"line":33},"4":{"name":"(anonymous_4)","decl":{"start":{"line":36,"column":13},"end":{"line":36,"column":14}},"loc":{"start":{"line":36,"column":22},"end":{"line":36,"column":41}},"line":36},"5":{"name":"createGroup","decl":{"start":{"line":50,"column":16},"end":{"line":50,"column":27}},"loc":{"start":{"line":50,"column":42},"end":{"line":64,"column":1}},"line":50},"6":{"name":"(anonymous_6)","decl":{"start":{"line":51,"column":9},"end":{"line":51,"column":10}},"loc":{"start":{"line":51,"column":23},"end":{"line":63,"column":3}},"line":51},"7":{"name":"(anonymous_7)","decl":{"start":{"line":53,"column":12},"end":{"line":53,"column":13}},"loc":{"start":{"line":53,"column":26},"end":{"line":57,"column":7}},"line":53},"8":{"name":"(anonymous_8)","decl":{"start":{"line":58,"column":13},"end":{"line":58,"column":14}},"loc":{"start":{"line":58,"column":24},"end":{"line":62,"column":7}},"line":58},"9":{"name":"activeGroupSuccess","decl":{"start":{"line":73,"column":16},"end":{"line":73,"column":34}},"loc":{"start":{"line":73,"column":43},"end":{"line":78,"column":1}},"line":73},"10":{"name":"activeGroup","decl":{"start":{"line":87,"column":16},"end":{"line":87,"column":27}},"loc":{"start":{"line":87,"column":36},"end":{"line":92,"column":1}},"line":87},"11":{"name":"(anonymous_11)","decl":{"start":{"line":88,"column":9},"end":{"line":88,"column":10}},"loc":{"start":{"line":88,"column":23},"end":{"line":91,"column":3}},"line":88}},"branchMap":{"0":{"loc":{"start":{"line":59,"column":8},"end":{"line":61,"column":9}},"type":"if","locations":[{"start":{"line":59,"column":8},"end":{"line":61,"column":9}},{"start":{"line":59,"column":8},"end":{"line":61,"column":9}}],"line":59}},"s":{"0":3,"1":2,"2":2,"3":2,"4":0,"5":1,"6":1,"7":1,"8":1,"9":0,"10":1,"11":0,"12":1,"13":0,"14":0,"15":0},"f":{"0":3,"1":2,"2":2,"3":2,"4":0,"5":1,"6":1,"7":1,"8":1,"9":1,"10":0,"11":0},"b":{"0":[0,1]},"_coverageSchema":"332fd63041d2c1bcb487cc26dd0d5f7d97098a6c","hash":"5f1dc48532827936d471df5fe2c05266ff6da330"}
,"/Users/andeladeveloper/repositories/PostIt/client/src/actions/messageAction.js": {"path":"/Users/andeladeveloper/repositories/PostIt/client/src/actions/messageAction.js","statementMap":{"0":{"start":{"line":13,"column":2},"end":{"line":16,"column":4}},"1":{"start":{"line":27,"column":2},"end":{"line":30,"column":4}},"2":{"start":{"line":41,"column":2},"end":{"line":46,"column":43}},"3":{"start":{"line":42,"column":4},"end":{"line":46,"column":42}},"4":{"start":{"line":44,"column":8},"end":{"line":44,"column":51}},"5":{"start":{"line":46,"column":22},"end":{"line":46,"column":41}},"6":{"start":{"line":59,"column":2},"end":{"line":64,"column":43}},"7":{"start":{"line":60,"column":4},"end":{"line":64,"column":42}},"8":{"start":{"line":62,"column":8},"end":{"line":62,"column":39}},"9":{"start":{"line":64,"column":22},"end":{"line":64,"column":41}}},"fnMap":{"0":{"name":"messageSuccess","decl":{"start":{"line":12,"column":16},"end":{"line":12,"column":30}},"loc":{"start":{"line":12,"column":40},"end":{"line":17,"column":1}},"line":12},"1":{"name":"getMessageSuccess","decl":{"start":{"line":26,"column":16},"end":{"line":26,"column":33}},"loc":{"start":{"line":26,"column":44},"end":{"line":31,"column":1}},"line":26},"2":{"name":"getMessages","decl":{"start":{"line":40,"column":16},"end":{"line":40,"column":27}},"loc":{"start":{"line":40,"column":37},"end":{"line":47,"column":1}},"line":40},"3":{"name":"(anonymous_3)","decl":{"start":{"line":41,"column":9},"end":{"line":41,"column":10}},"loc":{"start":{"line":42,"column":4},"end":{"line":46,"column":42}},"line":42},"4":{"name":"(anonymous_4)","decl":{"start":{"line":43,"column":12},"end":{"line":43,"column":13}},"loc":{"start":{"line":43,"column":26},"end":{"line":45,"column":7}},"line":43},"5":{"name":"(anonymous_5)","decl":{"start":{"line":46,"column":13},"end":{"line":46,"column":14}},"loc":{"start":{"line":46,"column":22},"end":{"line":46,"column":41}},"line":46},"6":{"name":"postMessage","decl":{"start":{"line":58,"column":16},"end":{"line":58,"column":27}},"loc":{"start":{"line":58,"column":43},"end":{"line":65,"column":1}},"line":58},"7":{"name":"(anonymous_7)","decl":{"start":{"line":59,"column":9},"end":{"line":59,"column":10}},"loc":{"start":{"line":60,"column":4},"end":{"line":64,"column":42}},"line":60},"8":{"name":"(anonymous_8)","decl":{"start":{"line":61,"column":12},"end":{"line":61,"column":13}},"loc":{"start":{"line":61,"column":18},"end":{"line":63,"column":7}},"line":61},"9":{"name":"(anonymous_9)","decl":{"start":{"line":64,"column":13},"end":{"line":64,"column":14}},"loc":{"start":{"line":64,"column":22},"end":{"line":64,"column":41}},"line":64}},"branchMap":{},"s":{"0":1,"1":3,"2":2,"3":2,"4":2,"5":0,"6":1,"7":1,"8":1,"9":0},"f":{"0":1,"1":3,"2":2,"3":2,"4":2,"5":0,"6":1,"7":1,"8":1,"9":0},"b":{},"_coverageSchema":"332fd63041d2c1bcb487cc26dd0d5f7d97098a6c","hash":"02ef3babf4932c4ac67d8e26f7b0faf51266882f"}
,"/Users/andeladeveloper/repositories/PostIt/client/src/actions/resetPasswordAction.js": {"path":"/Users/andeladeveloper/repositories/PostIt/client/src/actions/resetPasswordAction.js","statementMap":{"0":{"start":{"line":14,"column":2},"end":{"line":17,"column":4}},"1":{"start":{"line":29,"column":2},"end":{"line":41,"column":4}},"2":{"start":{"line":30,"column":4},"end":{"line":40,"column":9}},"3":{"start":{"line":33,"column":8},"end":{"line":33,"column":58}},"4":{"start":{"line":34,"column":8},"end":{"line":34,"column":53}},"5":{"start":{"line":37,"column":8},"end":{"line":39,"column":9}},"6":{"start":{"line":38,"column":10},"end":{"line":38,"column":59}},"7":{"start":{"line":50,"column":2},"end":{"line":53,"column":4}},"8":{"start":{"line":66,"column":2},"end":{"line":79,"column":4}},"9":{"start":{"line":67,"column":4},"end":{"line":78,"column":9}},"10":{"start":{"line":70,"column":8},"end":{"line":70,"column":54}},"11":{"start":{"line":71,"column":8},"end":{"line":71,"column":46}},"12":{"start":{"line":72,"column":8},"end":{"line":72,"column":40}},"13":{"start":{"line":75,"column":8},"end":{"line":77,"column":9}},"14":{"start":{"line":76,"column":10},"end":{"line":76,"column":59}}},"fnMap":{"0":{"name":"passwordResetLinkSuccess","decl":{"start":{"line":13,"column":16},"end":{"line":13,"column":40}},"loc":{"start":{"line":13,"column":47},"end":{"line":18,"column":1}},"line":13},"1":{"name":"passwordResetLink","decl":{"start":{"line":28,"column":16},"end":{"line":28,"column":33}},"loc":{"start":{"line":28,"column":45},"end":{"line":42,"column":1}},"line":28},"2":{"name":"(anonymous_2)","decl":{"start":{"line":29,"column":9},"end":{"line":29,"column":10}},"loc":{"start":{"line":29,"column":23},"end":{"line":41,"column":3}},"line":29},"3":{"name":"(anonymous_3)","decl":{"start":{"line":32,"column":12},"end":{"line":32,"column":13}},"loc":{"start":{"line":32,"column":26},"end":{"line":35,"column":7}},"line":32},"4":{"name":"(anonymous_4)","decl":{"start":{"line":36,"column":13},"end":{"line":36,"column":14}},"loc":{"start":{"line":36,"column":24},"end":{"line":40,"column":7}},"line":36},"5":{"name":"resetPasswordSuccess","decl":{"start":{"line":49,"column":16},"end":{"line":49,"column":36}},"loc":{"start":{"line":49,"column":43},"end":{"line":54,"column":1}},"line":49},"6":{"name":"resetPassword","decl":{"start":{"line":65,"column":16},"end":{"line":65,"column":29}},"loc":{"start":{"line":65,"column":51},"end":{"line":80,"column":1}},"line":65},"7":{"name":"(anonymous_7)","decl":{"start":{"line":66,"column":9},"end":{"line":66,"column":10}},"loc":{"start":{"line":66,"column":23},"end":{"line":79,"column":3}},"line":66},"8":{"name":"(anonymous_8)","decl":{"start":{"line":69,"column":12},"end":{"line":69,"column":13}},"loc":{"start":{"line":69,"column":26},"end":{"line":73,"column":7}},"line":69},"9":{"name":"(anonymous_9)","decl":{"start":{"line":74,"column":13},"end":{"line":74,"column":14}},"loc":{"start":{"line":74,"column":24},"end":{"line":78,"column":7}},"line":74}},"branchMap":{"0":{"loc":{"start":{"line":37,"column":8},"end":{"line":39,"column":9}},"type":"if","locations":[{"start":{"line":37,"column":8},"end":{"line":39,"column":9}},{"start":{"line":37,"column":8},"end":{"line":39,"column":9}}],"line":37},"1":{"loc":{"start":{"line":75,"column":8},"end":{"line":77,"column":9}},"type":"if","locations":[{"start":{"line":75,"column":8},"end":{"line":77,"column":9}},{"start":{"line":75,"column":8},"end":{"line":77,"column":9}}],"line":75}},"s":{"0":0,"1":0,"2":0,"3":0,"4":0,"5":0,"6":0,"7":0,"8":0,"9":0,"10":0,"11":0,"12":0,"13":0,"14":0},"f":{"0":0,"1":0,"2":0,"3":0,"4":0,"5":0,"6":0,"7":0,"8":0,"9":0},"b":{"0":[0,0],"1":[0,0]},"_coverageSchema":"332fd63041d2c1bcb487cc26dd0d5f7d97098a6c","hash":"526f7ac58738befcb5d6eab6e9d916cd457595a8"}
,"/Users/andeladeveloper/repositories/PostIt/client/src/actions/searchAction.js": {"path":"/Users/andeladeveloper/repositories/PostIt/client/src/actions/searchAction.js","statementMap":{"0":{"start":{"line":11,"column":2},"end":{"line":14,"column":4}},"1":{"start":{"line":27,"column":16},"end":{"line":27,"column":30}},"2":{"start":{"line":28,"column":17},"end":{"line":28,"column":32}},"3":{"start":{"line":29,"column":2},"end":{"line":34,"column":43}},"4":{"start":{"line":30,"column":4},"end":{"line":34,"column":42}},"5":{"start":{"line":32,"column":8},"end":{"line":32,"column":52}},"6":{"start":{"line":34,"column":22},"end":{"line":34,"column":41}}},"fnMap":{"0":{"name":"searchUsersSuccess","decl":{"start":{"line":10,"column":16},"end":{"line":10,"column":34}},"loc":{"start":{"line":10,"column":42},"end":{"line":15,"column":1}},"line":10},"1":{"name":"searchUsers","decl":{"start":{"line":26,"column":16},"end":{"line":26,"column":27}},"loc":{"start":{"line":26,"column":61},"end":{"line":35,"column":1}},"line":26},"2":{"name":"(anonymous_2)","decl":{"start":{"line":29,"column":9},"end":{"line":29,"column":10}},"loc":{"start":{"line":30,"column":4},"end":{"line":34,"column":42}},"line":30},"3":{"name":"(anonymous_3)","decl":{"start":{"line":31,"column":12},"end":{"line":31,"column":13}},"loc":{"start":{"line":31,"column":26},"end":{"line":33,"column":7}},"line":31},"4":{"name":"(anonymous_4)","decl":{"start":{"line":34,"column":13},"end":{"line":34,"column":14}},"loc":{"start":{"line":34,"column":22},"end":{"line":34,"column":41}},"line":34}},"branchMap":{"0":{"loc":{"start":{"line":27,"column":16},"end":{"line":27,"column":30}},"type":"binary-expr","locations":[{"start":{"line":27,"column":16},"end":{"line":27,"column":25}},{"start":{"line":27,"column":29},"end":{"line":27,"column":30}}],"line":27},"1":{"loc":{"start":{"line":28,"column":17},"end":{"line":28,"column":32}},"type":"binary-expr","locations":[{"start":{"line":28,"column":17},"end":{"line":28,"column":27}},{"start":{"line":28,"column":31},"end":{"line":28,"column":32}}],"line":28}},"s":{"0":2,"1":1,"2":1,"3":1,"4":1,"5":1,"6":0},"f":{"0":2,"1":1,"2":1,"3":1,"4":0},"b":{"0":[1,1],"1":[1,1]},"_coverageSchema":"332fd63041d2c1bcb487cc26dd0d5f7d97098a6c","hash":"b3cdac4f61a0a3c9f1e669f295926ad2806c8c38"}
,"/Users/andeladeveloper/repositories/PostIt/client/src/actions/userAction.js": {"path":"/Users/andeladeveloper/repositories/PostIt/client/src/actions/userAction.js","statementMap":{"0":{"start":{"line":11,"column":2},"end":{"line":14,"column":4}},"1":{"start":{"line":26,"column":2},"end":{"line":37,"column":7}},"2":{"start":{"line":27,"column":2},"end":{"line":37,"column":6}},"3":{"start":{"line":29,"column":6},"end":{"line":29,"column":46}},"4":{"start":{"line":30,"column":6},"end":{"line":30,"column":44}},"5":{"start":{"line":31,"column":6},"end":{"line":31,"column":34}},"6":{"start":{"line":34,"column":6},"end":{"line":36,"column":7}},"7":{"start":{"line":35,"column":8},"end":{"line":35,"column":57}}},"fnMap":{"0":{"name":"addUserSuccess","decl":{"start":{"line":10,"column":16},"end":{"line":10,"column":30}},"loc":{"start":{"line":10,"column":37},"end":{"line":15,"column":1}},"line":10},"1":{"name":"addUser","decl":{"start":{"line":25,"column":16},"end":{"line":25,"column":23}},"loc":{"start":{"line":25,"column":41},"end":{"line":38,"column":1}},"line":25},"2":{"name":"(anonymous_2)","decl":{"start":{"line":26,"column":9},"end":{"line":26,"column":10}},"loc":{"start":{"line":27,"column":2},"end":{"line":37,"column":6}},"line":27},"3":{"name":"(anonymous_3)","decl":{"start":{"line":28,"column":10},"end":{"line":28,"column":11}},"loc":{"start":{"line":28,"column":24},"end":{"line":32,"column":5}},"line":28},"4":{"name":"(anonymous_4)","decl":{"start":{"line":33,"column":11},"end":{"line":33,"column":12}},"loc":{"start":{"line":33,"column":22},"end":{"line":37,"column":5}},"line":33}},"branchMap":{"0":{"loc":{"start":{"line":34,"column":6},"end":{"line":36,"column":7}},"type":"if","locations":[{"start":{"line":34,"column":6},"end":{"line":36,"column":7}},{"start":{"line":34,"column":6},"end":{"line":36,"column":7}}],"line":34}},"s":{"0":2,"1":1,"2":1,"3":1,"4":1,"5":1,"6":1,"7":0},"f":{"0":2,"1":1,"2":1,"3":1,"4":1},"b":{"0":[0,1]},"_coverageSchema":"332fd63041d2c1bcb487cc26dd0d5f7d97098a6c","hash":"945015827bc1b2a03121e72e3e765570f1625143"}
,"/Users/andeladeveloper/repositories/PostIt/client/src/actions/auth/signinAction.js": {"path":"/Users/andeladeveloper/repositories/PostIt/client/src/actions/auth/signinAction.js","statementMap":{"0":{"start":{"line":15,"column":2},"end":{"line":18,"column":4}},"1":{"start":{"line":28,"column":2},"end":{"line":30,"column":4}},"2":{"start":{"line":42,"column":2},"end":{"line":56,"column":4}},"3":{"start":{"line":43,"column":4},"end":{"line":55,"column":9}},"4":{"start":{"line":45,"column":22},"end":{"line":45,"column":41}},"5":{"start":{"line":46,"column":8},"end":{"line":46,"column":43}},"6":{"start":{"line":47,"column":8},"end":{"line":47,"column":37}},"7":{"start":{"line":48,"column":8},"end":{"line":48,"column":50}},"8":{"start":{"line":49,"column":8},"end":{"line":49,"column":42}},"9":{"start":{"line":52,"column":8},"end":{"line":54,"column":9}},"10":{"start":{"line":53,"column":10},"end":{"line":53,"column":59}},"11":{"start":{"line":65,"column":2},"end":{"line":69,"column":4}},"12":{"start":{"line":66,"column":4},"end":{"line":66,"column":35}},"13":{"start":{"line":67,"column":4},"end":{"line":67,"column":31}},"14":{"start":{"line":68,"column":4},"end":{"line":68,"column":36}}},"fnMap":{"0":{"name":"signinSuccess","decl":{"start":{"line":14,"column":16},"end":{"line":14,"column":29}},"loc":{"start":{"line":14,"column":36},"end":{"line":19,"column":1}},"line":14},"1":{"name":"signoutSuccess","decl":{"start":{"line":27,"column":16},"end":{"line":27,"column":30}},"loc":{"start":{"line":27,"column":33},"end":{"line":31,"column":1}},"line":27},"2":{"name":"signinAction","decl":{"start":{"line":41,"column":16},"end":{"line":41,"column":28}},"loc":{"start":{"line":41,"column":42},"end":{"line":57,"column":1}},"line":41},"3":{"name":"(anonymous_3)","decl":{"start":{"line":42,"column":9},"end":{"line":42,"column":10}},"loc":{"start":{"line":42,"column":23},"end":{"line":56,"column":3}},"line":42},"4":{"name":"(anonymous_4)","decl":{"start":{"line":44,"column":12},"end":{"line":44,"column":13}},"loc":{"start":{"line":44,"column":26},"end":{"line":50,"column":7}},"line":44},"5":{"name":"(anonymous_5)","decl":{"start":{"line":51,"column":13},"end":{"line":51,"column":14}},"loc":{"start":{"line":51,"column":24},"end":{"line":55,"column":7}},"line":51},"6":{"name":"signoutUser","decl":{"start":{"line":64,"column":16},"end":{"line":64,"column":27}},"loc":{"start":{"line":64,"column":30},"end":{"line":70,"column":1}},"line":64},"7":{"name":"(anonymous_7)","decl":{"start":{"line":65,"column":9},"end":{"line":65,"column":10}},"loc":{"start":{"line":65,"column":23},"end":{"line":69,"column":3}},"line":65}},"branchMap":{"0":{"loc":{"start":{"line":52,"column":8},"end":{"line":54,"column":9}},"type":"if","locations":[{"start":{"line":52,"column":8},"end":{"line":54,"column":9}},{"start":{"line":52,"column":8},"end":{"line":54,"column":9}}],"line":52}},"s":{"0":2,"1":2,"2":1,"3":1,"4":1,"5":1,"6":1,"7":1,"8":1,"9":0,"10":0,"11":0,"12":0,"13":0,"14":0},"f":{"0":2,"1":2,"2":1,"3":1,"4":1,"5":0,"6":0,"7":0},"b":{"0":[0,0]},"_coverageSchema":"332fd63041d2c1bcb487cc26dd0d5f7d97098a6c","hash":"8d72fe4d0e493ea280d85a38848379be06c41fdd"}
,"/Users/andeladeveloper/repositories/PostIt/client/src/actions/auth/signupAction.js": {"path":"/Users/andeladeveloper/repositories/PostIt/client/src/actions/auth/signupAction.js","statementMap":{"0":{"start":{"line":16,"column":2},"end":{"line":19,"column":4}},"1":{"start":{"line":30,"column":2},"end":{"line":41,"column":4}},"2":{"start":{"line":31,"column":4},"end":{"line":40,"column":65}},"3":{"start":{"line":33,"column":22},"end":{"line":33,"column":41}},"4":{"start":{"line":34,"column":8},"end":{"line":34,"column":43}},"5":{"start":{"line":35,"column":8},"end":{"line":35,"column":37}},"6":{"start":{"line":36,"column":8},"end":{"line":36,"column":51}},"7":{"start":{"line":37,"column":8},"end":{"line":37,"column":46}},"8":{"start":{"line":38,"column":8},"end":{"line":38,"column":42}},"9":{"start":{"line":40,"column":22},"end":{"line":40,"column":63}}},"fnMap":{"0":{"name":"setCurrentUser","decl":{"start":{"line":15,"column":16},"end":{"line":15,"column":30}},"loc":{"start":{"line":15,"column":37},"end":{"line":20,"column":1}},"line":15},"1":{"name":"signupAction","decl":{"start":{"line":29,"column":16},"end":{"line":29,"column":28}},"loc":{"start":{"line":29,"column":39},"end":{"line":42,"column":1}},"line":29},"2":{"name":"(anonymous_2)","decl":{"start":{"line":30,"column":9},"end":{"line":30,"column":10}},"loc":{"start":{"line":30,"column":23},"end":{"line":41,"column":3}},"line":30},"3":{"name":"(anonymous_3)","decl":{"start":{"line":32,"column":12},"end":{"line":32,"column":13}},"loc":{"start":{"line":32,"column":26},"end":{"line":39,"column":7}},"line":32},"4":{"name":"(anonymous_4)","decl":{"start":{"line":40,"column":13},"end":{"line":40,"column":14}},"loc":{"start":{"line":40,"column":22},"end":{"line":40,"column":63}},"line":40}},"branchMap":{},"s":{"0":2,"1":1,"2":1,"3":1,"4":1,"5":1,"6":1,"7":1,"8":1,"9":0},"f":{"0":2,"1":1,"2":1,"3":1,"4":0},"b":{},"_coverageSchema":"332fd63041d2c1bcb487cc26dd0d5f7d97098a6c","hash":"0b305ebb69821521132c3d3dd1c1086de80e3cc8"}
,"/Users/andeladeveloper/repositories/PostIt/client/src/components/AccountPage.jsx": {"path":"/Users/andeladeveloper/repositories/PostIt/client/src/components/AccountPage.jsx","statementMap":{"0":{"start":{"line":17,"column":5},"end":{"line":17,"column":25}},"1":{"start":{"line":26,"column":4},"end":{"line":51,"column":6}}},"fnMap":{"0":{"name":"(anonymous_0)","decl":{"start":{"line":16,"column":2},"end":{"line":16,"column":3}},"loc":{"start":{"line":16,"column":22},"end":{"line":18,"column":3}},"line":16},"1":{"name":"(anonymous_1)","decl":{"start":{"line":25,"column":2},"end":{"line":25,"column":3}},"loc":{"start":{"line":25,"column":11},"end":{"line":52,"column":3}},"line":25}},"branchMap":{},"s":{"0":1,"1":1},"f":{"0":1,"1":1},"b":{},"_coverageSchema":"332fd63041d2c1bcb487cc26dd0d5f7d97098a6c","hash":"b40a667a73f3696966915e62bca28ef497167ee8"}
,"/Users/andeladeveloper/repositories/PostIt/client/src/components/Footer.jsx": {"path":"/Users/andeladeveloper/repositories/PostIt/client/src/components/Footer.jsx","statementMap":{"0":{"start":{"line":5,"column":15},"end":{"line":22,"column":1}},"1":{"start":{"line":6,"column":2},"end":{"line":21,"column":8}}},"fnMap":{"0":{"name":"(anonymous_0)","decl":{"start":{"line":5,"column":15},"end":{"line":5,"column":16}},"loc":{"start":{"line":6,"column":2},"end":{"line":21,"column":8}},"line":6}},"branchMap":{},"s":{"0":2,"1":1},"f":{"0":1},"b":{},"_coverageSchema":"332fd63041d2c1bcb487cc26dd0d5f7d97098a6c","hash":"7e69d64815d900dc3c87493d17980f44d0a55cef"}
,"/Users/andeladeveloper/repositories/PostIt/client/src/components/IndexPage.jsx": {"path":"/Users/andeladeveloper/repositories/PostIt/client/src/components/IndexPage.jsx","statementMap":{"0":{"start":{"line":19,"column":4},"end":{"line":19,"column":30}},"1":{"start":{"line":20,"column":4},"end":{"line":20,"column":36}},"2":{"start":{"line":28,"column":4},"end":{"line":112,"column":6}}},"fnMap":{"0":{"name":"(anonymous_0)","decl":{"start":{"line":18,"column":2},"end":{"line":18,"column":3}},"loc":{"start":{"line":18,"column":22},"end":{"line":21,"column":3}},"line":18},"1":{"name":"(anonymous_1)","decl":{"start":{"line":27,"column":2},"end":{"line":27,"column":3}},"loc":{"start":{"line":27,"column":11},"end":{"line":113,"column":3}},"line":27}},"branchMap":{},"s":{"0":1,"1":1,"2":1},"f":{"0":1,"1":1},"b":{},"_coverageSchema":"332fd63041d2c1bcb487cc26dd0d5f7d97098a6c","hash":"007b5ed70f97cd9053c57e51a34d1c409528871c"}
,"/Users/andeladeveloper/repositories/PostIt/client/src/components/Common/InputField.jsx": {"path":"/Users/andeladeveloper/repositories/PostIt/client/src/components/Common/InputField.jsx","statementMap":{"0":{"start":{"line":12,"column":19},"end":{"line":28,"column":1}},"1":{"start":{"line":15,"column":2},"end":{"line":27,"column":9}},"2":{"start":{"line":30,"column":0},"end":{"line":41,"column":2}},"3":{"start":{"line":43,"column":0},"end":{"line":45,"column":2}}},"fnMap":{"0":{"name":"(anonymous_0)","decl":{"start":{"line":12,"column":19},"end":{"line":12,"column":20}},"loc":{"start":{"line":15,"column":2},"end":{"line":27,"column":9}},"line":15}},"branchMap":{},"s":{"0":9,"1":40,"2":9,"3":9},"f":{"0":40},"b":{},"_coverageSchema":"332fd63041d2c1bcb487cc26dd0d5f7d97098a6c","hash":"c000410592d91d7a3248e6231b0a33b16e2bc249"}
,"/Users/andeladeveloper/repositories/PostIt/client/src/components/Dashboard/Dashboard.jsx": {"path":"/Users/andeladeveloper/repositories/PostIt/client/src/components/Dashboard/Dashboard.jsx","statementMap":{"0":{"start":{"line":18,"column":4},"end":{"line":33,"column":6}},"1":{"start":{"line":37,"column":24},"end":{"line":39,"column":2}},"2":{"start":{"line":37,"column":34},"end":{"line":39,"column":1}}},"fnMap":{"0":{"name":"(anonymous_0)","decl":{"start":{"line":17,"column":2},"end":{"line":17,"column":3}},"loc":{"start":{"line":17,"column":11},"end":{"line":34,"column":3}},"line":17},"1":{"name":"(anonymous_1)","decl":{"start":{"line":37,"column":24},"end":{"line":37,"column":25}},"loc":{"start":{"line":37,"column":34},"end":{"line":39,"column":1}},"line":37}},"branchMap":{"0":{"loc":{"start":{"line":21,"column":10},"end":{"line":21,"column":61}},"type":"binary-expr","locations":[{"start":{"line":21,"column":10},"end":{"line":21,"column":42}},{"start":{"line":21,"column":46},"end":{"line":21,"column":61}}],"line":21},"1":{"loc":{"start":{"line":22,"column":10},"end":{"line":31,"column":16}},"type":"binary-expr","locations":[{"start":{"line":22,"column":10},"end":{"line":22,"column":43}},{"start":{"line":23,"column":10},"end":{"line":31,"column":16}}],"line":22}},"s":{"0":2,"1":1,"2":0},"f":{"0":2,"1":0},"b":{"0":[2,1],"1":[2,1]},"_coverageSchema":"332fd63041d2c1bcb487cc26dd0d5f7d97098a6c","hash":"4860dbc6d1ffb3175fc229e8b277bda6fbc3804c"}
,"/Users/andeladeveloper/repositories/PostIt/client/src/components/Dashboard/Sidebar.jsx": {"path":"/Users/andeladeveloper/repositories/PostIt/client/src/components/Dashboard/Sidebar.jsx","statementMap":{"0":{"start":{"line":27,"column":4},"end":{"line":27,"column":17}},"1":{"start":{"line":28,"column":4},"end":{"line":31,"column":6}},"2":{"start":{"line":33,"column":4},"end":{"line":33,"column":45}},"3":{"start":{"line":34,"column":4},"end":{"line":34,"column":57}},"4":{"start":{"line":35,"column":4},"end":{"line":35,"column":63}},"5":{"start":{"line":36,"column":4},"end":{"line":36,"column":55}},"6":{"start":{"line":47,"column":4},"end":{"line":47,"column":24}},"7":{"start":{"line":48,"column":17},"end":{"line":48,"column":39}},"8":{"start":{"line":49,"column":4},"end":{"line":49,"column":43}},"9":{"start":{"line":64,"column":4},"end":{"line":64,"column":27}},"10":{"start":{"line":65,"column":17},"end":{"line":65,"column":39}},"11":{"start":{"line":66,"column":4},"end":{"line":66,"column":52}},"12":{"start":{"line":85,"column":4},"end":{"line":85,"column":27}},"13":{"start":{"line":86,"column":4},"end":{"line":86,"column":54}},"14":{"start":{"line":101,"column":4},"end":{"line":103,"column":7}},"15":{"start":{"line":118,"column":4},"end":{"line":118,"column":27}},"16":{"start":{"line":119,"column":4},"end":{"line":119,"column":29}},"17":{"start":{"line":129,"column":4},"end":{"line":140,"column":6}},"18":{"start":{"line":144,"column":0},"end":{"line":146,"column":2}},"19":{"start":{"line":148,"column":24},"end":{"line":151,"column":2}},"20":{"start":{"line":148,"column":34},"end":{"line":151,"column":1}}},"fnMap":{"0":{"name":"(anonymous_0)","decl":{"start":{"line":26,"column":2},"end":{"line":26,"column":3}},"loc":{"start":{"line":26,"column":21},"end":{"line":37,"column":3}},"line":26},"1":{"name":"(anonymous_1)","decl":{"start":{"line":46,"column":2},"end":{"line":46,"column":3}},"loc":{"start":{"line":46,"column":22},"end":{"line":50,"column":3}},"line":46},"2":{"name":"(anonymous_2)","decl":{"start":{"line":63,"column":2},"end":{"line":63,"column":3}},"loc":{"start":{"line":63,"column":18},"end":{"line":67,"column":3}},"line":63},"3":{"name":"(anonymous_3)","decl":{"start":{"line":84,"column":2},"end":{"line":84,"column":3}},"loc":{"start":{"line":84,"column":50},"end":{"line":87,"column":3}},"line":84},"4":{"name":"(anonymous_4)","decl":{"start":{"line":100,"column":2},"end":{"line":100,"column":3}},"loc":{"start":{"line":100,"column":24},"end":{"line":104,"column":3}},"line":100},"5":{"name":"(anonymous_5)","decl":{"start":{"line":117,"column":2},"end":{"line":117,"column":3}},"loc":{"start":{"line":117,"column":23},"end":{"line":120,"column":3}},"line":117},"6":{"name":"(anonymous_6)","decl":{"start":{"line":128,"column":2},"end":{"line":128,"column":3}},"loc":{"start":{"line":128,"column":11},"end":{"line":141,"column":3}},"line":128},"7":{"name":"(anonymous_7)","decl":{"start":{"line":148,"column":24},"end":{"line":148,"column":25}},"loc":{"start":{"line":148,"column":34},"end":{"line":151,"column":1}},"line":148}},"branchMap":{},"s":{"0":1,"1":1,"2":1,"3":1,"4":1,"5":1,"6":1,"7":1,"8":1,"9":1,"10":1,"11":1,"12":1,"13":1,"14":1,"15":1,"16":1,"17":3,"18":2,"19":2,"20":0},"f":{"0":1,"1":1,"2":1,"3":1,"4":1,"5":1,"6":3,"7":0},"b":{},"_coverageSchema":"332fd63041d2c1bcb487cc26dd0d5f7d97098a6c","hash":"5d3310d7151d4fb0edd8cb504a8ae1180139cfe5"}
,"/Users/andeladeveloper/repositories/PostIt/client/src/components/Dashboard/Group/Group.jsx": {"path":"/Users/andeladeveloper/repositories/PostIt/client/src/components/Dashboard/Group/Group.jsx","statementMap":{"0":{"start":{"line":13,"column":14},"end":{"line":97,"column":1}},"1":{"start":{"line":14,"column":2},"end":{"line":96,"column":8}},"2":{"start":{"line":29,"column":51},"end":{"line":34,"column":12}},"3":{"start":{"line":99,"column":0},"end":{"line":103,"column":2}}},"fnMap":{"0":{"name":"(anonymous_0)","decl":{"start":{"line":13,"column":14},"end":{"line":13,"column":15}},"loc":{"start":{"line":14,"column":2},"end":{"line":96,"column":8}},"line":14},"1":{"name":"(anonymous_1)","decl":{"start":{"line":29,"column":42},"end":{"line":29,"column":43}},"loc":{"start":{"line":29,"column":51},"end":{"line":34,"column":12}},"line":29}},"branchMap":{"0":{"loc":{"start":{"line":29,"column":9},"end":{"line":34,"column":13}},"type":"binary-expr","locations":[{"start":{"line":29,"column":9},"end":{"line":29,"column":21}},{"start":{"line":29,"column":25},"end":{"line":34,"column":13}}],"line":29}},"s":{"0":2,"1":3,"2":3,"3":2},"f":{"0":3,"1":3},"b":{"0":[3,3]},"_coverageSchema":"332fd63041d2c1bcb487cc26dd0d5f7d97098a6c","hash":"7e8eeeac314d49ad8b234379a40a38d727679c41"}
,"/Users/andeladeveloper/repositories/PostIt/client/src/components/Dashboard/Group/GroupDescription.jsx": {"path":"/Users/andeladeveloper/repositories/PostIt/client/src/components/Dashboard/Group/GroupDescription.jsx","statementMap":{"0":{"start":{"line":3,"column":25},"end":{"line":13,"column":1}},"1":{"start":{"line":4,"column":2},"end":{"line":12,"column":8}}},"fnMap":{"0":{"name":"(anonymous_0)","decl":{"start":{"line":3,"column":25},"end":{"line":3,"column":26}},"loc":{"start":{"line":4,"column":2},"end":{"line":12,"column":8}},"line":4}},"branchMap":{},"s":{"0":3,"1":1},"f":{"0":1},"b":{},"_coverageSchema":"332fd63041d2c1bcb487cc26dd0d5f7d97098a6c","hash":"946e285752350955649b5a82bc8cd6bc67a535d9"}
,"/Users/andeladeveloper/repositories/PostIt/client/src/components/Dashboard/Group/GroupList.jsx": {"path":"/Users/andeladeveloper/repositories/PostIt/client/src/components/Dashboard/Group/GroupList.jsx","statementMap":{"0":{"start":{"line":12,"column":18},"end":{"line":26,"column":1}},"1":{"start":{"line":13,"column":2},"end":{"line":25,"column":4}},"2":{"start":{"line":21,"column":30},"end":{"line":21,"column":83}}},"fnMap":{"0":{"name":"(anonymous_0)","decl":{"start":{"line":12,"column":18},"end":{"line":12,"column":19}},"loc":{"start":{"line":12,"column":29},"end":{"line":26,"column":1}},"line":12},"1":{"name":"(anonymous_1)","decl":{"start":{"line":21,"column":21},"end":{"line":21,"column":22}},"loc":{"start":{"line":21,"column":30},"end":{"line":21,"column":83}},"line":21}},"branchMap":{"0":{"loc":{"start":{"line":17,"column":19},"end":{"line":18,"column":21}},"type":"cond-expr","locations":[{"start":{"line":18,"column":8},"end":{"line":18,"column":16}},{"start":{"line":18,"column":19},"end":{"line":18,"column":21}}],"line":17}},"s":{"0":3,"1":4,"2":1},"f":{"0":4,"1":1},"b":{"0":[4,0]},"_coverageSchema":"332fd63041d2c1bcb487cc26dd0d5f7d97098a6c","hash":"fea164f9fdd13266310f755ab8d28adbf33b1b15"}
,"/Users/andeladeveloper/repositories/PostIt/client/src/components/Dashboard/Message/MessageBoard.jsx": {"path":"/Users/andeladeveloper/repositories/PostIt/client/src/components/Dashboard/Message/MessageBoard.jsx","statementMap":{"0":{"start":{"line":10,"column":21},"end":{"line":40,"column":1}},"1":{"start":{"line":11,"column":2},"end":{"line":39,"column":3}},"2":{"start":{"line":17,"column":12},"end":{"line":34,"column":14}}},"fnMap":{"0":{"name":"(anonymous_0)","decl":{"start":{"line":10,"column":21},"end":{"line":10,"column":22}},"loc":{"start":{"line":10,"column":32},"end":{"line":40,"column":1}},"line":10},"1":{"name":"(anonymous_1)","decl":{"start":{"line":16,"column":15},"end":{"line":16,"column":16}},"loc":{"start":{"line":16,"column":28},"end":{"line":35,"column":11}},"line":16}},"branchMap":{"0":{"loc":{"start":{"line":14,"column":9},"end":{"line":35,"column":12}},"type":"binary-expr","locations":[{"start":{"line":14,"column":9},"end":{"line":14,"column":28}},{"start":{"line":14,"column":32},"end":{"line":35,"column":12}}],"line":14}},"s":{"0":2,"1":5,"2":10},"f":{"0":5,"1":10},"b":{"0":[5,5]},"_coverageSchema":"332fd63041d2c1bcb487cc26dd0d5f7d97098a6c","hash":"0648f7bd758e77996ce7fd28dea5ce2a7f27ab9b"}
,"/Users/andeladeveloper/repositories/PostIt/client/src/components/Dashboard/Message/PostMessage.jsx": {"path":"/Users/andeladeveloper/repositories/PostIt/client/src/components/Dashboard/Message/PostMessage.jsx","statementMap":{"0":{"start":{"line":12,"column":20},"end":{"line":65,"column":1}},"1":{"start":{"line":13,"column":2},"end":{"line":64,"column":8}},"2":{"start":{"line":67,"column":0},"end":{"line":71,"column":2}}},"fnMap":{"0":{"name":"(anonymous_0)","decl":{"start":{"line":12,"column":20},"end":{"line":12,"column":21}},"loc":{"start":{"line":13,"column":2},"end":{"line":64,"column":8}},"line":13}},"branchMap":{},"s":{"0":2,"1":5,"2":2},"f":{"0":5},"b":{},"_coverageSchema":"332fd63041d2c1bcb487cc26dd0d5f7d97098a6c","hash":"24cd52e586fc2fc0f3532266dc72f2c1d063a254"}
,"/Users/andeladeveloper/repositories/PostIt/client/src/components/Dashboard/Message/PostMessageContainer.jsx": {"path":"/Users/andeladeveloper/repositories/PostIt/client/src/components/Dashboard/Message/PostMessageContainer.jsx","statementMap":{"0":{"start":{"line":24,"column":4},"end":{"line":24,"column":17}},"1":{"start":{"line":25,"column":4},"end":{"line":28,"column":6}},"2":{"start":{"line":29,"column":4},"end":{"line":29,"column":57}},"3":{"start":{"line":30,"column":4},"end":{"line":30,"column":61}},"4":{"start":{"line":31,"column":4},"end":{"line":31,"column":57}},"5":{"start":{"line":46,"column":4},"end":{"line":48,"column":7}},"6":{"start":{"line":62,"column":4},"end":{"line":64,"column":7}},"7":{"start":{"line":79,"column":4},"end":{"line":79,"column":27}},"8":{"start":{"line":80,"column":18},"end":{"line":80,"column":34}},"9":{"start":{"line":81,"column":4},"end":{"line":81,"column":61}},"10":{"start":{"line":82,"column":4},"end":{"line":85,"column":7}},"11":{"start":{"line":95,"column":4},"end":{"line":104,"column":6}},"12":{"start":{"line":108,"column":24},"end":{"line":111,"column":2}},"13":{"start":{"line":108,"column":34},"end":{"line":111,"column":1}}},"fnMap":{"0":{"name":"(anonymous_0)","decl":{"start":{"line":23,"column":2},"end":{"line":23,"column":3}},"loc":{"start":{"line":23,"column":21},"end":{"line":32,"column":3}},"line":23},"1":{"name":"(anonymous_1)","decl":{"start":{"line":45,"column":2},"end":{"line":45,"column":3}},"loc":{"start":{"line":45,"column":26},"end":{"line":49,"column":3}},"line":45},"2":{"name":"(anonymous_2)","decl":{"start":{"line":61,"column":2},"end":{"line":61,"column":3}},"loc":{"start":{"line":61,"column":24},"end":{"line":65,"column":3}},"line":61},"3":{"name":"(anonymous_3)","decl":{"start":{"line":78,"column":2},"end":{"line":78,"column":3}},"loc":{"start":{"line":78,"column":24},"end":{"line":86,"column":3}},"line":78},"4":{"name":"(anonymous_4)","decl":{"start":{"line":94,"column":2},"end":{"line":94,"column":3}},"loc":{"start":{"line":94,"column":11},"end":{"line":105,"column":3}},"line":94},"5":{"name":"(anonymous_5)","decl":{"start":{"line":108,"column":24},"end":{"line":108,"column":25}},"loc":{"start":{"line":108,"column":34},"end":{"line":111,"column":1}},"line":108}},"branchMap":{},"s":{"0":1,"1":1,"2":1,"3":1,"4":1,"5":1,"6":1,"7":1,"8":1,"9":1,"10":1,"11":5,"12":2,"13":0},"f":{"0":1,"1":1,"2":1,"3":1,"4":5,"5":0},"b":{},"_coverageSchema":"332fd63041d2c1bcb487cc26dd0d5f7d97098a6c","hash":"22ac77f928bedf65615e40d61c6af90205d6758d"}
,"/Users/andeladeveloper/repositories/PostIt/client/src/components/Dashboard/Users/AddUsers.jsx": {"path":"/Users/andeladeveloper/repositories/PostIt/client/src/components/Dashboard/Users/AddUsers.jsx","statementMap":{"0":{"start":{"line":11,"column":17},"end":{"line":58,"column":1}},"1":{"start":{"line":12,"column":2},"end":{"line":57,"column":8}},"2":{"start":{"line":31,"column":74},"end":{"line":42,"column":16}}},"fnMap":{"0":{"name":"(anonymous_0)","decl":{"start":{"line":11,"column":17},"end":{"line":11,"column":18}},"loc":{"start":{"line":12,"column":2},"end":{"line":57,"column":8}},"line":12},"1":{"name":"(anonymous_1)","decl":{"start":{"line":31,"column":66},"end":{"line":31,"column":67}},"loc":{"start":{"line":31,"column":74},"end":{"line":42,"column":16}},"line":31}},"branchMap":{"0":{"loc":{"start":{"line":31,"column":11},"end":{"line":42,"column":17}},"type":"binary-expr","locations":[{"start":{"line":31,"column":11},"end":{"line":31,"column":34}},{"start":{"line":31,"column":38},"end":{"line":42,"column":17}}],"line":31}},"s":{"0":3,"1":2,"2":0},"f":{"0":2,"1":0},"b":{"0":[2,0]},"_coverageSchema":"332fd63041d2c1bcb487cc26dd0d5f7d97098a6c","hash":"806c49509e88a8cad717d3a65a372679b0d0997d"}
,"/Users/andeladeveloper/repositories/PostIt/client/src/components/Dashboard/Users/AddUsersContainer.jsx": {"path":"/Users/andeladeveloper/repositories/PostIt/client/src/components/Dashboard/Users/AddUsersContainer.jsx","statementMap":{"0":{"start":{"line":24,"column":4},"end":{"line":24,"column":17}},"1":{"start":{"line":25,"column":4},"end":{"line":29,"column":6}},"2":{"start":{"line":30,"column":4},"end":{"line":30,"column":53}},"3":{"start":{"line":31,"column":4},"end":{"line":31,"column":45}},"4":{"start":{"line":32,"column":4},"end":{"line":32,"column":55}},"5":{"start":{"line":33,"column":4},"end":{"line":33,"column":59}},"6":{"start":{"line":49,"column":8},"end":{"line":49,"column":18}},"7":{"start":{"line":50,"column":4},"end":{"line":52,"column":5}},"8":{"start":{"line":51,"column":6},"end":{"line":51,"column":58}},"9":{"start":{"line":66,"column":4},"end":{"line":68,"column":34}},"10":{"start":{"line":68,"column":13},"end":{"line":68,"column":32}},"11":{"start":{"line":83,"column":17},"end":{"line":85,"column":5}},"12":{"start":{"line":86,"column":16},"end":{"line":86,"column":32}},"13":{"start":{"line":87,"column":4},"end":{"line":87,"column":37}},"14":{"start":{"line":102,"column":21},"end":{"line":102,"column":34}},"15":{"start":{"line":103,"column":19},"end":{"line":103,"column":57}},"16":{"start":{"line":104,"column":4},"end":{"line":108,"column":7}},"17":{"start":{"line":107,"column":6},"end":{"line":107,"column":26}},"18":{"start":{"line":118,"column":4},"end":{"line":126,"column":6}},"19":{"start":{"line":130,"column":24},"end":{"line":133,"column":2}},"20":{"start":{"line":130,"column":34},"end":{"line":133,"column":1}}},"fnMap":{"0":{"name":"(anonymous_0)","decl":{"start":{"line":23,"column":2},"end":{"line":23,"column":3}},"loc":{"start":{"line":23,"column":21},"end":{"line":34,"column":3}},"line":23},"1":{"name":"(anonymous_1)","decl":{"start":{"line":44,"column":2},"end":{"line":44,"column":3}},"loc":{"start":{"line":44,"column":17},"end":{"line":53,"column":3}},"line":44},"2":{"name":"(anonymous_2)","decl":{"start":{"line":65,"column":2},"end":{"line":65,"column":3}},"loc":{"start":{"line":65,"column":18},"end":{"line":69,"column":3}},"line":65},"3":{"name":"(anonymous_3)","decl":{"start":{"line":68,"column":7},"end":{"line":68,"column":8}},"loc":{"start":{"line":68,"column":13},"end":{"line":68,"column":32}},"line":68},"4":{"name":"(anonymous_4)","decl":{"start":{"line":82,"column":2},"end":{"line":82,"column":3}},"loc":{"start":{"line":82,"column":23},"end":{"line":88,"column":3}},"line":82},"5":{"name":"(anonymous_5)","decl":{"start":{"line":101,"column":2},"end":{"line":101,"column":3}},"loc":{"start":{"line":101,"column":24},"end":{"line":109,"column":3}},"line":101},"6":{"name":"(anonymous_6)","decl":{"start":{"line":106,"column":7},"end":{"line":106,"column":8}},"loc":{"start":{"line":106,"column":13},"end":{"line":108,"column":5}},"line":106},"7":{"name":"(anonymous_7)","decl":{"start":{"line":117,"column":2},"end":{"line":117,"column":3}},"loc":{"start":{"line":117,"column":11},"end":{"line":127,"column":3}},"line":117},"8":{"name":"(anonymous_8)","decl":{"start":{"line":130,"column":24},"end":{"line":130,"column":25}},"loc":{"start":{"line":130,"column":34},"end":{"line":133,"column":1}},"line":130}},"branchMap":{"0":{"loc":{"start":{"line":50,"column":4},"end":{"line":52,"column":5}},"type":"if","locations":[{"start":{"line":50,"column":4},"end":{"line":52,"column":5}},{"start":{"line":50,"column":4},"end":{"line":52,"column":5}}],"line":50}},"s":{"0":1,"1":1,"2":1,"3":1,"4":1,"5":1,"6":0,"7":0,"8":0,"9":0,"10":0,"11":1,"12":1,"13":1,"14":0,"15":0,"16":0,"17":0,"18":1,"19":2,"20":0},"f":{"0":1,"1":0,"2":0,"3":0,"4":1,"5":0,"6":0,"7":1,"8":0},"b":{"0":[0,0]},"_coverageSchema":"332fd63041d2c1bcb487cc26dd0d5f7d97098a6c","hash":"6859fb29ffb9e9ce92b92d96e6c47f49dd4e5a20"}
,"/Users/andeladeveloper/repositories/PostIt/client/src/components/Header/AuthNavBar.jsx": {"path":"/Users/andeladeveloper/repositories/PostIt/client/src/components/Header/AuthNavBar.jsx","statementMap":{"0":{"start":{"line":18,"column":4},"end":{"line":41,"column":6}},"1":{"start":{"line":45,"column":24},"end":{"line":47,"column":2}},"2":{"start":{"line":45,"column":34},"end":{"line":47,"column":1}}},"fnMap":{"0":{"name":"(anonymous_0)","decl":{"start":{"line":17,"column":2},"end":{"line":17,"column":3}},"loc":{"start":{"line":17,"column":11},"end":{"line":42,"column":3}},"line":17},"1":{"name":"(anonymous_1)","decl":{"start":{"line":45,"column":24},"end":{"line":45,"column":25}},"loc":{"start":{"line":45,"column":34},"end":{"line":47,"column":1}},"line":45}},"branchMap":{"0":{"loc":{"start":{"line":24,"column":13},"end":{"line":24,"column":103}},"type":"binary-expr","locations":[{"start":{"line":24,"column":13},"end":{"line":24,"column":34}},{"start":{"line":24,"column":38},"end":{"line":24,"column":103}}],"line":24}},"s":{"0":1,"1":2,"2":0},"f":{"0":1,"1":0},"b":{"0":[1,1]},"_coverageSchema":"332fd63041d2c1bcb487cc26dd0d5f7d97098a6c","hash":"ca93861e7fd48ce7fdb36ad7c4f9a65e2527009b"}
,"/Users/andeladeveloper/repositories/PostIt/client/src/components/Header/NavBar.jsx": {"path":"/Users/andeladeveloper/repositories/PostIt/client/src/components/Header/NavBar.jsx","statementMap":{"0":{"start":{"line":12,"column":15},"end":{"line":35,"column":1}},"1":{"start":{"line":13,"column":2},"end":{"line":34,"column":8}}},"fnMap":{"0":{"name":"(anonymous_0)","decl":{"start":{"line":12,"column":15},"end":{"line":12,"column":16}},"loc":{"start":{"line":13,"column":2},"end":{"line":34,"column":8}},"line":13}},"branchMap":{},"s":{"0":2,"1":1},"f":{"0":1},"b":{},"_coverageSchema":"332fd63041d2c1bcb487cc26dd0d5f7d97098a6c","hash":"98e7414fe157a215576699a0bdf4ef29feb66ed5"}
,"/Users/andeladeveloper/repositories/PostIt/client/src/components/Header/index.jsx": {"path":"/Users/andeladeveloper/repositories/PostIt/client/src/components/Header/index.jsx","statementMap":{"0":{"start":{"line":17,"column":22},"end":{"line":25,"column":3}},"1":{"start":{"line":18,"column":4},"end":{"line":24,"column":10}},"2":{"start":{"line":27,"column":24},"end":{"line":30,"column":2}},"3":{"start":{"line":27,"column":34},"end":{"line":30,"column":1}}},"fnMap":{"0":{"name":"(anonymous_0)","decl":{"start":{"line":17,"column":22},"end":{"line":17,"column":23}},"loc":{"start":{"line":18,"column":4},"end":{"line":24,"column":10}},"line":18},"1":{"name":"(anonymous_1)","decl":{"start":{"line":27,"column":24},"end":{"line":27,"column":25}},"loc":{"start":{"line":27,"column":34},"end":{"line":30,"column":1}},"line":27}},"branchMap":{"0":{"loc":{"start":{"line":19,"column":7},"end":{"line":19,"column":36}},"type":"binary-expr","locations":[{"start":{"line":19,"column":7},"end":{"line":19,"column":22}},{"start":{"line":19,"column":26},"end":{"line":19,"column":36}}],"line":19},"1":{"loc":{"start":{"line":20,"column":7},"end":{"line":20,"column":40}},"type":"binary-expr","locations":[{"start":{"line":20,"column":7},"end":{"line":20,"column":22}},{"start":{"line":20,"column":26},"end":{"line":20,"column":40}}],"line":20}},"s":{"0":1,"1":2,"2":1,"3":0},"f":{"0":2,"1":0},"b":{"0":[2,1],"1":[2,2]},"_coverageSchema":"332fd63041d2c1bcb487cc26dd0d5f7d97098a6c","hash":"6631d07b4bbd2df6d4dfc9900747b0d8e8569702"}
,"/Users/andeladeveloper/repositories/PostIt/client/src/components/ResetPassword/ForgotPassword.jsx": {"path":"/Users/andeladeveloper/repositories/PostIt/client/src/components/ResetPassword/ForgotPassword.jsx","statementMap":{"0":{"start":{"line":11,"column":23},"end":{"line":38,"column":1}},"1":{"start":{"line":12,"column":2},"end":{"line":37,"column":6}}},"fnMap":{"0":{"name":"(anonymous_0)","decl":{"start":{"line":11,"column":23},"end":{"line":11,"column":24}},"loc":{"start":{"line":12,"column":2},"end":{"line":37,"column":6}},"line":12}},"branchMap":{},"s":{"0":1,"1":4},"f":{"0":4},"b":{},"_coverageSchema":"332fd63041d2c1bcb487cc26dd0d5f7d97098a6c","hash":"a1c6670390ee9be9b6821698e581664efa905405"}
,"/Users/andeladeveloper/repositories/PostIt/client/src/components/ResetPassword/ForgotPasswordContainer.jsx": {"path":"/Users/andeladeveloper/repositories/PostIt/client/src/components/ResetPassword/ForgotPasswordContainer.jsx","statementMap":{"0":{"start":{"line":24,"column":4},"end":{"line":24,"column":17}},"1":{"start":{"line":25,"column":4},"end":{"line":27,"column":6}},"2":{"start":{"line":29,"column":4},"end":{"line":29,"column":57}},"3":{"start":{"line":30,"column":4},"end":{"line":30,"column":57}},"4":{"start":{"line":45,"column":4},"end":{"line":45,"column":27}},"5":{"start":{"line":46,"column":4},"end":{"line":46,"column":45}},"6":{"start":{"line":47,"column":4},"end":{"line":49,"column":7}},"7":{"start":{"line":64,"column":18},"end":{"line":64,"column":43}},"8":{"start":{"line":65,"column":4},"end":{"line":67,"column":7}},"9":{"start":{"line":77,"column":4},"end":{"line":82,"column":6}}},"fnMap":{"0":{"name":"(anonymous_0)","decl":{"start":{"line":23,"column":2},"end":{"line":23,"column":3}},"loc":{"start":{"line":23,"column":21},"end":{"line":31,"column":3}},"line":23},"1":{"name":"(anonymous_1)","decl":{"start":{"line":44,"column":2},"end":{"line":44,"column":3}},"loc":{"start":{"line":44,"column":24},"end":{"line":50,"column":3}},"line":44},"2":{"name":"(anonymous_2)","decl":{"start":{"line":63,"column":2},"end":{"line":63,"column":3}},"loc":{"start":{"line":63,"column":24},"end":{"line":68,"column":3}},"line":63},"3":{"name":"(anonymous_3)","decl":{"start":{"line":76,"column":2},"end":{"line":76,"column":3}},"loc":{"start":{"line":76,"column":11},"end":{"line":83,"column":3}},"line":76}},"branchMap":{},"s":{"0":1,"1":1,"2":1,"3":1,"4":1,"5":1,"6":1,"7":1,"8":1,"9":4},"f":{"0":1,"1":1,"2":1,"3":4},"b":{},"_coverageSchema":"332fd63041d2c1bcb487cc26dd0d5f7d97098a6c","hash":"b8ff76dcc23b50c9c6910593123a62a29e1a3c22"}
,"/Users/andeladeveloper/repositories/PostIt/client/src/components/ResetPassword/ResetPassword.jsx": {"path":"/Users/andeladeveloper/repositories/PostIt/client/src/components/ResetPassword/ResetPassword.jsx","statementMap":{"0":{"start":{"line":11,"column":22},"end":{"line":50,"column":1}},"1":{"start":{"line":12,"column":2},"end":{"line":49,"column":6}}},"fnMap":{"0":{"name":"(anonymous_0)","decl":{"start":{"line":11,"column":22},"end":{"line":11,"column":23}},"loc":{"start":{"line":12,"column":2},"end":{"line":49,"column":6}},"line":12}},"branchMap":{},"s":{"0":1,"1":3},"f":{"0":3},"b":{},"_coverageSchema":"332fd63041d2c1bcb487cc26dd0d5f7d97098a6c","hash":"ca87ae2020806456ca6184696cf12e16fdca95f7"}
,"/Users/andeladeveloper/repositories/PostIt/client/src/components/ResetPassword/ResetPasswordContainer.jsx": {"path":"/Users/andeladeveloper/repositories/PostIt/client/src/components/ResetPassword/ResetPasswordContainer.jsx","statementMap":{"0":{"start":{"line":24,"column":4},"end":{"line":24,"column":17}},"1":{"start":{"line":25,"column":4},"end":{"line":28,"column":6}},"2":{"start":{"line":30,"column":4},"end":{"line":30,"column":57}},"3":{"start":{"line":31,"column":4},"end":{"line":31,"column":57}},"4":{"start":{"line":46,"column":4},"end":{"line":48,"column":7}},"5":{"start":{"line":62,"column":4},"end":{"line":62,"column":27}},"6":{"start":{"line":63,"column":18},"end":{"line":63,"column":44}},"7":{"start":{"line":64,"column":4},"end":{"line":64,"column":48}},"8":{"start":{"line":72,"column":4},"end":{"line":78,"column":6}}},"fnMap":{"0":{"name":"(anonymous_0)","decl":{"start":{"line":23,"column":2},"end":{"line":23,"column":3}},"loc":{"start":{"line":23,"column":21},"end":{"line":32,"column":3}},"line":23},"1":{"name":"(anonymous_1)","decl":{"start":{"line":45,"column":2},"end":{"line":45,"column":3}},"loc":{"start":{"line":45,"column":24},"end":{"line":49,"column":3}},"line":45},"2":{"name":"(anonymous_2)","decl":{"start":{"line":61,"column":2},"end":{"line":61,"column":3}},"loc":{"start":{"line":61,"column":24},"end":{"line":65,"column":3}},"line":61},"3":{"name":"(anonymous_3)","decl":{"start":{"line":71,"column":2},"end":{"line":71,"column":3}},"loc":{"start":{"line":71,"column":11},"end":{"line":79,"column":3}},"line":71}},"branchMap":{},"s":{"0":1,"1":1,"2":1,"3":1,"4":1,"5":1,"6":1,"7":1,"8":3},"f":{"0":1,"1":1,"2":1,"3":3},"b":{},"_coverageSchema":"332fd63041d2c1bcb487cc26dd0d5f7d97098a6c","hash":"d3066b4f049a81fec463e5650670963de3f3cfe6"}
,"/Users/andeladeveloper/repositories/PostIt/client/src/components/Signin/Signin.jsx": {"path":"/Users/andeladeveloper/repositories/PostIt/client/src/components/Signin/Signin.jsx","statementMap":{"0":{"start":{"line":13,"column":15},"end":{"line":67,"column":1}},"1":{"start":{"line":14,"column":2},"end":{"line":66,"column":6}},"2":{"start":{"line":69,"column":0},"end":{"line":75,"column":2}}},"fnMap":{"0":{"name":"(anonymous_0)","decl":{"start":{"line":13,"column":15},"end":{"line":13,"column":16}},"loc":{"start":{"line":14,"column":2},"end":{"line":66,"column":6}},"line":14}},"branchMap":{},"s":{"0":2,"1":3,"2":2},"f":{"0":3},"b":{},"_coverageSchema":"332fd63041d2c1bcb487cc26dd0d5f7d97098a6c","hash":"45b008bea947729923ae9f697a875caab437d70c"}
,"/Users/andeladeveloper/repositories/PostIt/client/src/components/Signin/SigninContainer.jsx": {"path":"/Users/andeladeveloper/repositories/PostIt/client/src/components/Signin/SigninContainer.jsx","statementMap":{"0":{"start":{"line":23,"column":4},"end":{"line":23,"column":17}},"1":{"start":{"line":24,"column":4},"end":{"line":28,"column":6}},"2":{"start":{"line":29,"column":4},"end":{"line":29,"column":53}},"3":{"start":{"line":30,"column":4},"end":{"line":30,"column":45}},"4":{"start":{"line":31,"column":4},"end":{"line":31,"column":41}},"5":{"start":{"line":32,"column":4},"end":{"line":32,"column":43}},"6":{"start":{"line":44,"column":17},"end":{"line":44,"column":34}},"7":{"start":{"line":45,"column":4},"end":{"line":57,"column":5}},"8":{"start":{"line":47,"column":8},"end":{"line":49,"column":11}},"9":{"start":{"line":50,"column":8},"end":{"line":50,"column":14}},"10":{"start":{"line":52,"column":8},"end":{"line":54,"column":11}},"11":{"start":{"line":55,"column":8},"end":{"line":55,"column":14}},"12":{"start":{"line":68,"column":17},"end":{"line":68,"column":34}},"13":{"start":{"line":69,"column":18},"end":{"line":69,"column":36}},"14":{"start":{"line":70,"column":4},"end":{"line":86,"column":5}},"15":{"start":{"line":72,"column":8},"end":{"line":76,"column":9}},"16":{"start":{"line":73,"column":10},"end":{"line":75,"column":13}},"17":{"start":{"line":77,"column":8},"end":{"line":77,"column":14}},"18":{"start":{"line":79,"column":8},"end":{"line":83,"column":9}},"19":{"start":{"line":80,"column":10},"end":{"line":82,"column":13}},"20":{"start":{"line":84,"column":8},"end":{"line":84,"column":14}},"21":{"start":{"line":100,"column":18},"end":{"line":100,"column":43}},"22":{"start":{"line":101,"column":4},"end":{"line":103,"column":7}},"23":{"start":{"line":117,"column":4},"end":{"line":117,"column":27}},"24":{"start":{"line":118,"column":4},"end":{"line":118,"column":40}},"25":{"start":{"line":126,"column":4},"end":{"line":134,"column":6}},"26":{"start":{"line":138,"column":0},"end":{"line":140,"column":2}}},"fnMap":{"0":{"name":"(anonymous_0)","decl":{"start":{"line":22,"column":2},"end":{"line":22,"column":3}},"loc":{"start":{"line":22,"column":21},"end":{"line":33,"column":3}},"line":22},"1":{"name":"(anonymous_1)","decl":{"start":{"line":43,"column":2},"end":{"line":43,"column":3}},"loc":{"start":{"line":43,"column":17},"end":{"line":58,"column":3}},"line":43},"2":{"name":"(anonymous_2)","decl":{"start":{"line":67,"column":2},"end":{"line":67,"column":3}},"loc":{"start":{"line":67,"column":16},"end":{"line":87,"column":3}},"line":67},"3":{"name":"(anonymous_3)","decl":{"start":{"line":99,"column":2},"end":{"line":99,"column":3}},"loc":{"start":{"line":99,"column":18},"end":{"line":104,"column":3}},"line":99},"4":{"name":"(anonymous_4)","decl":{"start":{"line":116,"column":2},"end":{"line":116,"column":3}},"loc":{"start":{"line":116,"column":22},"end":{"line":119,"column":3}},"line":116},"5":{"name":"(anonymous_5)","decl":{"start":{"line":125,"column":2},"end":{"line":125,"column":3}},"loc":{"start":{"line":125,"column":11},"end":{"line":135,"column":3}},"line":125}},"branchMap":{"0":{"loc":{"start":{"line":45,"column":4},"end":{"line":57,"column":5}},"type":"switch","locations":[{"start":{"line":46,"column":6},"end":{"line":50,"column":14}},{"start":{"line":51,"column":6},"end":{"line":55,"column":14}},{"start":{"line":56,"column":6},"end":{"line":56,"column":14}}],"line":45},"1":{"loc":{"start":{"line":70,"column":4},"end":{"line":86,"column":5}},"type":"switch","locations":[{"start":{"line":71,"column":6},"end":{"line":77,"column":14}},{"start":{"line":78,"column":6},"end":{"line":84,"column":14}},{"start":{"line":85,"column":6},"end":{"line":85,"column":14}}],"line":70},"2":{"loc":{"start":{"line":72,"column":8},"end":{"line":76,"column":9}},"type":"if","locations":[{"start":{"line":72,"column":8},"end":{"line":76,"column":9}},{"start":{"line":72,"column":8},"end":{"line":76,"column":9}}],"line":72},"3":{"loc":{"start":{"line":79,"column":8},"end":{"line":83,"column":9}},"type":"if","locations":[{"start":{"line":79,"column":8},"end":{"line":83,"column":9}},{"start":{"line":79,"column":8},"end":{"line":83,"column":9}}],"line":79}},"s":{"0":1,"1":1,"2":1,"3":1,"4":1,"5":1,"6":0,"7":0,"8":0,"9":0,"10":0,"11":0,"12":0,"13":0,"14":0,"15":0,"16":0,"17":0,"18":0,"19":0,"20":0,"21":1,"22":1,"23":1,"24":1,"25":3,"26":2},"f":{"0":1,"1":0,"2":0,"3":1,"4":1,"5":3},"b":{"0":[0,0,0],"1":[0,0,0],"2":[0,0],"3":[0,0]},"_coverageSchema":"332fd63041d2c1bcb487cc26dd0d5f7d97098a6c","hash":"bfe38d383ea3599532d840e3c7c4a44e65aa5fae"}
,"/Users/andeladeveloper/repositories/PostIt/client/src/components/Signup/Signup.jsx": {"path":"/Users/andeladeveloper/repositories/PostIt/client/src/components/Signup/Signup.jsx","statementMap":{"0":{"start":{"line":12,"column":15},"end":{"line":94,"column":1}},"1":{"start":{"line":13,"column":2},"end":{"line":93,"column":6}},"2":{"start":{"line":96,"column":0},"end":{"line":102,"column":2}}},"fnMap":{"0":{"name":"(anonymous_0)","decl":{"start":{"line":12,"column":15},"end":{"line":12,"column":16}},"loc":{"start":{"line":13,"column":2},"end":{"line":93,"column":6}},"line":13}},"branchMap":{},"s":{"0":2,"1":3,"2":2},"f":{"0":3},"b":{},"_coverageSchema":"332fd63041d2c1bcb487cc26dd0d5f7d97098a6c","hash":"76f8e3eacf722cfe879929a43668153800fc232c"}
,"/Users/andeladeveloper/repositories/PostIt/client/src/components/Signup/SignupContainer.jsx": {"path":"/Users/andeladeveloper/repositories/PostIt/client/src/components/Signup/SignupContainer.jsx","statementMap":{"0":{"start":{"line":24,"column":4},"end":{"line":24,"column":17}},"1":{"start":{"line":25,"column":4},"end":{"line":32,"column":6}},"2":{"start":{"line":34,"column":4},"end":{"line":34,"column":45}},"3":{"start":{"line":35,"column":4},"end":{"line":35,"column":45}},"4":{"start":{"line":36,"column":4},"end":{"line":36,"column":55}},"5":{"start":{"line":37,"column":4},"end":{"line":37,"column":43}},"6":{"start":{"line":48,"column":4},"end":{"line":51,"column":7}},"7":{"start":{"line":61,"column":32},"end":{"line":61,"column":37}},"8":{"start":{"line":62,"column":15},"end":{"line":62,"column":29}},"9":{"start":{"line":63,"column":21},"end":{"line":63,"column":35}},"10":{"start":{"line":64,"column":18},"end":{"line":64,"column":20}},"11":{"start":{"line":65,"column":18},"end":{"line":65,"column":23}},"12":{"start":{"line":67,"column":4},"end":{"line":69,"column":5}},"13":{"start":{"line":68,"column":6},"end":{"line":68,"column":65}},"14":{"start":{"line":71,"column":4},"end":{"line":73,"column":5}},"15":{"start":{"line":72,"column":6},"end":{"line":72,"column":49}},"16":{"start":{"line":75,"column":4},"end":{"line":77,"column":5}},"17":{"start":{"line":76,"column":6},"end":{"line":76,"column":21}},"18":{"start":{"line":79,"column":4},"end":{"line":82,"column":6}},"19":{"start":{"line":94,"column":4},"end":{"line":94,"column":63}},"20":{"start":{"line":108,"column":4},"end":{"line":108,"column":27}},"21":{"start":{"line":109,"column":4},"end":{"line":109,"column":40}},"22":{"start":{"line":117,"column":4},"end":{"line":125,"column":6}},"23":{"start":{"line":129,"column":0},"end":{"line":131,"column":2}}},"fnMap":{"0":{"name":"(anonymous_0)","decl":{"start":{"line":23,"column":2},"end":{"line":23,"column":3}},"loc":{"start":{"line":23,"column":21},"end":{"line":38,"column":3}},"line":23},"1":{"name":"(anonymous_1)","decl":{"start":{"line":47,"column":2},"end":{"line":47,"column":3}},"loc":{"start":{"line":47,"column":12},"end":{"line":52,"column":3}},"line":47},"2":{"name":"(anonymous_2)","decl":{"start":{"line":60,"column":2},"end":{"line":60,"column":3}},"loc":{"start":{"line":60,"column":23},"end":{"line":83,"column":3}},"line":60},"3":{"name":"(anonymous_3)","decl":{"start":{"line":93,"column":2},"end":{"line":93,"column":3}},"loc":{"start":{"line":93,"column":18},"end":{"line":95,"column":3}},"line":93},"4":{"name":"(anonymous_4)","decl":{"start":{"line":107,"column":2},"end":{"line":107,"column":3}},"loc":{"start":{"line":107,"column":18},"end":{"line":110,"column":3}},"line":107},"5":{"name":"(anonymous_5)","decl":{"start":{"line":116,"column":2},"end":{"line":116,"column":3}},"loc":{"start":{"line":116,"column":11},"end":{"line":126,"column":3}},"line":116}},"branchMap":{"0":{"loc":{"start":{"line":67,"column":4},"end":{"line":69,"column":5}},"type":"if","locations":[{"start":{"line":67,"column":4},"end":{"line":69,"column":5}},{"start":{"line":67,"column":4},"end":{"line":69,"column":5}}],"line":67},"1":{"loc":{"start":{"line":67,"column":8},"end":{"line":67,"column":46}},"type":"binary-expr","locations":[{"start":{"line":67,"column":8},"end":{"line":67,"column":16}},{"start":{"line":67,"column":20},"end":{"line":67,"column":46}}],"line":67},"2":{"loc":{"start":{"line":71,"column":4},"end":{"line":73,"column":5}},"type":"if","locations":[{"start":{"line":71,"column":4},"end":{"line":73,"column":5}},{"start":{"line":71,"column":4},"end":{"line":73,"column":5}}],"line":71},"3":{"loc":{"start":{"line":71,"column":8},"end":{"line":71,"column":26}},"type":"binary-expr","locations":[{"start":{"line":71,"column":8},"end":{"line":71,"column":13}},{"start":{"line":71,"column":17},"end":{"line":71,"column":26}}],"line":71},"4":{"loc":{"start":{"line":75,"column":4},"end":{"line":77,"column":5}},"type":"if","locations":[{"start":{"line":75,"column":4},"end":{"line":77,"column":5}},{"start":{"line":75,"column":4},"end":{"line":77,"column":5}}],"line":75}},"s":{"0":1,"1":1,"2":1,"3":1,"4":1,"5":1,"6":0,"7":0,"8":0,"9":0,"10":0,"11":0,"12":0,"13":0,"14":0,"15":0,"16":0,"17":0,"18":0,"19":1,"20":1,"21":1,"22":3,"23":2},"f":{"0":1,"1":0,"2":0,"3":1,"4":1,"5":3},"b":{"0":[0,0],"1":[0,0],"2":[0,0],"3":[0,0],"4":[0,0]},"_coverageSchema":"332fd63041d2c1bcb487cc26dd0d5f7d97098a6c","hash":"1d3e5708f904eddcc348f7d98f37fe670f0a65c7"}
,"/Users/andeladeveloper/repositories/PostIt/client/src/reducers/authReducer.js": {"path":"/Users/andeladeveloper/repositories/PostIt/client/src/reducers/authReducer.js","statementMap":{"0":{"start":{"line":3,"column":25},"end":{"line":6,"column":1}},"1":{"start":{"line":16,"column":2},"end":{"line":29,"column":3}},"2":{"start":{"line":18,"column":6},"end":{"line":21,"column":8}},"3":{"start":{"line":23,"column":6},"end":{"line":26,"column":8}},"4":{"start":{"line":28,"column":6},"end":{"line":28,"column":19}}},"fnMap":{"0":{"name":"authReducer","decl":{"start":{"line":15,"column":24},"end":{"line":15,"column":35}},"loc":{"start":{"line":15,"column":75},"end":{"line":30,"column":1}},"line":15}},"branchMap":{"0":{"loc":{"start":{"line":15,"column":36},"end":{"line":15,"column":60}},"type":"default-arg","locations":[{"start":{"line":15,"column":44},"end":{"line":15,"column":60}}],"line":15},"1":{"loc":{"start":{"line":15,"column":62},"end":{"line":15,"column":73}},"type":"default-arg","locations":[{"start":{"line":15,"column":71},"end":{"line":15,"column":73}}],"line":15},"2":{"loc":{"start":{"line":16,"column":2},"end":{"line":29,"column":3}},"type":"switch","locations":[{"start":{"line":17,"column":4},"end":{"line":21,"column":8}},{"start":{"line":22,"column":4},"end":{"line":26,"column":8}},{"start":{"line":27,"column":4},"end":{"line":28,"column":19}}],"line":16}},"s":{"0":1,"1":3,"2":1,"3":1,"4":1},"f":{"0":3},"b":{"0":[0],"1":[0],"2":[1,1,1]},"_coverageSchema":"332fd63041d2c1bcb487cc26dd0d5f7d97098a6c","hash":"654854a284472c7d30b578e8a8115ed2b736ada4"}
,"/Users/andeladeveloper/repositories/PostIt/client/src/reducers/groupReducer.js": {"path":"/Users/andeladeveloper/repositories/PostIt/client/src/reducers/groupReducer.js","statementMap":{"0":{"start":{"line":3,"column":26},"end":{"line":6,"column":1}},"1":{"start":{"line":15,"column":2},"end":{"line":24,"column":3}},"2":{"start":{"line":17,"column":6},"end":{"line":17,"column":56}},"3":{"start":{"line":20,"column":6},"end":{"line":20,"column":61}},"4":{"start":{"line":23,"column":6},"end":{"line":23,"column":19}}},"fnMap":{"0":{"name":"groupReducer","decl":{"start":{"line":14,"column":24},"end":{"line":14,"column":36}},"loc":{"start":{"line":14,"column":77},"end":{"line":25,"column":1}},"line":14}},"branchMap":{"0":{"loc":{"start":{"line":14,"column":37},"end":{"line":14,"column":62}},"type":"default-arg","locations":[{"start":{"line":14,"column":45},"end":{"line":14,"column":62}}],"line":14},"1":{"loc":{"start":{"line":14,"column":64},"end":{"line":14,"column":75}},"type":"default-arg","locations":[{"start":{"line":14,"column":73},"end":{"line":14,"column":75}}],"line":14},"2":{"loc":{"start":{"line":15,"column":2},"end":{"line":24,"column":3}},"type":"switch","locations":[{"start":{"line":16,"column":4},"end":{"line":17,"column":56}},{"start":{"line":19,"column":4},"end":{"line":20,"column":61}},{"start":{"line":22,"column":4},"end":{"line":23,"column":19}}],"line":15}},"s":{"0":1,"1":3,"2":1,"3":1,"4":1},"f":{"0":3},"b":{"0":[0],"1":[0],"2":[1,1,1]},"_coverageSchema":"332fd63041d2c1bcb487cc26dd0d5f7d97098a6c","hash":"9092938afb7c9033a1c1c71a901545530c396b76"}
,"/Users/andeladeveloper/repositories/PostIt/client/src/reducers/messageReducer.js": {"path":"/Users/andeladeveloper/repositories/PostIt/client/src/reducers/messageReducer.js","statementMap":{"0":{"start":{"line":3,"column":28},"end":{"line":6,"column":1}},"1":{"start":{"line":16,"column":2},"end":{"line":23,"column":3}},"2":{"start":{"line":18,"column":6},"end":{"line":18,"column":58}},"3":{"start":{"line":20,"column":6},"end":{"line":20,"column":65}},"4":{"start":{"line":22,"column":6},"end":{"line":22,"column":19}}},"fnMap":{"0":{"name":"messageReducer","decl":{"start":{"line":15,"column":24},"end":{"line":15,"column":38}},"loc":{"start":{"line":15,"column":81},"end":{"line":24,"column":1}},"line":15}},"branchMap":{"0":{"loc":{"start":{"line":15,"column":39},"end":{"line":15,"column":66}},"type":"default-arg","locations":[{"start":{"line":15,"column":47},"end":{"line":15,"column":66}}],"line":15},"1":{"loc":{"start":{"line":15,"column":68},"end":{"line":15,"column":79}},"type":"default-arg","locations":[{"start":{"line":15,"column":77},"end":{"line":15,"column":79}}],"line":15},"2":{"loc":{"start":{"line":16,"column":2},"end":{"line":23,"column":3}},"type":"switch","locations":[{"start":{"line":17,"column":4},"end":{"line":18,"column":58}},{"start":{"line":19,"column":4},"end":{"line":20,"column":65}},{"start":{"line":21,"column":4},"end":{"line":22,"column":19}}],"line":16}},"s":{"0":1,"1":3,"2":1,"3":1,"4":1},"f":{"0":3},"b":{"0":[0],"1":[0],"2":[1,1,1]},"_coverageSchema":"332fd63041d2c1bcb487cc26dd0d5f7d97098a6c","hash":"aa0744242ad3c1ce5d0d0131b50113a34817a542"}
,"/Users/andeladeveloper/repositories/PostIt/client/src/reducers/resetPasswordReducer.js": {"path":"/Users/andeladeveloper/repositories/PostIt/client/src/reducers/resetPasswordReducer.js","statementMap":{"0":{"start":{"line":3,"column":21},"end":{"line":7,"column":1}},"1":{"start":{"line":18,"column":2},"end":{"line":30,"column":3}},"2":{"start":{"line":20,"column":6},"end":{"line":23,"column":8}},"3":{"start":{"line":25,"column":6},"end":{"line":27,"column":8}},"4":{"start":{"line":29,"column":6},"end":{"line":29,"column":19}}},"fnMap":{"0":{"name":"resetPasswordReducer","decl":{"start":{"line":17,"column":24},"end":{"line":17,"column":44}},"loc":{"start":{"line":17,"column":80},"end":{"line":31,"column":1}},"line":17}},"branchMap":{"0":{"loc":{"start":{"line":17,"column":45},"end":{"line":17,"column":65}},"type":"default-arg","locations":[{"start":{"line":17,"column":53},"end":{"line":17,"column":65}}],"line":17},"1":{"loc":{"start":{"line":17,"column":67},"end":{"line":17,"column":78}},"type":"default-arg","locations":[{"start":{"line":17,"column":76},"end":{"line":17,"column":78}}],"line":17},"2":{"loc":{"start":{"line":18,"column":2},"end":{"line":30,"column":3}},"type":"switch","locations":[{"start":{"line":19,"column":4},"end":{"line":23,"column":8}},{"start":{"line":24,"column":4},"end":{"line":27,"column":8}},{"start":{"line":28,"column":4},"end":{"line":29,"column":19}}],"line":18}},"s":{"0":1,"1":3,"2":1,"3":1,"4":1},"f":{"0":3},"b":{"0":[0],"1":[0],"2":[1,1,1]},"_coverageSchema":"332fd63041d2c1bcb487cc26dd0d5f7d97098a6c","hash":"9959220cd3e69f4d9150f40d29dd7b9da6e27182"}
,"/Users/andeladeveloper/repositories/PostIt/client/src/reducers/rootReducer.js": {"path":"/Users/andeladeveloper/repositories/PostIt/client/src/reducers/rootReducer.js","statementMap":{"0":{"start":{"line":1,"column":13},"end":{"line":1,"column":75}},"1":{"start":{"line":1,"column":88},"end":{"line":1,"column":104}},"2":{"start":{"line":2,"column":19},"end":{"line":2,"column":43}},"3":{"start":{"line":2,"column":64},"end":{"line":2,"column":100}},"4":{"start":{"line":3,"column":20},"end":{"line":3,"column":45}},"5":{"start":{"line":3,"column":67},"end":{"line":3,"column":104}},"6":{"start":{"line":4,"column":21},"end":{"line":4,"column":47}},"7":{"start":{"line":4,"column":70},"end":{"line":4,"column":108}},"8":{"start":{"line":5,"column":22},"end":{"line":5,"column":49}},"9":{"start":{"line":5,"column":73},"end":{"line":5,"column":112}},"10":{"start":{"line":6,"column":19},"end":{"line":6,"column":43}},"11":{"start":{"line":6,"column":64},"end":{"line":6,"column":100}},"12":{"start":{"line":7,"column":28},"end":{"line":7,"column":61}},"13":{"start":{"line":7,"column":91},"end":{"line":7,"column":136}},"14":{"start":{"line":7,"column":175},"end":{"line":7,"column":229}},"15":{"start":{"line":9,"column":17},"end":{"line":15,"column":39}},"16":{"start":{"line":18,"column":18},"end":{"line":23,"column":1}},"17":{"start":{"line":19,"column":2},"end":{"line":21,"column":3}},"18":{"start":{"line":20,"column":4},"end":{"line":20,"column":22}},"19":{"start":{"line":22,"column":2},"end":{"line":22,"column":35}},"20":{"start":{"line":23,"column":2},"end":{"line":25,"column":12}}},"fnMap":{"0":{"name":"_interopRequireDefault","decl":{"start":{"line":7,"column":146},"end":{"line":7,"column":168}},"loc":{"start":{"line":7,"column":174},"end":{"line":7,"column":230}},"line":7},"1":{"name":"rootReducer","decl":{"start":{"line":18,"column":27},"end":{"line":18,"column":38}},"loc":{"start":{"line":18,"column":54},"end":{"line":23,"column":1}},"line":18}},"branchMap":{"0":{"loc":{"start":{"line":7,"column":182},"end":{"line":7,"column":228}},"type":"cond-expr","locations":[{"start":{"line":7,"column":206},"end":{"line":7,"column":209}},{"start":{"line":7,"column":212},"end":{"line":7,"column":228}}],"line":7},"1":{"loc":{"start":{"line":7,"column":182},"end":{"line":7,"column":203}},"type":"binary-expr","locations":[{"start":{"line":7,"column":182},"end":{"line":7,"column":185}},{"start":{"line":7,"column":189},"end":{"line":7,"column":203}}],"line":7},"2":{"loc":{"start":{"line":19,"column":2},"end":{"line":21,"column":3}},"type":"if","locations":[{"start":{"line":19,"column":2},"end":{"line":21,"column":3}},{"start":{"line":19,"column":2},"end":{"line":21,"column":3}}],"line":19}},"s":{"0":0,"1":0,"2":0,"3":0,"4":0,"5":0,"6":0,"7":0,"8":0,"9":0,"10":0,"11":0,"12":0,"13":0,"14":0,"15":0,"16":0,"17":0,"18":0,"19":0,"20":0},"f":{"0":0,"1":0},"b":{"0":[0,0],"1":[0,0],"2":[0,0]}}
,"/Users/andeladeveloper/repositories/PostIt/client/src/reducers/searchReducer.js": {"path":"/Users/andeladeveloper/repositories/PostIt/client/src/reducers/searchReducer.js","statementMap":{"0":{"start":{"line":3,"column":27},"end":{"line":5,"column":1}},"1":{"start":{"line":15,"column":2},"end":{"line":20,"column":3}},"2":{"start":{"line":17,"column":6},"end":{"line":17,"column":55}},"3":{"start":{"line":19,"column":6},"end":{"line":19,"column":19}}},"fnMap":{"0":{"name":"searchReducer","decl":{"start":{"line":14,"column":24},"end":{"line":14,"column":37}},"loc":{"start":{"line":14,"column":79},"end":{"line":21,"column":1}},"line":14}},"branchMap":{"0":{"loc":{"start":{"line":14,"column":38},"end":{"line":14,"column":64}},"type":"default-arg","locations":[{"start":{"line":14,"column":46},"end":{"line":14,"column":64}}],"line":14},"1":{"loc":{"start":{"line":14,"column":66},"end":{"line":14,"column":77}},"type":"default-arg","locations":[{"start":{"line":14,"column":75},"end":{"line":14,"column":77}}],"line":14},"2":{"loc":{"start":{"line":15,"column":2},"end":{"line":20,"column":3}},"type":"switch","locations":[{"start":{"line":16,"column":4},"end":{"line":17,"column":55}},{"start":{"line":18,"column":4},"end":{"line":19,"column":19}}],"line":15}},"s":{"0":1,"1":2,"2":1,"3":1},"f":{"0":2},"b":{"0":[0],"1":[0],"2":[1,1]},"_coverageSchema":"332fd63041d2c1bcb487cc26dd0d5f7d97098a6c","hash":"97da94bc50746d58dd43c3443e14e2a6d7f3c8a7"}
,"/Users/andeladeveloper/repositories/PostIt/client/src/reducers/userReducer.js": {"path":"/Users/andeladeveloper/repositories/PostIt/client/src/reducers/userReducer.js","statementMap":{"0":{"start":{"line":3,"column":21},"end":{"line":5,"column":1}},"1":{"start":{"line":16,"column":2},"end":{"line":21,"column":3}},"2":{"start":{"line":18,"column":6},"end":{"line":18,"column":53}},"3":{"start":{"line":20,"column":6},"end":{"line":20,"column":19}}},"fnMap":{"0":{"name":"userReducer","decl":{"start":{"line":15,"column":24},"end":{"line":15,"column":35}},"loc":{"start":{"line":15,"column":71},"end":{"line":22,"column":1}},"line":15}},"branchMap":{"0":{"loc":{"start":{"line":15,"column":36},"end":{"line":15,"column":56}},"type":"default-arg","locations":[{"start":{"line":15,"column":44},"end":{"line":15,"column":56}}],"line":15},"1":{"loc":{"start":{"line":15,"column":58},"end":{"line":15,"column":69}},"type":"default-arg","locations":[{"start":{"line":15,"column":67},"end":{"line":15,"column":69}}],"line":15},"2":{"loc":{"start":{"line":16,"column":2},"end":{"line":21,"column":3}},"type":"switch","locations":[{"start":{"line":17,"column":4},"end":{"line":18,"column":53}},{"start":{"line":19,"column":4},"end":{"line":20,"column":19}}],"line":16}},"s":{"0":1,"1":2,"2":1,"3":1},"f":{"0":2},"b":{"0":[0],"1":[0],"2":[1,1]},"_coverageSchema":"332fd63041d2c1bcb487cc26dd0d5f7d97098a6c","hash":"5b68ddb76cd59ca848ecbbc83ca2971e2def0cd1"}
,"/Users/andeladeveloper/repositories/PostIt/client/src/utils/setAuthorizationToken.js": {"path":"/Users/andeladeveloper/repositories/PostIt/client/src/utils/setAuthorizationToken.js","statementMap":{"0":{"start":{"line":10,"column":2},"end":{"line":14,"column":3}},"1":{"start":{"line":11,"column":4},"end":{"line":11,"column":60}},"2":{"start":{"line":13,"column":4},"end":{"line":13,"column":59}}},"fnMap":{"0":{"name":"setAuthorizationToken","decl":{"start":{"line":9,"column":24},"end":{"line":9,"column":45}},"loc":{"start":{"line":9,"column":53},"end":{"line":15,"column":1}},"line":9}},"branchMap":{"0":{"loc":{"start":{"line":10,"column":2},"end":{"line":14,"column":3}},"type":"if","locations":[{"start":{"line":10,"column":2},"end":{"line":14,"column":3}},{"start":{"line":10,"column":2},"end":{"line":14,"column":3}}],"line":10}},"s":{"0":2,"1":2,"2":0},"f":{"0":2},"b":{"0":[2,0]},"_coverageSchema":"332fd63041d2c1bcb487cc26dd0d5f7d97098a6c","hash":"8f4adaca23ee63979c0d9a5d21f60f56af91228c"}
}
