TN:
SF:/Users/andeladeveloper/repositories/PostIt/client/src/actions/actionTypes.js
FNF:0
FNH:0
DA:1,22
DA:2,22
DA:3,22
DA:4,22
DA:5,22
DA:6,22
DA:7,22
DA:8,22
DA:9,22
DA:10,22
DA:11,22
DA:12,22
LF:12
LH:12
BRF:0
BRH:0
end_of_record
TN:
SF:/Users/andeladeveloper/repositories/PostIt/client/src/actions/groupAction.js
FN:14,retrieveGroupsSuccess
FN:30,retrieveGroups
FN:31,(anonymous_2)
FN:33,(anonymous_3)
FN:36,(anonymous_4)
FN:50,createGroup
FN:51,(anonymous_6)
FN:53,(anonymous_7)
FN:58,(anonymous_8)
FN:73,activeGroupSuccess
FN:87,activeGroup
FN:88,(anonymous_11)
FNF:12
FNH:9
FNDA:3,retrieveGroupsSuccess
FNDA:2,retrieveGroups
FNDA:2,(anonymous_2)
FNDA:2,(anonymous_3)
FNDA:0,(anonymous_4)
FNDA:1,createGroup
FNDA:1,(anonymous_6)
FNDA:1,(anonymous_7)
FNDA:1,(anonymous_8)
FNDA:1,activeGroupSuccess
FNDA:0,activeGroup
FNDA:0,(anonymous_11)
DA:15,3
DA:31,2
DA:32,2
DA:34,2
DA:36,0
DA:51,1
DA:52,1
DA:54,1
DA:55,1
DA:56,0
DA:59,1
DA:60,0
DA:74,1
DA:88,0
DA:89,0
DA:90,0
LF:16
LH:10
BRDA:59,0,0,0
BRDA:59,0,1,1
BRF:2
BRH:1
end_of_record
TN:
SF:/Users/andeladeveloper/repositories/PostIt/client/src/actions/messageAction.js
FN:12,messageSuccess
FN:26,getMessageSuccess
FN:40,getMessages
FN:41,(anonymous_3)
FN:43,(anonymous_4)
FN:46,(anonymous_5)
FN:58,postMessage
FN:59,(anonymous_7)
FN:61,(anonymous_8)
FN:64,(anonymous_9)
FNF:10
FNH:8
FNDA:1,messageSuccess
FNDA:3,getMessageSuccess
FNDA:2,getMessages
FNDA:2,(anonymous_3)
FNDA:2,(anonymous_4)
FNDA:0,(anonymous_5)
FNDA:1,postMessage
FNDA:1,(anonymous_7)
FNDA:1,(anonymous_8)
FNDA:0,(anonymous_9)
DA:13,1
DA:27,3
DA:41,2
DA:42,2
DA:44,2
DA:46,0
DA:59,1
DA:60,1
DA:62,1
DA:64,0
LF:10
LH:8
BRF:0
BRH:0
end_of_record
TN:
SF:/Users/andeladeveloper/repositories/PostIt/client/src/actions/resetPasswordAction.js
FN:13,passwordResetLinkSuccess
FN:28,passwordResetLink
FN:29,(anonymous_2)
FN:32,(anonymous_3)
FN:36,(anonymous_4)
FN:49,resetPasswordSuccess
FN:65,resetPassword
FN:66,(anonymous_7)
FN:69,(anonymous_8)
FN:74,(anonymous_9)
FNF:10
FNH:0
FNDA:0,passwordResetLinkSuccess
FNDA:0,passwordResetLink
FNDA:0,(anonymous_2)
FNDA:0,(anonymous_3)
FNDA:0,(anonymous_4)
FNDA:0,resetPasswordSuccess
FNDA:0,resetPassword
FNDA:0,(anonymous_7)
FNDA:0,(anonymous_8)
FNDA:0,(anonymous_9)
DA:14,0
DA:29,0
DA:30,0
DA:33,0
DA:34,0
DA:37,0
DA:38,0
DA:50,0
DA:66,0
DA:67,0
DA:70,0
DA:71,0
DA:72,0
DA:75,0
DA:76,0
LF:15
LH:0
BRDA:37,0,0,0
BRDA:37,0,1,0
BRDA:75,1,0,0
BRDA:75,1,1,0
BRF:4
BRH:0
end_of_record
TN:
SF:/Users/andeladeveloper/repositories/PostIt/client/src/actions/searchAction.js
FN:10,searchUsersSuccess
FN:26,searchUsers
FN:29,(anonymous_2)
FN:31,(anonymous_3)
FN:34,(anonymous_4)
FNF:5
FNH:4
FNDA:2,searchUsersSuccess
FNDA:1,searchUsers
FNDA:1,(anonymous_2)
FNDA:1,(anonymous_3)
FNDA:0,(anonymous_4)
DA:11,2
DA:27,1
DA:28,1
DA:29,1
DA:30,1
DA:32,1
DA:34,0
LF:7
LH:6
BRDA:27,0,0,1
BRDA:27,0,1,1
BRDA:28,1,0,1
BRDA:28,1,1,1
BRF:4
BRH:4
end_of_record
TN:
SF:/Users/andeladeveloper/repositories/PostIt/client/src/actions/userAction.js
FN:10,addUserSuccess
FN:25,addUser
FN:26,(anonymous_2)
FN:28,(anonymous_3)
FN:33,(anonymous_4)
FNF:5
FNH:5
FNDA:2,addUserSuccess
FNDA:1,addUser
FNDA:1,(anonymous_2)
FNDA:1,(anonymous_3)
FNDA:1,(anonymous_4)
DA:11,2
DA:26,1
DA:27,1
DA:29,1
DA:30,1
DA:31,1
DA:34,1
DA:35,0
LF:8
LH:7
BRDA:34,0,0,0
BRDA:34,0,1,1
BRF:2
BRH:1
end_of_record
TN:
SF:/Users/andeladeveloper/repositories/PostIt/client/src/actions/auth/signinAction.js
FN:14,signinSuccess
FN:27,signoutSuccess
FN:41,signinAction
FN:42,(anonymous_3)
FN:44,(anonymous_4)
FN:51,(anonymous_5)
FN:64,signoutUser
FN:65,(anonymous_7)
FNF:8
FNH:5
FNDA:2,signinSuccess
FNDA:2,signoutSuccess
FNDA:1,signinAction
FNDA:1,(anonymous_3)
FNDA:1,(anonymous_4)
FNDA:0,(anonymous_5)
FNDA:0,signoutUser
FNDA:0,(anonymous_7)
DA:15,2
DA:28,2
DA:42,1
DA:43,1
DA:45,1
DA:46,1
DA:47,1
DA:48,1
DA:49,1
DA:52,0
DA:53,0
DA:65,0
DA:66,0
DA:67,0
DA:68,0
LF:15
LH:9
BRDA:52,0,0,0
BRDA:52,0,1,0
BRF:2
BRH:0
end_of_record
TN:
SF:/Users/andeladeveloper/repositories/PostIt/client/src/actions/auth/signupAction.js
FN:15,setCurrentUser
FN:29,signupAction
FN:30,(anonymous_2)
FN:32,(anonymous_3)
FN:40,(anonymous_4)
FNF:5
FNH:4
FNDA:2,setCurrentUser
FNDA:1,signupAction
FNDA:1,(anonymous_2)
FNDA:1,(anonymous_3)
FNDA:0,(anonymous_4)
DA:16,2
DA:30,1
DA:31,1
DA:33,1
DA:34,1
DA:35,1
DA:36,1
DA:37,1
DA:38,1
DA:40,0
LF:10
LH:9
BRF:0
BRH:0
end_of_record
TN:
SF:/Users/andeladeveloper/repositories/PostIt/client/src/components/AccountPage.jsx
FN:16,(anonymous_0)
FN:25,(anonymous_1)
FNF:2
FNH:2
FNDA:1,(anonymous_0)
FNDA:1,(anonymous_1)
DA:17,1
DA:26,1
LF:2
LH:2
BRF:0
BRH:0
end_of_record
TN:
SF:/Users/andeladeveloper/repositories/PostIt/client/src/components/Footer.jsx
FN:5,(anonymous_0)
FNF:1
FNH:1
FNDA:1,(anonymous_0)
DA:5,2
DA:6,1
LF:2
LH:2
BRF:0
BRH:0
end_of_record
TN:
SF:/Users/andeladeveloper/repositories/PostIt/client/src/components/IndexPage.jsx
FN:18,(anonymous_0)
FN:27,(anonymous_1)
FNF:2
FNH:2
FNDA:1,(anonymous_0)
FNDA:1,(anonymous_1)
DA:19,1
DA:20,1
DA:28,1
LF:3
LH:3
BRF:0
BRH:0
end_of_record
TN:
SF:/Users/andeladeveloper/repositories/PostIt/client/src/components/Common/InputField.jsx
FN:12,(anonymous_0)
FNF:1
FNH:1
FNDA:40,(anonymous_0)
DA:12,9
DA:15,40
DA:30,9
DA:43,9
LF:4
LH:4
BRF:0
BRH:0
end_of_record
TN:
SF:/Users/andeladeveloper/repositories/PostIt/client/src/components/Dashboard/Dashboard.jsx
FN:17,(anonymous_0)
FN:37,(anonymous_1)
FNF:2
FNH:1
FNDA:2,(anonymous_0)
FNDA:0,(anonymous_1)
DA:18,2
DA:37,1
LF:2
LH:2
BRDA:21,0,0,2
BRDA:21,0,1,1
BRDA:22,1,0,2
BRDA:22,1,1,1
BRF:4
BRH:4
end_of_record
TN:
SF:/Users/andeladeveloper/repositories/PostIt/client/src/components/Dashboard/Sidebar.jsx
FN:26,(anonymous_0)
FN:46,(anonymous_1)
FN:63,(anonymous_2)
FN:84,(anonymous_3)
FN:100,(anonymous_4)
FN:117,(anonymous_5)
FN:128,(anonymous_6)
FN:148,(anonymous_7)
FNF:8
FNH:7
FNDA:1,(anonymous_0)
FNDA:1,(anonymous_1)
FNDA:1,(anonymous_2)
FNDA:1,(anonymous_3)
FNDA:1,(anonymous_4)
FNDA:1,(anonymous_5)
FNDA:3,(anonymous_6)
FNDA:0,(anonymous_7)
DA:27,1
DA:28,1
DA:33,1
DA:34,1
DA:35,1
DA:36,1
DA:47,1
DA:48,1
DA:49,1
DA:64,1
DA:65,1
DA:66,1
DA:85,1
DA:86,1
DA:101,1
DA:118,1
DA:119,1
DA:129,3
DA:144,2
DA:148,2
LF:20
LH:20
BRF:0
BRH:0
end_of_record
TN:
SF:/Users/andeladeveloper/repositories/PostIt/client/src/components/Dashboard/Group/Group.jsx
FN:13,(anonymous_0)
FN:29,(anonymous_1)
FNF:2
FNH:2
FNDA:3,(anonymous_0)
FNDA:3,(anonymous_1)
DA:13,2
DA:14,3
DA:29,3
DA:99,2
LF:4
LH:4
BRDA:29,0,0,3
BRDA:29,0,1,3
BRF:2
BRH:2
end_of_record
TN:
SF:/Users/andeladeveloper/repositories/PostIt/client/src/components/Dashboard/Group/GroupDescription.jsx
FN:3,(anonymous_0)
FNF:1
FNH:1
FNDA:1,(anonymous_0)
DA:3,3
DA:4,1
LF:2
LH:2
BRF:0
BRH:0
end_of_record
TN:
SF:/Users/andeladeveloper/repositories/PostIt/client/src/components/Dashboard/Group/GroupList.jsx
FN:12,(anonymous_0)
FN:21,(anonymous_1)
FNF:2
FNH:2
FNDA:4,(anonymous_0)
FNDA:1,(anonymous_1)
DA:12,3
DA:13,4
DA:21,1
LF:3
LH:3
BRDA:17,0,0,4
BRDA:17,0,1,0
BRF:2
BRH:1
end_of_record
TN:
SF:/Users/andeladeveloper/repositories/PostIt/client/src/components/Dashboard/Message/MessageBoard.jsx
FN:10,(anonymous_0)
FN:16,(anonymous_1)
FNF:2
FNH:2
FNDA:5,(anonymous_0)
FNDA:10,(anonymous_1)
DA:10,2
DA:11,5
DA:17,10
LF:3
LH:3
BRDA:14,0,0,5
BRDA:14,0,1,5
BRF:2
BRH:2
end_of_record
TN:
SF:/Users/andeladeveloper/repositories/PostIt/client/src/components/Dashboard/Message/PostMessage.jsx
FN:12,(anonymous_0)
FNF:1
FNH:1
FNDA:5,(anonymous_0)
DA:12,2
DA:13,5
DA:67,2
LF:3
LH:3
BRF:0
BRH:0
end_of_record
TN:
SF:/Users/andeladeveloper/repositories/PostIt/client/src/components/Dashboard/Message/PostMessageContainer.jsx
FN:23,(anonymous_0)
FN:45,(anonymous_1)
FN:61,(anonymous_2)
FN:78,(anonymous_3)
FN:94,(anonymous_4)
FN:108,(anonymous_5)
FNF:6
FNH:5
FNDA:1,(anonymous_0)
FNDA:1,(anonymous_1)
FNDA:1,(anonymous_2)
FNDA:1,(anonymous_3)
FNDA:5,(anonymous_4)
FNDA:0,(anonymous_5)
DA:24,1
DA:25,1
DA:29,1
DA:30,1
DA:31,1
DA:46,1
DA:62,1
DA:79,1
DA:80,1
DA:81,1
DA:82,1
DA:95,5
DA:108,2
LF:13
LH:13
BRF:0
BRH:0
end_of_record
TN:
SF:/Users/andeladeveloper/repositories/PostIt/client/src/components/Dashboard/Users/AddUsers.jsx
FN:11,(anonymous_0)
FN:31,(anonymous_1)
FNF:2
FNH:1
FNDA:2,(anonymous_0)
FNDA:0,(anonymous_1)
DA:11,3
DA:12,2
DA:31,0
LF:3
LH:2
BRDA:31,0,0,2
BRDA:31,0,1,0
BRF:2
BRH:1
end_of_record
TN:
SF:/Users/andeladeveloper/repositories/PostIt/client/src/components/Dashboard/Users/AddUsersContainer.jsx
FN:23,(anonymous_0)
FN:44,(anonymous_1)
FN:65,(anonymous_2)
FN:68,(anonymous_3)
FN:82,(anonymous_4)
FN:101,(anonymous_5)
FN:106,(anonymous_6)
FN:117,(anonymous_7)
FN:130,(anonymous_8)
FNF:9
FNH:3
FNDA:1,(anonymous_0)
FNDA:0,(anonymous_1)
FNDA:0,(anonymous_2)
FNDA:0,(anonymous_3)
FNDA:1,(anonymous_4)
FNDA:0,(anonymous_5)
FNDA:0,(anonymous_6)
FNDA:1,(anonymous_7)
FNDA:0,(anonymous_8)
DA:24,1
DA:25,1
DA:30,1
DA:31,1
DA:32,1
DA:33,1
DA:49,0
DA:50,0
DA:51,0
DA:66,0
DA:68,0
DA:83,1
DA:86,1
DA:87,1
DA:102,0
DA:103,0
DA:104,0
DA:107,0
DA:118,1
DA:130,2
LF:20
LH:11
BRDA:50,0,0,0
BRDA:50,0,1,0
BRF:2
BRH:0
end_of_record
TN:
SF:/Users/andeladeveloper/repositories/PostIt/client/src/components/Header/AuthNavBar.jsx
FN:17,(anonymous_0)
FN:45,(anonymous_1)
FNF:2
FNH:1
FNDA:1,(anonymous_0)
FNDA:0,(anonymous_1)
DA:18,1
DA:45,2
LF:2
LH:2
BRDA:24,0,0,1
BRDA:24,0,1,1
BRF:2
BRH:2
end_of_record
TN:
SF:/Users/andeladeveloper/repositories/PostIt/client/src/components/Header/NavBar.jsx
FN:12,(anonymous_0)
FNF:1
FNH:1
FNDA:1,(anonymous_0)
DA:12,2
DA:13,1
LF:2
LH:2
BRF:0
BRH:0
end_of_record
TN:
SF:/Users/andeladeveloper/repositories/PostIt/client/src/components/Header/index.jsx
FN:17,(anonymous_0)
FN:27,(anonymous_1)
FNF:2
FNH:1
FNDA:2,(anonymous_0)
FNDA:0,(anonymous_1)
DA:17,1
DA:18,2
DA:27,1
LF:3
LH:3
BRDA:19,0,0,2
BRDA:19,0,1,1
BRDA:20,1,0,2
BRDA:20,1,1,2
BRF:4
BRH:4
end_of_record
TN:
SF:/Users/andeladeveloper/repositories/PostIt/client/src/components/ResetPassword/ForgotPassword.jsx
FN:11,(anonymous_0)
FNF:1
FNH:1
FNDA:4,(anonymous_0)
DA:11,1
DA:12,4
LF:2
LH:2
BRF:0
BRH:0
end_of_record
TN:
SF:/Users/andeladeveloper/repositories/PostIt/client/src/components/ResetPassword/ForgotPasswordContainer.jsx
FN:23,(anonymous_0)
FN:44,(anonymous_1)
FN:63,(anonymous_2)
FN:76,(anonymous_3)
FNF:4
FNH:4
FNDA:1,(anonymous_0)
FNDA:1,(anonymous_1)
FNDA:1,(anonymous_2)
FNDA:4,(anonymous_3)
DA:24,1
DA:25,1
DA:29,1
DA:30,1
DA:45,1
DA:46,1
DA:47,1
DA:64,1
DA:65,1
DA:77,4
LF:10
LH:10
BRF:0
BRH:0
end_of_record
TN:
SF:/Users/andeladeveloper/repositories/PostIt/client/src/components/ResetPassword/ResetPassword.jsx
FN:11,(anonymous_0)
FNF:1
FNH:1
FNDA:3,(anonymous_0)
DA:11,1
DA:12,3
LF:2
LH:2
BRF:0
BRH:0
end_of_record
TN:
SF:/Users/andeladeveloper/repositories/PostIt/client/src/components/ResetPassword/ResetPasswordContainer.jsx
FN:23,(anonymous_0)
FN:45,(anonymous_1)
FN:61,(anonymous_2)
FN:71,(anonymous_3)
FNF:4
FNH:4
FNDA:1,(anonymous_0)
FNDA:1,(anonymous_1)
FNDA:1,(anonymous_2)
FNDA:3,(anonymous_3)
DA:24,1
DA:25,1
DA:30,1
DA:31,1
DA:46,1
DA:62,1
DA:63,1
DA:64,1
DA:72,3
LF:9
LH:9
BRF:0
BRH:0
end_of_record
TN:
SF:/Users/andeladeveloper/repositories/PostIt/client/src/components/Signin/Signin.jsx
FN:13,(anonymous_0)
FNF:1
FNH:1
FNDA:3,(anonymous_0)
DA:13,2
DA:14,3
DA:69,2
LF:3
LH:3
BRF:0
BRH:0
end_of_record
TN:
SF:/Users/andeladeveloper/repositories/PostIt/client/src/components/Signin/SigninContainer.jsx
FN:22,(anonymous_0)
FN:43,(anonymous_1)
FN:67,(anonymous_2)
FN:99,(anonymous_3)
FN:116,(anonymous_4)
FN:125,(anonymous_5)
FNF:6
FNH:4
FNDA:1,(anonymous_0)
FNDA:0,(anonymous_1)
FNDA:0,(anonymous_2)
FNDA:1,(anonymous_3)
FNDA:1,(anonymous_4)
FNDA:3,(anonymous_5)
DA:23,1
DA:24,1
DA:29,1
DA:30,1
DA:31,1
DA:32,1
DA:44,0
DA:45,0
DA:47,0
DA:50,0
DA:52,0
DA:55,0
DA:68,0
DA:69,0
DA:70,0
DA:72,0
DA:73,0
DA:77,0
DA:79,0
DA:80,0
DA:84,0
DA:100,1
DA:101,1
DA:117,1
DA:118,1
DA:126,3
DA:138,2
LF:27
LH:12
BRDA:45,0,0,0
BRDA:45,0,1,0
BRDA:45,0,2,0
BRDA:70,1,0,0
BRDA:70,1,1,0
BRDA:70,1,2,0
BRDA:72,2,0,0
BRDA:72,2,1,0
BRDA:79,3,0,0
BRDA:79,3,1,0
BRF:10
BRH:0
end_of_record
TN:
SF:/Users/andeladeveloper/repositories/PostIt/client/src/components/Signup/Signup.jsx
FN:12,(anonymous_0)
FNF:1
FNH:1
FNDA:3,(anonymous_0)
DA:12,2
DA:13,3
DA:96,2
LF:3
LH:3
BRF:0
BRH:0
end_of_record
TN:
SF:/Users/andeladeveloper/repositories/PostIt/client/src/components/Signup/SignupContainer.jsx
FN:23,(anonymous_0)
FN:47,(anonymous_1)
FN:60,(anonymous_2)
FN:93,(anonymous_3)
FN:107,(anonymous_4)
FN:116,(anonymous_5)
FNF:6
FNH:4
FNDA:1,(anonymous_0)
FNDA:0,(anonymous_1)
FNDA:0,(anonymous_2)
FNDA:1,(anonymous_3)
FNDA:1,(anonymous_4)
FNDA:3,(anonymous_5)
DA:24,1
DA:25,1
DA:34,1
DA:35,1
DA:36,1
DA:37,1
DA:48,0
DA:61,0
DA:62,0
DA:63,0
DA:64,0
DA:65,0
DA:67,0
DA:68,0
DA:71,0
DA:72,0
DA:75,0
DA:76,0
DA:79,0
DA:94,1
DA:108,1
DA:109,1
DA:117,3
DA:129,2
LF:24
LH:11
BRDA:67,0,0,0
BRDA:67,0,1,0
BRDA:67,1,0,0
BRDA:67,1,1,0
BRDA:71,2,0,0
BRDA:71,2,1,0
BRDA:71,3,0,0
BRDA:71,3,1,0
BRDA:75,4,0,0
BRDA:75,4,1,0
BRF:10
BRH:0
end_of_record
TN:
SF:/Users/andeladeveloper/repositories/PostIt/client/src/reducers/authReducer.js
FN:15,authReducer
FNF:1
FNH:1
FNDA:3,authReducer
DA:3,1
DA:16,3
DA:18,1
DA:23,1
DA:28,1
LF:5
LH:5
BRDA:15,0,0,0
BRDA:15,1,0,0
BRDA:16,2,0,1
BRDA:16,2,1,1
BRDA:16,2,2,1
BRF:5
BRH:3
end_of_record
TN:
SF:/Users/andeladeveloper/repositories/PostIt/client/src/reducers/groupReducer.js
FN:14,groupReducer
FNF:1
FNH:1
FNDA:3,groupReducer
DA:3,1
DA:15,3
DA:17,1
DA:20,1
DA:23,1
LF:5
LH:5
BRDA:14,0,0,0
BRDA:14,1,0,0
BRDA:15,2,0,1
BRDA:15,2,1,1
BRDA:15,2,2,1
BRF:5
BRH:3
end_of_record
TN:
SF:/Users/andeladeveloper/repositories/PostIt/client/src/reducers/messageReducer.js
FN:15,messageReducer
FNF:1
FNH:1
FNDA:3,messageReducer
DA:3,1
DA:16,3
DA:18,1
DA:20,1
DA:22,1
LF:5
LH:5
BRDA:15,0,0,0
BRDA:15,1,0,0
BRDA:16,2,0,1
BRDA:16,2,1,1
BRDA:16,2,2,1
BRF:5
BRH:3
end_of_record
TN:
SF:/Users/andeladeveloper/repositories/PostIt/client/src/reducers/resetPasswordReducer.js
FN:17,resetPasswordReducer
FNF:1
FNH:1
FNDA:3,resetPasswordReducer
DA:3,1
DA:18,3
DA:20,1
DA:25,1
DA:29,1
LF:5
LH:5
BRDA:17,0,0,0
BRDA:17,1,0,0
BRDA:18,2,0,1
BRDA:18,2,1,1
BRDA:18,2,2,1
BRF:5
BRH:3
end_of_record
TN:
SF:/Users/andeladeveloper/repositories/PostIt/client/src/reducers/rootReducer.js
FN:7,_interopRequireDefault
FN:18,rootReducer
FNF:2
FNH:0
FNDA:0,_interopRequireDefault
FNDA:0,rootReducer
DA:1,0
DA:2,0
DA:3,0
DA:4,0
DA:5,0
DA:6,0
DA:7,0
DA:9,0
DA:18,0
DA:19,0
DA:20,0
DA:22,0
DA:23,0
LF:13
LH:0
BRDA:7,0,0,0
BRDA:7,0,1,0
BRDA:7,1,0,0
BRDA:7,1,1,0
BRDA:19,2,0,0
BRDA:19,2,1,0
BRF:6
BRH:0
end_of_record
TN:
SF:/Users/andeladeveloper/repositories/PostIt/client/src/reducers/searchReducer.js
FN:14,searchReducer
FNF:1
FNH:1
FNDA:2,searchReducer
DA:3,1
DA:15,2
DA:17,1
DA:19,1
LF:4
LH:4
BRDA:14,0,0,0
BRDA:14,1,0,0
BRDA:15,2,0,1
BRDA:15,2,1,1
BRF:4
BRH:2
end_of_record
TN:
SF:/Users/andeladeveloper/repositories/PostIt/client/src/reducers/userReducer.js
FN:15,userReducer
FNF:1
FNH:1
FNDA:2,userReducer
DA:3,1
DA:16,2
DA:18,1
DA:20,1
LF:4
LH:4
BRDA:15,0,0,0
BRDA:15,1,0,0
BRDA:16,2,0,1
BRDA:16,2,1,1
BRF:4
BRH:2
end_of_record
TN:
SF:/Users/andeladeveloper/repositories/PostIt/client/src/utils/setAuthorizationToken.js
FN:9,setAuthorizationToken
FNF:1
FNH:1
FNDA:2,setAuthorizationToken
DA:10,2
DA:11,2
DA:13,0
LF:3
LH:2
BRDA:10,0,0,2
BRDA:10,0,1,0
BRF:2
BRH:1
end_of_record
