TN:
SF:C:\Users\Mba\version-control\postit\index.js
FNF:0
FNH:0
DA:2,1
DA:3,1
DA:4,1
DA:7,1
DA:10,1
DA:13,1
DA:14,1
DA:17,1
DA:24,1
LF:9
LH:9
BRF:0
BRH:0
end_of_record
TN:
SF:C:\Users\Mba\version-control\postit\server\routes\index.js
FNF:0
FNH:0
DA:1,1
DA:2,1
DA:3,1
DA:4,1
DA:5,1
DA:7,1
DA:8,1
DA:12,1
DA:17,1
DA:20,1
DA:22,1
DA:24,1
DA:27,1
DA:30,1
DA:33,1
LF:15
LH:15
BRF:0
BRH:0
end_of_record
TN:
SF:C:\Users\Mba\version-control\postit\server\controllers\userController.js
FN:6,(anonymous_1)
FN:51,(anonymous_2)
FNF:2
FNH:1
FNDA:1,(anonymous_1)
FNDA:0,(anonymous_2)
DA:1,1
DA:2,1
DA:3,1
DA:5,1
DA:7,1
DA:8,1
DA:9,0
DA:10,0
DA:11,0
DA:12,0
DA:14,0
DA:22,0
DA:23,0
DA:24,0
DA:25,0
DA:26,0
DA:27,0
DA:28,0
DA:29,0
DA:38,0
DA:40,0
DA:46,0
DA:48,0
DA:53,0
DA:55,0
DA:56,0
DA:59,0
DA:60,0
DA:61,0
DA:63,0
DA:66,0
DA:72,0
LF:32
LH:6
BRDA:7,1,0,1
BRDA:7,1,1,0
BRDA:9,2,0,0
BRDA:9,2,1,0
BRDA:11,3,0,0
BRDA:11,3,1,0
BRDA:28,4,0,0
BRDA:28,4,1,0
BRDA:55,5,0,0
BRDA:55,5,1,0
BRDA:60,6,0,0
BRDA:60,6,1,0
BRF:12
BRH:1
end_of_record
TN:
SF:C:\Users\Mba\version-control\postit\server\models\index.js
FNF:0
FNH:0
DA:1,1
DA:2,1
DA:3,1
DA:5,1
DA:6,1
DA:7,1
DA:9,1
DA:10,1
DA:11,1
DA:12,0
DA:14,1
DA:17,1
DA:19,8
DA:21,7
DA:22,7
DA:25,1
DA:26,7
DA:27,0
DA:31,1
DA:32,1
DA:34,1
LF:21
LH:19
BRDA:6,1,0,1
BRDA:6,1,1,1
BRDA:11,2,0,0
BRDA:11,2,1,1
BRDA:19,3,0,8
BRDA:19,3,1,8
BRDA:19,3,2,7
BRDA:26,4,0,0
BRDA:26,4,1,7
BRF:9
BRH:7
end_of_record
TN:
SF:C:\Users\Mba\version-control\postit\server\models\deletedgroup.js
FNF:0
FNH:0
DA:1,1
DA:2,1
DA:10,0
DA:16,1
LF:4
LH:3
BRF:0
BRH:0
end_of_record
TN:
SF:C:\Users\Mba\version-control\postit\server\models\deletedmessage.js
FNF:0
FNH:0
DA:1,1
DA:2,1
DA:10,0
DA:16,1
LF:4
LH:3
BRF:0
BRH:0
end_of_record
TN:
SF:C:\Users\Mba\version-control\postit\server\models\group.js
FNF:0
FNH:0
DA:1,1
DA:2,1
DA:16,0
DA:19,0
DA:22,0
DA:28,1
LF:6
LH:3
BRF:0
BRH:0
end_of_record
TN:
SF:C:\Users\Mba\version-control\postit\server\models\message.js
FNF:0
FNH:0
DA:1,1
DA:2,1
DA:18,0
DA:21,0
DA:24,0
DA:27,0
DA:33,1
LF:7
LH:3
BRF:0
BRH:0
end_of_record
TN:
SF:C:\Users\Mba\version-control\postit\server\models\readmessage.js
FNF:0
FNH:0
DA:1,1
DA:2,1
DA:10,0
DA:16,1
LF:4
LH:3
BRF:0
BRH:0
end_of_record
TN:
SF:C:\Users\Mba\version-control\postit\server\models\user.js
FNF:0
FNH:0
DA:1,1
DA:3,1
DA:4,1
DA:43,0
DA:46,0
DA:53,0
DA:54,0
DA:58,1
LF:8
LH:4
BRF:0
BRH:0
end_of_record
TN:
SF:C:\Users\Mba\version-control\postit\server\models\usergroup.js
FNF:0
FNH:0
DA:1,1
DA:2,1
DA:14,0
DA:17,0
DA:23,1
LF:5
LH:3
BRF:0
BRH:0
end_of_record
TN:
SF:C:\Users\Mba\version-control\postit\server\controllers\groupController.js
FN:5,(anonymous_1)
FNF:1
FNH:0
FNDA:0,(anonymous_1)
DA:1,1
DA:3,1
DA:6,0
DA:7,0
DA:9,0
DA:13,0
DA:14,0
DA:15,0
DA:16,0
DA:17,0
DA:25,0
DA:27,0
DA:29,0
LF:13
LH:2
BRDA:6,1,0,0
BRDA:6,1,1,0
BRDA:16,2,0,0
BRDA:16,2,1,0
BRF:4
BRH:0
end_of_record
TN:
SF:C:\Users\Mba\version-control\postit\server\controllers\usergroupController.js
FN:5,(anonymous_1)
FNF:1
FNH:0
FNDA:0,(anonymous_1)
DA:1,1
DA:3,1
DA:6,0
DA:11,0
DA:12,0
DA:14,0
DA:16,0
LF:7
LH:2
BRDA:11,1,0,0
BRDA:11,1,1,0
BRF:2
BRH:0
end_of_record
TN:
SF:C:\Users\Mba\version-control\postit\server\controllers\messageController.js
FN:6,(anonymous_1)
FN:25,(anonymous_2)
FNF:2
FNH:0
FNDA:0,(anonymous_1)
FNDA:0,(anonymous_2)
DA:2,1
DA:4,1
DA:7,0
DA:8,0
DA:10,0
DA:16,0
DA:17,0
DA:19,0
DA:21,0
DA:26,0
DA:31,0
DA:33,0
LF:12
LH:2
BRDA:7,1,0,0
BRDA:7,1,1,0
BRDA:7,2,0,0
BRDA:7,2,1,0
BRDA:16,3,0,0
BRDA:16,3,1,0
BRF:6
BRH:0
end_of_record
TN:
SF:C:\Users\Mba\version-control\postit\server\middleware\authenticate.js
FN:5,(anonymous_1)
FNF:1
FNH:1
FNDA:1,(anonymous_1)
DA:1,1
DA:3,1
DA:6,1
DA:7,1
DA:9,0
DA:10,0
DA:11,0
DA:13,0
DA:14,0
DA:18,1
LF:10
LH:5
BRDA:6,1,0,1
BRDA:6,1,1,1
BRDA:6,1,2,1
BRDA:7,2,0,0
BRDA:7,2,1,1
BRDA:10,3,0,0
BRDA:10,3,1,0
BRF:7
BRH:4
end_of_record
